[Sun Nov 15 10:40:30 2020] [warn] Init: Session Cache is not configured [hint: SSLSessionCache]
[Sun Nov 15 10:40:32 2020] [warn] pid file C:/MAMP/bin/apache/logs/httpd.pid overwritten -- Unclean shutdown of previous Apache run?
[Sun Nov 15 10:40:32 2020] [notice] Digest: generating secret for digest authentication ...
[Sun Nov 15 10:40:32 2020] [notice] Digest: done
[Sun Nov 15 10:40:33 2020] [notice] Apache/2.2.31 (Win32) DAV/2 mod_ssl/2.2.31 OpenSSL/1.0.2h mod_fcgid/2.3.9 mod_wsgi/3.4 Python/2.7.6 PHP/7.4.1 mod_perl/2.0.8 Perl/v5.16.3 configured -- resuming normal operations
[Sun Nov 15 10:40:33 2020] [notice] Server built: May  6 2016 10:19:53
[Sun Nov 15 10:40:33 2020] [notice] Parent: Created child process 18628
[Sun Nov 15 10:40:34 2020] [warn] Init: Session Cache is not configured [hint: SSLSessionCache]
[Sun Nov 15 10:40:35 2020] [notice] Digest: generating secret for digest authentication ...
[Sun Nov 15 10:40:35 2020] [notice] Digest: done
[Sun Nov 15 10:40:36 2020] [notice] Child 18628: Child process is running
[Sun Nov 15 10:40:40 2020] [notice] Child 18628: Acquired the start mutex.
[Sun Nov 15 10:40:40 2020] [notice] Child 18628: Starting 64 worker threads.
[Sun Nov 15 10:40:40 2020] [notice] Child 18628: Starting thread to listen on port 81.
[Sun Nov 15 10:40:56 2020] [error] [client 127.0.0.1] File does not exist: C:/MAMP/htdocs/docs-assets, referer: http://localhost:81/MAMP/
[Thu Dec 24 14:56:44 2020] [warn] Init: Session Cache is not configured [hint: SSLSessionCache]
[Thu Dec 24 14:56:45 2020] [warn] pid file C:/MAMP/bin/apache/logs/httpd.pid overwritten -- Unclean shutdown of previous Apache run?
[Thu Dec 24 14:56:45 2020] [notice] Digest: generating secret for digest authentication ...
[Thu Dec 24 14:56:45 2020] [notice] Digest: done
[Thu Dec 24 14:56:49 2020] [notice] Apache/2.2.31 (Win32) DAV/2 mod_ssl/2.2.31 OpenSSL/1.0.2h mod_fcgid/2.3.9 mod_wsgi/3.4 Python/2.7.6 PHP/7.4.1 mod_perl/2.0.8 Perl/v5.16.3 configured -- resuming normal operations
[Thu Dec 24 14:56:49 2020] [notice] Server built: May  6 2016 10:19:53
[Thu Dec 24 14:56:49 2020] [notice] Parent: Created child process 14980
[Thu Dec 24 14:56:49 2020] [warn] Init: Session Cache is not configured [hint: SSLSessionCache]
[Thu Dec 24 14:56:50 2020] [notice] Digest: generating secret for digest authentication ...
[Thu Dec 24 14:56:50 2020] [notice] Digest: done
[Thu Dec 24 14:56:51 2020] [notice] Child 14980: Child process is running
[Thu Dec 24 14:56:53 2020] [notice] Child 14980: Acquired the start mutex.
[Thu Dec 24 14:56:53 2020] [notice] Child 14980: Starting 64 worker threads.
[Thu Dec 24 14:56:53 2020] [notice] Child 14980: Starting thread to listen on port 81.
[Thu Dec 24 14:58:09 2020] [warn] Init: Session Cache is not configured [hint: SSLSessionCache]
[Thu Dec 24 14:58:10 2020] [warn] pid file C:/MAMP/bin/apache/logs/httpd.pid overwritten -- Unclean shutdown of previous Apache run?
[Thu Dec 24 14:58:10 2020] [notice] Digest: generating secret for digest authentication ...
[Thu Dec 24 14:58:10 2020] [notice] Digest: done
[Thu Dec 24 14:58:11 2020] [notice] Apache/2.2.31 (Win32) DAV/2 mod_ssl/2.2.31 OpenSSL/1.0.2h mod_fcgid/2.3.9 mod_wsgi/3.4 Python/2.7.6 PHP/7.4.1 mod_perl/2.0.8 Perl/v5.16.3 configured -- resuming normal operations
[Thu Dec 24 14:58:11 2020] [notice] Server built: May  6 2016 10:19:53
[Thu Dec 24 14:58:11 2020] [notice] Parent: Created child process 3104
[Thu Dec 24 14:58:11 2020] [warn] Init: Session Cache is not configured [hint: SSLSessionCache]
[Thu Dec 24 14:58:12 2020] [notice] Digest: generating secret for digest authentication ...
[Thu Dec 24 14:58:12 2020] [notice] Digest: done
[Thu Dec 24 14:58:13 2020] [notice] Child 3104: Child process is running
[Thu Dec 24 14:58:13 2020] [notice] Child 3104: Acquired the start mutex.
[Thu Dec 24 14:58:13 2020] [notice] Child 3104: Starting 64 worker threads.
[Thu Dec 24 14:58:13 2020] [notice] Child 3104: Starting thread to listen on port 81.
[Thu Dec 24 14:58:30 2020] [warn] Init: Session Cache is not configured [hint: SSLSessionCache]
[Thu Dec 24 14:58:31 2020] [warn] pid file C:/MAMP/bin/apache/logs/httpd.pid overwritten -- Unclean shutdown of previous Apache run?
[Thu Dec 24 14:58:31 2020] [notice] Digest: generating secret for digest authentication ...
[Thu Dec 24 14:58:31 2020] [notice] Digest: done
[Thu Dec 24 14:58:32 2020] [notice] Apache/2.2.31 (Win32) DAV/2 mod_ssl/2.2.31 OpenSSL/1.0.2h mod_fcgid/2.3.9 mod_wsgi/3.4 Python/2.7.6 PHP/7.4.1 mod_perl/2.0.8 Perl/v5.16.3 configured -- resuming normal operations
[Thu Dec 24 14:58:32 2020] [notice] Server built: May  6 2016 10:19:53
[Thu Dec 24 14:58:32 2020] [notice] Parent: Created child process 16416
[Thu Dec 24 14:58:32 2020] [warn] Init: Session Cache is not configured [hint: SSLSessionCache]
[Thu Dec 24 14:58:33 2020] [notice] Digest: generating secret for digest authentication ...
[Thu Dec 24 14:58:33 2020] [notice] Digest: done
[Thu Dec 24 14:58:34 2020] [notice] Child 16416: Child process is running
[Thu Dec 24 14:58:34 2020] [notice] Child 16416: Acquired the start mutex.
[Thu Dec 24 14:58:34 2020] [notice] Child 16416: Starting 64 worker threads.
[Thu Dec 24 14:58:34 2020] [notice] Child 16416: Starting thread to listen on port 81.
[Thu Dec 24 14:58:41 2020] [error] [client 127.0.0.1] File does not exist: C:/MAMP/htdocs/docs-assets, referer: http://localhost:81/MAMP/
[Thu Dec 24 15:50:48 2020] [error] [client 127.0.0.1] File does not exist: C:/MAMP/htdocs/favicon.ico, referer: http://localhost:81/
[Fri Dec 25 16:14:06 2020] [warn] Init: Session Cache is not configured [hint: SSLSessionCache]
[Fri Dec 25 16:14:07 2020] [warn] pid file C:/MAMP/bin/apache/logs/httpd.pid overwritten -- Unclean shutdown of previous Apache run?
[Fri Dec 25 16:14:07 2020] [notice] Digest: generating secret for digest authentication ...
[Fri Dec 25 16:14:07 2020] [notice] Digest: done
[Fri Dec 25 16:14:09 2020] [notice] Apache/2.2.31 (Win32) DAV/2 mod_ssl/2.2.31 OpenSSL/1.0.2h mod_fcgid/2.3.9 mod_wsgi/3.4 Python/2.7.6 PHP/7.4.1 mod_perl/2.0.8 Perl/v5.16.3 configured -- resuming normal operations
[Fri Dec 25 16:14:09 2020] [notice] Server built: May  6 2016 10:19:53
[Fri Dec 25 16:14:09 2020] [notice] Parent: Created child process 8704
[Fri Dec 25 16:14:10 2020] [warn] Init: Session Cache is not configured [hint: SSLSessionCache]
[Fri Dec 25 16:14:11 2020] [notice] Digest: generating secret for digest authentication ...
[Fri Dec 25 16:14:11 2020] [notice] Digest: done
[Fri Dec 25 16:14:12 2020] [notice] Child 8704: Child process is running
[Fri Dec 25 16:14:16 2020] [notice] Child 8704: Acquired the start mutex.
[Fri Dec 25 16:14:16 2020] [notice] Child 8704: Starting 64 worker threads.
[Fri Dec 25 16:14:16 2020] [notice] Child 8704: Starting thread to listen on port 81.
[Fri Dec 25 18:00:20 2020] [warn] Init: Session Cache is not configured [hint: SSLSessionCache]
[Fri Dec 25 18:00:21 2020] [warn] pid file C:/MAMP/bin/apache/logs/httpd.pid overwritten -- Unclean shutdown of previous Apache run?
[Fri Dec 25 18:00:21 2020] [notice] Digest: generating secret for digest authentication ...
[Fri Dec 25 18:00:21 2020] [notice] Digest: done
[Fri Dec 25 18:00:23 2020] [notice] Apache/2.2.31 (Win32) DAV/2 mod_ssl/2.2.31 OpenSSL/1.0.2h mod_fcgid/2.3.9 mod_wsgi/3.4 Python/2.7.6 PHP/7.4.1 mod_perl/2.0.8 Perl/v5.16.3 configured -- resuming normal operations
[Fri Dec 25 18:00:23 2020] [notice] Server built: May  6 2016 10:19:53
[Fri Dec 25 18:00:23 2020] [notice] Parent: Created child process 1676
[Fri Dec 25 18:00:24 2020] [warn] Init: Session Cache is not configured [hint: SSLSessionCache]
[Fri Dec 25 18:00:25 2020] [notice] Digest: generating secret for digest authentication ...
[Fri Dec 25 18:00:25 2020] [notice] Digest: done
[Fri Dec 25 18:00:26 2020] [notice] Child 1676: Child process is running
[Fri Dec 25 18:00:29 2020] [notice] Child 1676: Acquired the start mutex.
[Fri Dec 25 18:00:29 2020] [notice] Child 1676: Starting 64 worker threads.
[Fri Dec 25 18:00:29 2020] [notice] Child 1676: Starting thread to listen on port 81.
[Fri Dec 25 20:19:28 2020] [warn] Init: Session Cache is not configured [hint: SSLSessionCache]
[Fri Dec 25 20:19:29 2020] [warn] pid file C:/MAMP/bin/apache/logs/httpd.pid overwritten -- Unclean shutdown of previous Apache run?
[Fri Dec 25 20:19:29 2020] [notice] Digest: generating secret for digest authentication ...
[Fri Dec 25 20:19:29 2020] [notice] Digest: done
[Fri Dec 25 20:19:31 2020] [notice] Apache/2.2.31 (Win32) DAV/2 mod_ssl/2.2.31 OpenSSL/1.0.2h mod_fcgid/2.3.9 mod_wsgi/3.4 Python/2.7.6 PHP/7.4.1 mod_perl/2.0.8 Perl/v5.16.3 configured -- resuming normal operations
[Fri Dec 25 20:19:31 2020] [notice] Server built: May  6 2016 10:19:53
[Fri Dec 25 20:19:31 2020] [notice] Parent: Created child process 11288
[Fri Dec 25 20:19:32 2020] [warn] Init: Session Cache is not configured [hint: SSLSessionCache]
[Fri Dec 25 20:19:33 2020] [notice] Digest: generating secret for digest authentication ...
[Fri Dec 25 20:19:33 2020] [notice] Digest: done
[Fri Dec 25 20:19:34 2020] [notice] Child 11288: Child process is running
[Fri Dec 25 20:19:35 2020] [notice] Child 11288: Acquired the start mutex.
[Fri Dec 25 20:19:35 2020] [notice] Child 11288: Starting 64 worker threads.
[Fri Dec 25 20:19:35 2020] [notice] Child 11288: Starting thread to listen on port 81.
[Fri Dec 25 20:20:21 2020] [error] [client 127.0.0.1] File does not exist: C:/MAMP/htdocs/favicon.ico, referer: http://localhost:81/
[Fri Dec 25 20:21:55 2020] [warn] Init: Session Cache is not configured [hint: SSLSessionCache]
[Fri Dec 25 20:21:56 2020] [warn] pid file C:/MAMP/bin/apache/logs/httpd.pid overwritten -- Unclean shutdown of previous Apache run?
[Fri Dec 25 20:21:56 2020] [notice] Digest: generating secret for digest authentication ...
[Fri Dec 25 20:21:56 2020] [notice] Digest: done
[Fri Dec 25 20:21:57 2020] [notice] Apache/2.2.31 (Win32) DAV/2 mod_ssl/2.2.31 OpenSSL/1.0.2h mod_fcgid/2.3.9 mod_wsgi/3.4 Python/2.7.6 PHP/7.4.1 mod_perl/2.0.8 Perl/v5.16.3 configured -- resuming normal operations
[Fri Dec 25 20:21:57 2020] [notice] Server built: May  6 2016 10:19:53
[Fri Dec 25 20:21:57 2020] [notice] Parent: Created child process 11808
[Fri Dec 25 20:21:57 2020] [warn] Init: Session Cache is not configured [hint: SSLSessionCache]
[Fri Dec 25 20:21:58 2020] [notice] Digest: generating secret for digest authentication ...
[Fri Dec 25 20:21:58 2020] [notice] Digest: done
[Fri Dec 25 20:21:59 2020] [notice] Child 11808: Child process is running
[Fri Dec 25 20:21:59 2020] [notice] Child 11808: Acquired the start mutex.
[Fri Dec 25 20:21:59 2020] [notice] Child 11808: Starting 64 worker threads.
[Fri Dec 25 20:21:59 2020] [notice] Child 11808: Starting thread to listen on port 81.
[Fri Dec 25 21:24:24 2020] [error] [client 127.0.0.1] File does not exist: C:/MAMP/htdocs/docs-assets, referer: http://localhost:81/MAMP/
[Sat Dec 26 03:13:33 2020] [warn] Init: Session Cache is not configured [hint: SSLSessionCache]
[Sat Dec 26 03:13:34 2020] [warn] pid file C:/MAMP/bin/apache/logs/httpd.pid overwritten -- Unclean shutdown of previous Apache run?
[Sat Dec 26 03:13:34 2020] [notice] Digest: generating secret for digest authentication ...
[Sat Dec 26 03:13:34 2020] [notice] Digest: done
[Sat Dec 26 03:13:35 2020] [notice] Apache/2.2.31 (Win32) DAV/2 mod_ssl/2.2.31 OpenSSL/1.0.2h mod_fcgid/2.3.9 mod_wsgi/3.4 Python/2.7.6 PHP/7.4.1 mod_perl/2.0.8 Perl/v5.16.3 configured -- resuming normal operations
[Sat Dec 26 03:13:35 2020] [notice] Server built: May  6 2016 10:19:53
[Sat Dec 26 03:13:35 2020] [notice] Parent: Created child process 7812
[Sat Dec 26 03:13:36 2020] [warn] Init: Session Cache is not configured [hint: SSLSessionCache]
[Sat Dec 26 03:13:37 2020] [notice] Digest: generating secret for digest authentication ...
[Sat Dec 26 03:13:37 2020] [notice] Digest: done
[Sat Dec 26 03:13:38 2020] [notice] Child 7812: Child process is running
[Sat Dec 26 03:13:38 2020] [notice] Child 7812: Acquired the start mutex.
[Sat Dec 26 03:13:38 2020] [notice] Child 7812: Starting 64 worker threads.
[Sat Dec 26 03:13:39 2020] [notice] Child 7812: Starting thread to listen on port 81.
[Sat Dec 26 09:37:21 2020] [warn] Init: Session Cache is not configured [hint: SSLSessionCache]
[Sat Dec 26 09:37:22 2020] [warn] pid file C:/MAMP/bin/apache/logs/httpd.pid overwritten -- Unclean shutdown of previous Apache run?
[Sat Dec 26 09:37:22 2020] [notice] Digest: generating secret for digest authentication ...
[Sat Dec 26 09:37:22 2020] [notice] Digest: done
[Sat Dec 26 09:37:23 2020] [notice] Apache/2.2.31 (Win32) DAV/2 mod_ssl/2.2.31 OpenSSL/1.0.2h mod_fcgid/2.3.9 mod_wsgi/3.4 Python/2.7.6 PHP/7.4.1 mod_perl/2.0.8 Perl/v5.16.3 configured -- resuming normal operations
[Sat Dec 26 09:37:23 2020] [notice] Server built: May  6 2016 10:19:53
[Sat Dec 26 09:37:23 2020] [notice] Parent: Created child process 11348
[Sat Dec 26 09:37:23 2020] [warn] Init: Session Cache is not configured [hint: SSLSessionCache]
[Sat Dec 26 09:37:24 2020] [notice] Digest: generating secret for digest authentication ...
[Sat Dec 26 09:37:24 2020] [notice] Digest: done
[Sat Dec 26 09:37:25 2020] [notice] Child 11348: Child process is running
[Sat Dec 26 09:37:25 2020] [notice] Child 11348: Acquired the start mutex.
[Sat Dec 26 09:37:25 2020] [notice] Child 11348: Starting 64 worker threads.
[Sat Dec 26 09:37:25 2020] [notice] Child 11348: Starting thread to listen on port 81.
