11/15/2020 10:37:14 AM	<S>: 	MAMP started.

11/15/2020 10:37:17 AM	<<I>>: 	Set php version to current php max version:php7.4.1

11/15/2020 10:37:20 AM	<E>: 	Could not set access rights on folder: C:\MAMP\logs

11/15/2020 10:37:20 AM	<E>: 	Port is already used! Blocked app is: apache and port: 80

11/15/2020 10:37:22 AM	<E>: 	There was an error in downloading or decoding image for banner.

11/15/2020 10:39:50 AM	<F>: 	Closing MAMP application.

11/15/2020 10:39:54 AM	<S>: 	MAMP started.

11/15/2020 10:39:55 AM	<E>: 	Could not set access rights on folder: C:\MAMP\logs

11/15/2020 10:39:55 AM	<E>: 	Port is already used! Blocked app is: apache and port: 80

11/15/2020 10:39:56 AM	<E>: 	There was an error in downloading or decoding image for banner.

11/15/2020 10:40:06 AM	<F>: 	Closing MAMP application.

11/15/2020 10:40:08 AM	<S>: 	MAMP started.

11/15/2020 10:40:10 AM	<E>: 	Could not set access rights on folder: C:\MAMP\logs

11/15/2020 10:40:10 AM	<E>: 	Port is already used! Blocked app is: apache and port: 80

11/15/2020 10:40:10 AM	<E>: 	There was an error in downloading or decoding image for banner.

11/15/2020 2:08:20 PM	<F>: 	Closing MAMP application.

12/24/2020 2:56:29 PM	<S>: 	MAMP started.

12/24/2020 2:56:34 PM	<E>: 	Could not set access rights on folder: C:\MAMP\logs

12/24/2020 2:56:35 PM	<E>: 	There was an error in downloading or decoding image for banner.

12/25/2020 4:13:58 PM	<S>: 	MAMP started.

12/25/2020 4:14:01 PM	<E>: 	Could not set access rights on folder: C:\MAMP\logs

12/25/2020 4:14:02 PM	<E>: 	There was an error in downloading or decoding image for banner.

12/25/2020 6:00:10 PM	<S>: 	MAMP started.

12/25/2020 6:00:13 PM	<E>: 	Could not set access rights on folder: C:\MAMP\logs

12/25/2020 6:00:15 PM	<E>: 	There was an error in downloading or decoding image for banner.

12/25/2020 8:19:15 PM	<S>: 	MAMP started.

12/25/2020 8:19:18 PM	<E>: 	Could not set access rights on folder: C:\MAMP\logs

12/25/2020 8:19:19 PM	<E>: 	There was an error in downloading or decoding image for banner.

12/25/2020 8:19:28 PM	<E>: 	Port is already used! Blocked app is: apache and port: 81

12/25/2020 8:21:27 PM	<E>: 	Port is already used! Blocked app is: apache and port: 80

12/26/2020 3:11:00 AM	<F>: 	Closing MAMP application.

12/26/2020 3:13:28 AM	<S>: 	MAMP started.

12/26/2020 3:13:30 AM	<E>: 	Could not set access rights on folder: C:\MAMP\logs

12/26/2020 3:13:31 AM	<E>: 	There was an error in downloading or decoding image for banner.

12/26/2020 3:45:28 AM	<F>: 	Closing MAMP application.

12/26/2020 9:37:16 AM	<S>: 	MAMP started.

12/26/2020 9:37:17 AM	<E>: 	Could not set access rights on folder: C:\MAMP\logs

12/26/2020 9:37:18 AM	<E>: 	There was an error in downloading or decoding image for banner.

