[Sun Nov 15 10:40:30 2020] [warn] Init: Session Cache is not configured [hint: SSLSessionCache]
[Sun Nov 15 10:40:32 2020] [warn] pid file C:/MAMP/bin/apache/logs/httpd.pid overwritten -- Unclean shutdown of previous Apache run?
[Sun Nov 15 10:40:32 2020] [notice] Digest: generating secret for digest authentication ...
[Sun Nov 15 10:40:32 2020] [notice] Digest: done
[Sun Nov 15 10:40:33 2020] [notice] Apache/2.2.31 (Win32) DAV/2 mod_ssl/2.2.31 OpenSSL/1.0.2h mod_fcgid/2.3.9 mod_wsgi/3.4 Python/2.7.6 PHP/7.4.1 mod_perl/2.0.8 Perl/v5.16.3 configured -- resuming normal operations
[Sun Nov 15 10:40:33 2020] [notice] Server built: May  6 2016 10:19:53
[Sun Nov 15 10:40:33 2020] [notice] Parent: Created child process 18628
[Sun Nov 15 10:40:34 2020] [warn] Init: Session Cache is not configured [hint: SSLSessionCache]
[Sun Nov 15 10:40:35 2020] [notice] Digest: generating secret for digest authentication ...
[Sun Nov 15 10:40:35 2020] [notice] Digest: done
[Sun Nov 15 10:40:36 2020] [notice] Child 18628: Child process is running
[Sun Nov 15 10:40:40 2020] [notice] Child 18628: Acquired the start mutex.
[Sun Nov 15 10:40:40 2020] [notice] Child 18628: Starting 64 worker threads.
[Sun Nov 15 10:40:40 2020] [notice] Child 18628: Starting thread to listen on port 81.
[Sun Nov 15 10:40:56 2020] [error] [client 127.0.0.1] File does not exist: C:/MAMP/htdocs/docs-assets, referer: http://localhost:81/MAMP/
[Thu Dec 24 14:56:44 2020] [warn] Init: Session Cache is not configured [hint: SSLSessionCache]
[Thu Dec 24 14:56:45 2020] [warn] pid file C:/MAMP/bin/apache/logs/httpd.pid overwritten -- Unclean shutdown of previous Apache run?
[Thu Dec 24 14:56:45 2020] [notice] Digest: generating secret for digest authentication ...
[Thu Dec 24 14:56:45 2020] [notice] Digest: done
[Thu Dec 24 14:56:49 2020] [notice] Apache/2.2.31 (Win32) DAV/2 mod_ssl/2.2.31 OpenSSL/1.0.2h mod_fcgid/2.3.9 mod_wsgi/3.4 Python/2.7.6 PHP/7.4.1 mod_perl/2.0.8 Perl/v5.16.3 configured -- resuming normal operations
[Thu Dec 24 14:56:49 2020] [notice] Server built: May  6 2016 10:19:53
[Thu Dec 24 14:56:49 2020] [notice] Parent: Created child process 14980
[Thu Dec 24 14:56:49 2020] [warn] Init: Session Cache is not configured [hint: SSLSessionCache]
[Thu Dec 24 14:56:50 2020] [notice] Digest: generating secret for digest authentication ...
[Thu Dec 24 14:56:50 2020] [notice] Digest: done
[Thu Dec 24 14:56:51 2020] [notice] Child 14980: Child process is running
[Thu Dec 24 14:56:53 2020] [notice] Child 14980: Acquired the start mutex.
[Thu Dec 24 14:56:53 2020] [notice] Child 14980: Starting 64 worker threads.
[Thu Dec 24 14:56:53 2020] [notice] Child 14980: Starting thread to listen on port 81.
[Thu Dec 24 14:58:09 2020] [warn] Init: Session Cache is not configured [hint: SSLSessionCache]
[Thu Dec 24 14:58:10 2020] [warn] pid file C:/MAMP/bin/apache/logs/httpd.pid overwritten -- Unclean shutdown of previous Apache run?
[Thu Dec 24 14:58:10 2020] [notice] Digest: generating secret for digest authentication ...
[Thu Dec 24 14:58:10 2020] [notice] Digest: done
[Thu Dec 24 14:58:11 2020] [notice] Apache/2.2.31 (Win32) DAV/2 mod_ssl/2.2.31 OpenSSL/1.0.2h mod_fcgid/2.3.9 mod_wsgi/3.4 Python/2.7.6 PHP/7.4.1 mod_perl/2.0.8 Perl/v5.16.3 configured -- resuming normal operations
[Thu Dec 24 14:58:11 2020] [notice] Server built: May  6 2016 10:19:53
[Thu Dec 24 14:58:11 2020] [notice] Parent: Created child process 3104
[Thu Dec 24 14:58:11 2020] [warn] Init: Session Cache is not configured [hint: SSLSessionCache]
[Thu Dec 24 14:58:12 2020] [notice] Digest: generating secret for digest authentication ...
[Thu Dec 24 14:58:12 2020] [notice] Digest: done
[Thu Dec 24 14:58:13 2020] [notice] Child 3104: Child process is running
[Thu Dec 24 14:58:13 2020] [notice] Child 3104: Acquired the start mutex.
[Thu Dec 24 14:58:13 2020] [notice] Child 3104: Starting 64 worker threads.
[Thu Dec 24 14:58:13 2020] [notice] Child 3104: Starting thread to listen on port 81.
[Thu Dec 24 14:58:30 2020] [warn] Init: Session Cache is not configured [hint: SSLSessionCache]
[Thu Dec 24 14:58:31 2020] [warn] pid file C:/MAMP/bin/apache/logs/httpd.pid overwritten -- Unclean shutdown of previous Apache run?
[Thu Dec 24 14:58:31 2020] [notice] Digest: generating secret for digest authentication ...
[Thu Dec 24 14:58:31 2020] [notice] Digest: done
[Thu Dec 24 14:58:32 2020] [notice] Apache/2.2.31 (Win32) DAV/2 mod_ssl/2.2.31 OpenSSL/1.0.2h mod_fcgid/2.3.9 mod_wsgi/3.4 Python/2.7.6 PHP/7.4.1 mod_perl/2.0.8 Perl/v5.16.3 configured -- resuming normal operations
[Thu Dec 24 14:58:32 2020] [notice] Server built: May  6 2016 10:19:53
[Thu Dec 24 14:58:32 2020] [notice] Parent: Created child process 16416
[Thu Dec 24 14:58:32 2020] [warn] Init: Session Cache is not configured [hint: SSLSessionCache]
[Thu Dec 24 14:58:33 2020] [notice] Digest: generating secret for digest authentication ...
[Thu Dec 24 14:58:33 2020] [notice] Digest: done
[Thu Dec 24 14:58:34 2020] [notice] Child 16416: Child process is running
[Thu Dec 24 14:58:34 2020] [notice] Child 16416: Acquired the start mutex.
[Thu Dec 24 14:58:34 2020] [notice] Child 16416: Starting 64 worker threads.
[Thu Dec 24 14:58:34 2020] [notice] Child 16416: Starting thread to listen on port 81.
[Thu Dec 24 14:58:41 2020] [error] [client 127.0.0.1] File does not exist: C:/MAMP/htdocs/docs-assets, referer: http://localhost:81/MAMP/
[Thu Dec 24 15:50:48 2020] [error] [client 127.0.0.1] File does not exist: C:/MAMP/htdocs/favicon.ico, referer: http://localhost:81/
[Fri Dec 25 16:14:06 2020] [warn] Init: Session Cache is not configured [hint: SSLSessionCache]
[Fri Dec 25 16:14:07 2020] [warn] pid file C:/MAMP/bin/apache/logs/httpd.pid overwritten -- Unclean shutdown of previous Apache run?
[Fri Dec 25 16:14:07 2020] [notice] Digest: generating secret for digest authentication ...
[Fri Dec 25 16:14:07 2020] [notice] Digest: done
[Fri Dec 25 16:14:09 2020] [notice] Apache/2.2.31 (Win32) DAV/2 mod_ssl/2.2.31 OpenSSL/1.0.2h mod_fcgid/2.3.9 mod_wsgi/3.4 Python/2.7.6 PHP/7.4.1 mod_perl/2.0.8 Perl/v5.16.3 configured -- resuming normal operations
[Fri Dec 25 16:14:09 2020] [notice] Server built: May  6 2016 10:19:53
[Fri Dec 25 16:14:09 2020] [notice] Parent: Created child process 8704
[Fri Dec 25 16:14:10 2020] [warn] Init: Session Cache is not configured [hint: SSLSessionCache]
[Fri Dec 25 16:14:11 2020] [notice] Digest: generating secret for digest authentication ...
[Fri Dec 25 16:14:11 2020] [notice] Digest: done
[Fri Dec 25 16:14:12 2020] [notice] Child 8704: Child process is running
[Fri Dec 25 16:14:16 2020] [notice] Child 8704: Acquired the start mutex.
[Fri Dec 25 16:14:16 2020] [notice] Child 8704: Starting 64 worker threads.
[Fri Dec 25 16:14:16 2020] [notice] Child 8704: Starting thread to listen on port 81.
[Fri Dec 25 18:00:20 2020] [warn] Init: Session Cache is not configured [hint: SSLSessionCache]
[Fri Dec 25 18:00:21 2020] [warn] pid file C:/MAMP/bin/apache/logs/httpd.pid overwritten -- Unclean shutdown of previous Apache run?
[Fri Dec 25 18:00:21 2020] [notice] Digest: generating secret for digest authentication ...
[Fri Dec 25 18:00:21 2020] [notice] Digest: done
[Fri Dec 25 18:00:23 2020] [notice] Apache/2.2.31 (Win32) DAV/2 mod_ssl/2.2.31 OpenSSL/1.0.2h mod_fcgid/2.3.9 mod_wsgi/3.4 Python/2.7.6 PHP/7.4.1 mod_perl/2.0.8 Perl/v5.16.3 configured -- resuming normal operations
[Fri Dec 25 18:00:23 2020] [notice] Server built: May  6 2016 10:19:53
[Fri Dec 25 18:00:23 2020] [notice] Parent: Created child process 1676
[Fri Dec 25 18:00:24 2020] [warn] Init: Session Cache is not configured [hint: SSLSessionCache]
[Fri Dec 25 18:00:25 2020] [notice] Digest: generating secret for digest authentication ...
[Fri Dec 25 18:00:25 2020] [notice] Digest: done
[Fri Dec 25 18:00:26 2020] [notice] Child 1676: Child process is running
[Fri Dec 25 18:00:29 2020] [notice] Child 1676: Acquired the start mutex.
[Fri Dec 25 18:00:29 2020] [notice] Child 1676: Starting 64 worker threads.
[Fri Dec 25 18:00:29 2020] [notice] Child 1676: Starting thread to listen on port 81.
[Fri Dec 25 20:19:28 2020] [warn] Init: Session Cache is not configured [hint: SSLSessionCache]
[Fri Dec 25 20:19:29 2020] [warn] pid file C:/MAMP/bin/apache/logs/httpd.pid overwritten -- Unclean shutdown of previous Apache run?
[Fri Dec 25 20:19:29 2020] [notice] Digest: generating secret for digest authentication ...
[Fri Dec 25 20:19:29 2020] [notice] Digest: done
[Fri Dec 25 20:19:31 2020] [notice] Apache/2.2.31 (Win32) DAV/2 mod_ssl/2.2.31 OpenSSL/1.0.2h mod_fcgid/2.3.9 mod_wsgi/3.4 Python/2.7.6 PHP/7.4.1 mod_perl/2.0.8 Perl/v5.16.3 configured -- resuming normal operations
[Fri Dec 25 20:19:31 2020] [notice] Server built: May  6 2016 10:19:53
[Fri Dec 25 20:19:31 2020] [notice] Parent: Created child process 11288
[Fri Dec 25 20:19:32 2020] [warn] Init: Session Cache is not configured [hint: SSLSessionCache]
[Fri Dec 25 20:19:33 2020] [notice] Digest: generating secret for digest authentication ...
[Fri Dec 25 20:19:33 2020] [notice] Digest: done
[Fri Dec 25 20:19:34 2020] [notice] Child 11288: Child process is running
[Fri Dec 25 20:19:35 2020] [notice] Child 11288: Acquired the start mutex.
[Fri Dec 25 20:19:35 2020] [notice] Child 11288: Starting 64 worker threads.
[Fri Dec 25 20:19:35 2020] [notice] Child 11288: Starting thread to listen on port 81.
[Fri Dec 25 20:20:21 2020] [error] [client 127.0.0.1] File does not exist: C:/MAMP/htdocs/favicon.ico, referer: http://localhost:81/
[Fri Dec 25 20:21:55 2020] [warn] Init: Session Cache is not configured [hint: SSLSessionCache]
[Fri Dec 25 20:21:56 2020] [warn] pid file C:/MAMP/bin/apache/logs/httpd.pid overwritten -- Unclean shutdown of previous Apache run?
[Fri Dec 25 20:21:56 2020] [notice] Digest: generating secret for digest authentication ...
[Fri Dec 25 20:21:56 2020] [notice] Digest: done
[Fri Dec 25 20:21:57 2020] [notice] Apache/2.2.31 (Win32) DAV/2 mod_ssl/2.2.31 OpenSSL/1.0.2h mod_fcgid/2.3.9 mod_wsgi/3.4 Python/2.7.6 PHP/7.4.1 mod_perl/2.0.8 Perl/v5.16.3 configured -- resuming normal operations
[Fri Dec 25 20:21:57 2020] [notice] Server built: May  6 2016 10:19:53
[Fri Dec 25 20:21:57 2020] [notice] Parent: Created child process 11808
[Fri Dec 25 20:21:57 2020] [warn] Init: Session Cache is not configured [hint: SSLSessionCache]
[Fri Dec 25 20:21:58 2020] [notice] Digest: generating secret for digest authentication ...
[Fri Dec 25 20:21:58 2020] [notice] Digest: done
[Fri Dec 25 20:21:59 2020] [notice] Child 11808: Child process is running
[Fri Dec 25 20:21:59 2020] [notice] Child 11808: Acquired the start mutex.
[Fri Dec 25 20:21:59 2020] [notice] Child 11808: Starting 64 worker threads.
[Fri Dec 25 20:21:59 2020] [notice] Child 11808: Starting thread to listen on port 81.
[Fri Dec 25 21:24:24 2020] [error] [client 127.0.0.1] File does not exist: C:/MAMP/htdocs/docs-assets, referer: http://localhost:81/MAMP/
[Sat Dec 26 03:13:33 2020] [warn] Init: Session Cache is not configured [hint: SSLSessionCache]
[Sat Dec 26 03:13:34 2020] [warn] pid file C:/MAMP/bin/apache/logs/httpd.pid overwritten -- Unclean shutdown of previous Apache run?
[Sat Dec 26 03:13:34 2020] [notice] Digest: generating secret for digest authentication ...
[Sat Dec 26 03:13:34 2020] [notice] Digest: done
[Sat Dec 26 03:13:35 2020] [notice] Apache/2.2.31 (Win32) DAV/2 mod_ssl/2.2.31 OpenSSL/1.0.2h mod_fcgid/2.3.9 mod_wsgi/3.4 Python/2.7.6 PHP/7.4.1 mod_perl/2.0.8 Perl/v5.16.3 configured -- resuming normal operations
[Sat Dec 26 03:13:35 2020] [notice] Server built: May  6 2016 10:19:53
[Sat Dec 26 03:13:35 2020] [notice] Parent: Created child process 7812
[Sat Dec 26 03:13:36 2020] [warn] Init: Session Cache is not configured [hint: SSLSessionCache]
[Sat Dec 26 03:13:37 2020] [notice] Digest: generating secret for digest authentication ...
[Sat Dec 26 03:13:37 2020] [notice] Digest: done
[Sat Dec 26 03:13:38 2020] [notice] Child 7812: Child process is running
[Sat Dec 26 03:13:38 2020] [notice] Child 7812: Acquired the start mutex.
[Sat Dec 26 03:13:38 2020] [notice] Child 7812: Starting 64 worker threads.
[Sat Dec 26 03:13:39 2020] [notice] Child 7812: Starting thread to listen on port 81.
[Sat Dec 26 09:37:21 2020] [warn] Init: Session Cache is not configured [hint: SSLSessionCache]
[Sat Dec 26 09:37:22 2020] [warn] pid file C:/MAMP/bin/apache/logs/httpd.pid overwritten -- Unclean shutdown of previous Apache run?
[Sat Dec 26 09:37:22 2020] [notice] Digest: generating secret for digest authentication ...
[Sat Dec 26 09:37:22 2020] [notice] Digest: done
[Sat Dec 26 09:37:23 2020] [notice] Apache/2.2.31 (Win32) DAV/2 mod_ssl/2.2.31 OpenSSL/1.0.2h mod_fcgid/2.3.9 mod_wsgi/3.4 Python/2.7.6 PHP/7.4.1 mod_perl/2.0.8 Perl/v5.16.3 configured -- resuming normal operations
[Sat Dec 26 09:37:23 2020] [notice] Server built: May  6 2016 10:19:53
[Sat Dec 26 09:37:23 2020] [notice] Parent: Created child process 11348
[Sat Dec 26 09:37:23 2020] [warn] Init: Session Cache is not configured [hint: SSLSessionCache]
[Sat Dec 26 09:37:24 2020] [notice] Digest: generating secret for digest authentication ...
[Sat Dec 26 09:37:24 2020] [notice] Digest: done
[Sat Dec 26 09:37:25 2020] [notice] Child 11348: Child process is running
[Sat Dec 26 09:37:25 2020] [notice] Child 11348: Acquired the start mutex.
[Sat Dec 26 09:37:25 2020] [notice] Child 11348: Starting 64 worker threads.
[Sat Dec 26 09:37:25 2020] [notice] Child 11348: Starting thread to listen on port 81.
[Wed Dec 30 23:19:52 2020] [warn] Init: Session Cache is not configured [hint: SSLSessionCache]
[Wed Dec 30 23:19:53 2020] [warn] pid file C:/MAMP/bin/apache/logs/httpd.pid overwritten -- Unclean shutdown of previous Apache run?
[Wed Dec 30 23:19:53 2020] [notice] Digest: generating secret for digest authentication ...
[Wed Dec 30 23:19:53 2020] [notice] Digest: done
[Wed Dec 30 23:19:58 2020] [notice] Apache/2.2.31 (Win32) DAV/2 mod_ssl/2.2.31 OpenSSL/1.0.2h mod_fcgid/2.3.9 mod_wsgi/3.4 Python/2.7.6 PHP/7.4.1 mod_perl/2.0.8 Perl/v5.16.3 configured -- resuming normal operations
[Wed Dec 30 23:19:58 2020] [notice] Server built: May  6 2016 10:19:53
[Wed Dec 30 23:19:58 2020] [notice] Parent: Created child process 3304
[Wed Dec 30 23:19:59 2020] [warn] Init: Session Cache is not configured [hint: SSLSessionCache]
[Wed Dec 30 23:20:00 2020] [notice] Digest: generating secret for digest authentication ...
[Wed Dec 30 23:20:00 2020] [notice] Digest: done
[Wed Dec 30 23:20:02 2020] [notice] Child 3304: Child process is running
[Wed Dec 30 23:20:04 2020] [notice] Child 3304: Acquired the start mutex.
[Wed Dec 30 23:20:04 2020] [notice] Child 3304: Starting 64 worker threads.
[Wed Dec 30 23:20:04 2020] [notice] Child 3304: Starting thread to listen on port 81.
[Wed Dec 30 23:23:04 2020] [warn] Init: Session Cache is not configured [hint: SSLSessionCache]
[Wed Dec 30 23:23:05 2020] [warn] pid file C:/MAMP/bin/apache/logs/httpd.pid overwritten -- Unclean shutdown of previous Apache run?
[Wed Dec 30 23:23:05 2020] [notice] Digest: generating secret for digest authentication ...
[Wed Dec 30 23:23:05 2020] [notice] Digest: done
[Wed Dec 30 23:23:15 2020] [warn] Init: Session Cache is not configured [hint: SSLSessionCache]
[Wed Dec 30 23:23:16 2020] [warn] pid file C:/MAMP/bin/apache/logs/httpd.pid overwritten -- Unclean shutdown of previous Apache run?
[Wed Dec 30 23:23:16 2020] [notice] Digest: generating secret for digest authentication ...
[Wed Dec 30 23:23:16 2020] [notice] Digest: done
[Wed Dec 30 23:23:18 2020] [notice] Apache/2.2.31 (Win32) DAV/2 mod_ssl/2.2.31 OpenSSL/1.0.2h mod_fcgid/2.3.9 mod_wsgi/3.4 Python/2.7.6 PHP/7.4.1 mod_perl/2.0.8 Perl/v5.16.3 configured -- resuming normal operations
[Wed Dec 30 23:23:18 2020] [notice] Server built: May  6 2016 10:19:53
[Wed Dec 30 23:23:18 2020] [notice] Parent: Created child process 1668
[Wed Dec 30 23:23:19 2020] [warn] Init: Session Cache is not configured [hint: SSLSessionCache]
[Wed Dec 30 23:23:20 2020] [notice] Digest: generating secret for digest authentication ...
[Wed Dec 30 23:23:20 2020] [notice] Digest: done
[Wed Dec 30 23:23:22 2020] [notice] Child 1668: Child process is running
[Wed Dec 30 23:23:22 2020] [notice] Child 1668: Acquired the start mutex.
[Wed Dec 30 23:23:22 2020] [notice] Child 1668: Starting 64 worker threads.
[Wed Dec 30 23:23:22 2020] [notice] Child 1668: Starting thread to listen on port 81.
[Wed Dec 30 23:23:23 2020] [error] [client 127.0.0.1] File does not exist: C:/MAMP/htdocs/favicon.ico, referer: http://localhost:81/
[Thu Jan 07 08:58:18 2021] [warn] Init: Session Cache is not configured [hint: SSLSessionCache]
[Thu Jan 07 08:58:19 2021] [warn] pid file C:/MAMP/bin/apache/logs/httpd.pid overwritten -- Unclean shutdown of previous Apache run?
[Thu Jan 07 08:58:19 2021] [notice] Digest: generating secret for digest authentication ...
[Thu Jan 07 08:58:19 2021] [notice] Digest: done
[Thu Jan 07 08:58:24 2021] [notice] Apache/2.2.31 (Win32) DAV/2 mod_ssl/2.2.31 OpenSSL/1.0.2h mod_fcgid/2.3.9 mod_wsgi/3.4 Python/2.7.6 PHP/7.4.1 mod_perl/2.0.8 Perl/v5.16.3 configured -- resuming normal operations
[Thu Jan 07 08:58:24 2021] [notice] Server built: May  6 2016 10:19:53
[Thu Jan 07 08:58:24 2021] [notice] Parent: Created child process 20600
[Thu Jan 07 08:58:24 2021] [warn] Init: Session Cache is not configured [hint: SSLSessionCache]
[Thu Jan 07 08:58:25 2021] [notice] Digest: generating secret for digest authentication ...
[Thu Jan 07 08:58:25 2021] [notice] Digest: done
[Thu Jan 07 08:58:26 2021] [notice] Child 20600: Child process is running
[Thu Jan 07 08:58:28 2021] [notice] Child 20600: Acquired the start mutex.
[Thu Jan 07 08:58:28 2021] [notice] Child 20600: Starting 64 worker threads.
[Thu Jan 07 08:58:28 2021] [notice] Child 20600: Starting thread to listen on port 81.
[Thu Jan 07 08:59:22 2021] [error] [client 127.0.0.1] File does not exist: C:/MAMP/htdocs/docs-assets, referer: http://localhost:81/MAMP/index.php?page=phpmyadmin&language=English
[Thu Jan 07 09:02:42 2021] [warn] Init: Session Cache is not configured [hint: SSLSessionCache]
[Thu Jan 07 09:02:43 2021] [warn] pid file C:/MAMP/bin/apache/logs/httpd.pid overwritten -- Unclean shutdown of previous Apache run?
[Thu Jan 07 09:02:43 2021] [notice] Digest: generating secret for digest authentication ...
[Thu Jan 07 09:02:43 2021] [notice] Digest: done
[Thu Jan 07 09:02:44 2021] [notice] Apache/2.2.31 (Win32) DAV/2 mod_ssl/2.2.31 OpenSSL/1.0.2h mod_fcgid/2.3.9 mod_wsgi/3.4 Python/2.7.6 PHP/7.4.1 mod_perl/2.0.8 Perl/v5.16.3 configured -- resuming normal operations
[Thu Jan 07 09:02:44 2021] [notice] Server built: May  6 2016 10:19:53
[Thu Jan 07 09:02:44 2021] [notice] Parent: Created child process 6528
[Thu Jan 07 09:02:44 2021] [warn] Init: Session Cache is not configured [hint: SSLSessionCache]
[Thu Jan 07 09:02:45 2021] [notice] Digest: generating secret for digest authentication ...
[Thu Jan 07 09:02:45 2021] [notice] Digest: done
[Thu Jan 07 09:02:46 2021] [notice] Child 6528: Child process is running
[Thu Jan 07 09:02:46 2021] [notice] Child 6528: Acquired the start mutex.
[Thu Jan 07 09:02:46 2021] [notice] Child 6528: Starting 64 worker threads.
[Thu Jan 07 09:02:46 2021] [notice] Child 6528: Starting thread to listen on port 81.
[Fri Jan 08 02:07:57 2021] [warn] Init: Session Cache is not configured [hint: SSLSessionCache]
[Fri Jan 08 02:07:58 2021] [warn] pid file C:/MAMP/bin/apache/logs/httpd.pid overwritten -- Unclean shutdown of previous Apache run?
[Fri Jan 08 02:07:58 2021] [notice] Digest: generating secret for digest authentication ...
[Fri Jan 08 02:07:58 2021] [notice] Digest: done
[Fri Jan 08 02:08:01 2021] [notice] Apache/2.2.31 (Win32) DAV/2 mod_ssl/2.2.31 OpenSSL/1.0.2h mod_fcgid/2.3.9 mod_wsgi/3.4 Python/2.7.6 PHP/7.4.1 mod_perl/2.0.8 Perl/v5.16.3 configured -- resuming normal operations
[Fri Jan 08 02:08:01 2021] [notice] Server built: May  6 2016 10:19:53
[Fri Jan 08 02:08:01 2021] [notice] Parent: Created child process 19624
[Fri Jan 08 02:08:02 2021] [warn] Init: Session Cache is not configured [hint: SSLSessionCache]
[Fri Jan 08 02:08:03 2021] [notice] Digest: generating secret for digest authentication ...
[Fri Jan 08 02:08:03 2021] [notice] Digest: done
[Fri Jan 08 02:08:04 2021] [notice] Child 19624: Child process is running
[Fri Jan 08 02:08:08 2021] [notice] Child 19624: Acquired the start mutex.
[Fri Jan 08 02:08:08 2021] [notice] Child 19624: Starting 64 worker threads.
[Fri Jan 08 02:08:08 2021] [notice] Child 19624: Starting thread to listen on port 81.
[Sat Jan 09 14:16:33 2021] [error] [client 127.0.0.1] File does not exist: C:/MAMP/htdocs/docs-assets, referer: http://localhost:81/MAMP/index.php?page=phpmyadmin&language=English
[Wed Jan 13 08:49:53 2021] [warn] Init: Session Cache is not configured [hint: SSLSessionCache]
[Wed Jan 13 08:49:55 2021] [warn] pid file C:/MAMP/bin/apache/logs/httpd.pid overwritten -- Unclean shutdown of previous Apache run?
[Wed Jan 13 08:49:55 2021] [notice] Digest: generating secret for digest authentication ...
[Wed Jan 13 08:49:55 2021] [notice] Digest: done
[Wed Jan 13 08:50:03 2021] [notice] Apache/2.2.31 (Win32) DAV/2 mod_ssl/2.2.31 OpenSSL/1.0.2h mod_fcgid/2.3.9 mod_wsgi/3.4 Python/2.7.6 PHP/7.4.1 mod_perl/2.0.8 Perl/v5.16.3 configured -- resuming normal operations
[Wed Jan 13 08:50:03 2021] [notice] Server built: May  6 2016 10:19:53
[Wed Jan 13 08:50:03 2021] [notice] Parent: Created child process 33388
[Wed Jan 13 08:50:03 2021] [warn] Init: Session Cache is not configured [hint: SSLSessionCache]
[Wed Jan 13 08:50:04 2021] [notice] Digest: generating secret for digest authentication ...
[Wed Jan 13 08:50:04 2021] [notice] Digest: done
[Wed Jan 13 08:50:05 2021] [notice] Child 33388: Child process is running
[Wed Jan 13 08:50:11 2021] [notice] Child 33388: Acquired the start mutex.
[Wed Jan 13 08:50:11 2021] [notice] Child 33388: Starting 64 worker threads.
[Wed Jan 13 08:50:11 2021] [notice] Child 33388: Starting thread to listen on port 81.
[Wed Jan 13 19:38:12 2021] [error] [client 127.0.0.1] File does not exist: C:/MAMP/htdocs/favicon.ico, referer: http://localhost:81/
[Wed Jan 13 20:44:21 2021] [error] [client 127.0.0.1] File does not exist: C:/MAMP/htdocs/docs-assets, referer: http://localhost:81/MAMP/index.php?page=phpmyadmin&language=English
[Wed Jan 13 21:21:47 2021] [error] [client 127.0.0.1] File does not exist: C:/MAMP/htdocs/favicon.ico, referer: http://localhost:81/login.php
[Wed Jan 13 21:32:22 2021] [warn] Init: Session Cache is not configured [hint: SSLSessionCache]
[Wed Jan 13 21:32:23 2021] [warn] pid file C:/MAMP/bin/apache/logs/httpd.pid overwritten -- Unclean shutdown of previous Apache run?
[Wed Jan 13 21:32:23 2021] [notice] Digest: generating secret for digest authentication ...
[Wed Jan 13 21:32:23 2021] [notice] Digest: done
[Wed Jan 13 21:32:27 2021] [notice] Apache/2.2.31 (Win32) DAV/2 mod_ssl/2.2.31 OpenSSL/1.0.2h mod_fcgid/2.3.9 mod_wsgi/3.4 Python/2.7.6 PHP/7.4.1 mod_perl/2.0.8 Perl/v5.16.3 configured -- resuming normal operations
[Wed Jan 13 21:32:27 2021] [notice] Server built: May  6 2016 10:19:53
[Wed Jan 13 21:32:27 2021] [notice] Parent: Created child process 22064
[Wed Jan 13 21:32:27 2021] [warn] Init: Session Cache is not configured [hint: SSLSessionCache]
[Wed Jan 13 21:32:28 2021] [notice] Digest: generating secret for digest authentication ...
[Wed Jan 13 21:32:28 2021] [notice] Digest: done
[Wed Jan 13 21:32:30 2021] [notice] Child 22064: Child process is running
[Wed Jan 13 21:32:32 2021] [notice] Child 22064: Acquired the start mutex.
[Wed Jan 13 21:32:32 2021] [notice] Child 22064: Starting 64 worker threads.
[Wed Jan 13 21:32:32 2021] [notice] Child 22064: Starting thread to listen on port 81.
[Thu Jan 21 09:35:00 2021] [warn] Init: Session Cache is not configured [hint: SSLSessionCache]
[Thu Jan 21 09:35:01 2021] [warn] pid file C:/MAMP/bin/apache/logs/httpd.pid overwritten -- Unclean shutdown of previous Apache run?
[Thu Jan 21 09:35:01 2021] [notice] Digest: generating secret for digest authentication ...
[Thu Jan 21 09:35:01 2021] [notice] Digest: done
[Thu Jan 21 09:35:07 2021] [notice] Apache/2.2.31 (Win32) DAV/2 mod_ssl/2.2.31 OpenSSL/1.0.2h mod_fcgid/2.3.9 mod_wsgi/3.4 Python/2.7.6 PHP/7.4.1 mod_perl/2.0.8 Perl/v5.16.3 configured -- resuming normal operations
[Thu Jan 21 09:35:07 2021] [notice] Server built: May  6 2016 10:19:53
[Thu Jan 21 09:35:07 2021] [notice] Parent: Created child process 2512
[Thu Jan 21 09:35:08 2021] [warn] Init: Session Cache is not configured [hint: SSLSessionCache]
[Thu Jan 21 09:35:09 2021] [notice] Digest: generating secret for digest authentication ...
[Thu Jan 21 09:35:09 2021] [notice] Digest: done
[Thu Jan 21 09:35:10 2021] [notice] Child 2512: Child process is running
[Thu Jan 21 09:35:14 2021] [notice] Child 2512: Acquired the start mutex.
[Thu Jan 21 09:35:14 2021] [notice] Child 2512: Starting 64 worker threads.
[Thu Jan 21 09:35:14 2021] [notice] Child 2512: Starting thread to listen on port 81.
[Thu Jan 21 11:21:08 2021] [warn] Init: Session Cache is not configured [hint: SSLSessionCache]
[Thu Jan 21 11:21:10 2021] [warn] pid file C:/MAMP/bin/apache/logs/httpd.pid overwritten -- Unclean shutdown of previous Apache run?
[Thu Jan 21 11:21:10 2021] [notice] Digest: generating secret for digest authentication ...
[Thu Jan 21 11:21:10 2021] [notice] Digest: done
[Thu Jan 21 11:21:12 2021] [notice] Apache/2.2.31 (Win32) DAV/2 mod_ssl/2.2.31 OpenSSL/1.0.2h mod_fcgid/2.3.9 mod_wsgi/3.4 Python/2.7.6 PHP/7.4.1 mod_perl/2.0.8 Perl/v5.16.3 configured -- resuming normal operations
[Thu Jan 21 11:21:12 2021] [notice] Server built: May  6 2016 10:19:53
[Thu Jan 21 11:21:12 2021] [notice] Parent: Created child process 13596
[Thu Jan 21 11:21:13 2021] [warn] Init: Session Cache is not configured [hint: SSLSessionCache]
[Thu Jan 21 11:21:14 2021] [notice] Digest: generating secret for digest authentication ...
[Thu Jan 21 11:21:14 2021] [notice] Digest: done
[Thu Jan 21 11:21:16 2021] [notice] Child 13596: Child process is running
[Thu Jan 21 11:21:16 2021] [notice] Child 13596: Acquired the start mutex.
[Thu Jan 21 11:21:16 2021] [notice] Child 13596: Starting 64 worker threads.
[Thu Jan 21 11:21:16 2021] [notice] Child 13596: Starting thread to listen on port 81.
[Thu Jan 21 11:21:36 2021] [warn] Init: Session Cache is not configured [hint: SSLSessionCache]
[Thu Jan 21 11:21:37 2021] [warn] pid file C:/MAMP/bin/apache/logs/httpd.pid overwritten -- Unclean shutdown of previous Apache run?
[Thu Jan 21 11:21:37 2021] [notice] Digest: generating secret for digest authentication ...
[Thu Jan 21 11:21:37 2021] [notice] Digest: done
[Thu Jan 21 11:21:39 2021] [notice] Apache/2.2.31 (Win32) DAV/2 mod_ssl/2.2.31 OpenSSL/1.0.2h mod_fcgid/2.3.9 mod_wsgi/3.4 Python/2.7.6 PHP/7.4.1 mod_perl/2.0.8 Perl/v5.16.3 configured -- resuming normal operations
[Thu Jan 21 11:21:39 2021] [notice] Server built: May  6 2016 10:19:53
[Thu Jan 21 11:21:39 2021] [notice] Parent: Created child process 13048
[Thu Jan 21 11:21:40 2021] [warn] Init: Session Cache is not configured [hint: SSLSessionCache]
[Thu Jan 21 11:21:41 2021] [notice] Digest: generating secret for digest authentication ...
[Thu Jan 21 11:21:41 2021] [notice] Digest: done
[Thu Jan 21 11:21:43 2021] [notice] Child 13048: Child process is running
[Thu Jan 21 11:21:43 2021] [notice] Child 13048: Acquired the start mutex.
[Thu Jan 21 11:21:43 2021] [notice] Child 13048: Starting 64 worker threads.
[Thu Jan 21 11:21:43 2021] [notice] Child 13048: Starting thread to listen on port 81.
[Sat Jan 23 18:05:37 2021] [warn] Init: Session Cache is not configured [hint: SSLSessionCache]
[Sat Jan 23 18:05:38 2021] [warn] pid file C:/MAMP/bin/apache/logs/httpd.pid overwritten -- Unclean shutdown of previous Apache run?
[Sat Jan 23 18:05:38 2021] [notice] Digest: generating secret for digest authentication ...
[Sat Jan 23 18:05:38 2021] [notice] Digest: done
[Sat Jan 23 18:05:41 2021] [notice] Apache/2.2.31 (Win32) DAV/2 mod_ssl/2.2.31 OpenSSL/1.0.2h mod_fcgid/2.3.9 mod_wsgi/3.4 Python/2.7.6 PHP/7.4.1 mod_perl/2.0.8 Perl/v5.16.3 configured -- resuming normal operations
[Sat Jan 23 18:05:41 2021] [notice] Server built: May  6 2016 10:19:53
[Sat Jan 23 18:05:41 2021] [notice] Parent: Created child process 6716
[Sat Jan 23 18:05:42 2021] [warn] Init: Session Cache is not configured [hint: SSLSessionCache]
[Sat Jan 23 18:05:43 2021] [notice] Digest: generating secret for digest authentication ...
[Sat Jan 23 18:05:43 2021] [notice] Digest: done
[Sat Jan 23 18:05:44 2021] [notice] Child 6716: Child process is running
[Sat Jan 23 18:05:50 2021] [notice] Child 6716: Acquired the start mutex.
[Sat Jan 23 18:05:50 2021] [notice] Child 6716: Starting 64 worker threads.
[Sat Jan 23 18:05:50 2021] [notice] Child 6716: Starting thread to listen on port 81.
[Mon Feb 22 10:11:20 2021] [warn] Init: Session Cache is not configured [hint: SSLSessionCache]
[Mon Feb 22 10:11:21 2021] [warn] pid file C:/MAMP/bin/apache/logs/httpd.pid overwritten -- Unclean shutdown of previous Apache run?
[Mon Feb 22 10:11:21 2021] [notice] Digest: generating secret for digest authentication ...
[Mon Feb 22 10:11:21 2021] [notice] Digest: done
[Mon Feb 22 10:11:25 2021] [notice] Apache/2.2.31 (Win32) DAV/2 mod_ssl/2.2.31 OpenSSL/1.0.2h mod_fcgid/2.3.9 mod_wsgi/3.4 Python/2.7.6 PHP/7.4.1 mod_perl/2.0.8 Perl/v5.16.3 configured -- resuming normal operations
[Mon Feb 22 10:11:25 2021] [notice] Server built: May  6 2016 10:19:53
[Mon Feb 22 10:11:25 2021] [notice] Parent: Created child process 8692
[Mon Feb 22 10:11:25 2021] [warn] Init: Session Cache is not configured [hint: SSLSessionCache]
[Mon Feb 22 10:11:26 2021] [notice] Digest: generating secret for digest authentication ...
[Mon Feb 22 10:11:26 2021] [notice] Digest: done
[Mon Feb 22 10:11:27 2021] [notice] Child 8692: Child process is running
[Mon Feb 22 10:11:30 2021] [notice] Child 8692: Acquired the start mutex.
[Mon Feb 22 10:11:30 2021] [notice] Child 8692: Starting 64 worker threads.
[Mon Feb 22 10:11:30 2021] [notice] Child 8692: Starting thread to listen on port 81.
[Mon Feb 22 10:18:55 2021] [warn] Init: Session Cache is not configured [hint: SSLSessionCache]
[Mon Feb 22 10:18:56 2021] [warn] pid file C:/MAMP/bin/apache/logs/httpd.pid overwritten -- Unclean shutdown of previous Apache run?
[Mon Feb 22 10:18:56 2021] [notice] Digest: generating secret for digest authentication ...
[Mon Feb 22 10:18:56 2021] [notice] Digest: done
[Mon Feb 22 10:18:57 2021] [notice] Apache/2.2.31 (Win32) DAV/2 mod_ssl/2.2.31 OpenSSL/1.0.2h mod_fcgid/2.3.9 mod_wsgi/3.4 Python/2.7.6 PHP/7.4.1 mod_perl/2.0.8 Perl/v5.16.3 configured -- resuming normal operations
[Mon Feb 22 10:18:57 2021] [notice] Server built: May  6 2016 10:19:53
[Mon Feb 22 10:18:57 2021] [notice] Parent: Created child process 9728
[Mon Feb 22 10:18:57 2021] [warn] Init: Session Cache is not configured [hint: SSLSessionCache]
[Mon Feb 22 10:18:58 2021] [notice] Digest: generating secret for digest authentication ...
[Mon Feb 22 10:18:58 2021] [notice] Digest: done
[Mon Feb 22 10:18:59 2021] [notice] Child 9728: Child process is running
[Mon Feb 22 10:18:59 2021] [notice] Child 9728: Acquired the start mutex.
[Mon Feb 22 10:18:59 2021] [notice] Child 9728: Starting 64 worker threads.
[Mon Feb 22 10:18:59 2021] [notice] Child 9728: Starting thread to listen on port 81.
[Mon Feb 22 10:19:22 2021] [error] [client 127.0.0.1] File does not exist: C:/MAMP/htdocs/favicon.ico, referer: http://localhost:81/
[Mon Feb 22 10:25:57 2021] [error] [client 127.0.0.1] File does not exist: C:/MAMP/htdocs/docs-assets, referer: http://localhost:81/MAMP/index.php?page=phpmyadmin&language=English
[Mon Feb 22 10:58:26 2021] [error] [client 127.0.0.1] File does not exist: C:/MAMP/htdocs/mirai
[Fri Apr 02 09:46:39 2021] [warn] Init: Session Cache is not configured [hint: SSLSessionCache]
[Fri Apr 02 09:46:40 2021] [warn] pid file C:/MAMP/bin/apache/logs/httpd.pid overwritten -- Unclean shutdown of previous Apache run?
[Fri Apr 02 09:46:40 2021] [notice] Digest: generating secret for digest authentication ...
[Fri Apr 02 09:46:40 2021] [notice] Digest: done
[Fri Apr 02 09:46:47 2021] [notice] Apache/2.2.31 (Win32) DAV/2 mod_ssl/2.2.31 OpenSSL/1.0.2h mod_fcgid/2.3.9 mod_wsgi/3.4 Python/2.7.6 PHP/7.4.1 mod_perl/2.0.8 Perl/v5.16.3 configured -- resuming normal operations
[Fri Apr 02 09:46:47 2021] [notice] Server built: May  6 2016 10:19:53
[Fri Apr 02 09:46:47 2021] [notice] Parent: Created child process 2736
[Fri Apr 02 09:46:48 2021] [warn] Init: Session Cache is not configured [hint: SSLSessionCache]
[Fri Apr 02 09:46:49 2021] [notice] Digest: generating secret for digest authentication ...
[Fri Apr 02 09:46:49 2021] [notice] Digest: done
[Fri Apr 02 09:46:50 2021] [notice] Child 2736: Child process is running
[Fri Apr 02 09:46:58 2021] [notice] Child 2736: Acquired the start mutex.
[Fri Apr 02 09:46:58 2021] [notice] Child 2736: Starting 64 worker threads.
[Fri Apr 02 09:46:58 2021] [notice] Child 2736: Starting thread to listen on port 81.
[Fri Apr 02 09:47:10 2021] [warn] Init: Session Cache is not configured [hint: SSLSessionCache]
[Fri Apr 02 09:47:11 2021] [warn] pid file C:/MAMP/bin/apache/logs/httpd.pid overwritten -- Unclean shutdown of previous Apache run?
[Fri Apr 02 09:47:11 2021] [notice] Digest: generating secret for digest authentication ...
[Fri Apr 02 09:47:11 2021] [notice] Digest: done
[Fri Apr 02 09:47:13 2021] [notice] Apache/2.2.31 (Win32) DAV/2 mod_ssl/2.2.31 OpenSSL/1.0.2h mod_fcgid/2.3.9 mod_wsgi/3.4 Python/2.7.6 PHP/7.4.1 mod_perl/2.0.8 Perl/v5.16.3 configured -- resuming normal operations
[Fri Apr 02 09:47:13 2021] [notice] Server built: May  6 2016 10:19:53
[Fri Apr 02 09:47:13 2021] [notice] Parent: Created child process 11792
[Fri Apr 02 09:47:14 2021] [warn] Init: Session Cache is not configured [hint: SSLSessionCache]
[Fri Apr 02 09:47:15 2021] [notice] Digest: generating secret for digest authentication ...
[Fri Apr 02 09:47:15 2021] [notice] Digest: done
[Fri Apr 02 09:47:17 2021] [notice] Child 11792: Child process is running
[Fri Apr 02 09:47:17 2021] [notice] Child 11792: Acquired the start mutex.
[Fri Apr 02 09:47:17 2021] [notice] Child 11792: Starting 64 worker threads.
[Fri Apr 02 09:47:17 2021] [notice] Child 11792: Starting thread to listen on port 81.
[Fri Apr 02 12:48:00 2021] [warn] Init: Session Cache is not configured [hint: SSLSessionCache]
[Fri Apr 02 12:48:01 2021] [warn] pid file C:/MAMP/bin/apache/logs/httpd.pid overwritten -- Unclean shutdown of previous Apache run?
[Fri Apr 02 12:48:01 2021] [notice] Digest: generating secret for digest authentication ...
[Fri Apr 02 12:48:01 2021] [notice] Digest: done
[Fri Apr 02 12:48:07 2021] [notice] Apache/2.2.31 (Win32) DAV/2 mod_ssl/2.2.31 OpenSSL/1.0.2h mod_fcgid/2.3.9 mod_wsgi/3.4 Python/2.7.6 PHP/7.4.1 mod_perl/2.0.8 Perl/v5.16.3 configured -- resuming normal operations
[Fri Apr 02 12:48:07 2021] [notice] Server built: May  6 2016 10:19:53
[Fri Apr 02 12:48:07 2021] [notice] Parent: Created child process 7120
[Fri Apr 02 12:48:08 2021] [warn] Init: Session Cache is not configured [hint: SSLSessionCache]
[Fri Apr 02 12:48:09 2021] [notice] Digest: generating secret for digest authentication ...
[Fri Apr 02 12:48:09 2021] [notice] Digest: done
[Fri Apr 02 12:48:10 2021] [notice] Child 7120: Child process is running
[Fri Apr 02 12:48:11 2021] [notice] Child 7120: Acquired the start mutex.
[Fri Apr 02 12:48:11 2021] [notice] Child 7120: Starting 64 worker threads.
[Fri Apr 02 12:48:11 2021] [notice] Child 7120: Starting thread to listen on port 81.
[Fri Apr 02 12:50:11 2021] [warn] Init: Session Cache is not configured [hint: SSLSessionCache]
[Fri Apr 02 12:50:12 2021] [warn] pid file C:/MAMP/bin/apache/logs/httpd.pid overwritten -- Unclean shutdown of previous Apache run?
[Fri Apr 02 12:50:12 2021] [notice] Digest: generating secret for digest authentication ...
[Fri Apr 02 12:50:12 2021] [notice] Digest: done
[Fri Apr 02 12:50:13 2021] [notice] Apache/2.2.31 (Win32) DAV/2 mod_ssl/2.2.31 OpenSSL/1.0.2h mod_fcgid/2.3.9 mod_wsgi/3.4 Python/2.7.6 PHP/7.4.1 mod_perl/2.0.8 Perl/v5.16.3 configured -- resuming normal operations
[Fri Apr 02 12:50:13 2021] [notice] Server built: May  6 2016 10:19:53
[Fri Apr 02 12:50:13 2021] [notice] Parent: Created child process 12020
[Fri Apr 02 12:50:13 2021] [warn] Init: Session Cache is not configured [hint: SSLSessionCache]
[Fri Apr 02 12:50:14 2021] [notice] Digest: generating secret for digest authentication ...
[Fri Apr 02 12:50:14 2021] [notice] Digest: done
[Fri Apr 02 12:50:15 2021] [notice] Child 12020: Child process is running
[Fri Apr 02 12:50:15 2021] [notice] Child 12020: Acquired the start mutex.
[Fri Apr 02 12:50:15 2021] [notice] Child 12020: Starting 64 worker threads.
[Fri Apr 02 12:50:15 2021] [notice] Child 12020: Starting thread to listen on port 81.
[Sun Apr 04 01:59:06 2021] [warn] Init: Session Cache is not configured [hint: SSLSessionCache]
[Sun Apr 04 01:59:07 2021] [warn] pid file C:/MAMP/bin/apache/logs/httpd.pid overwritten -- Unclean shutdown of previous Apache run?
[Sun Apr 04 01:59:07 2021] [notice] Digest: generating secret for digest authentication ...
[Sun Apr 04 01:59:07 2021] [notice] Digest: done
[Sun Apr 04 01:59:11 2021] [notice] Apache/2.2.31 (Win32) DAV/2 mod_ssl/2.2.31 OpenSSL/1.0.2h mod_fcgid/2.3.9 mod_wsgi/3.4 Python/2.7.6 PHP/7.4.1 mod_perl/2.0.8 Perl/v5.16.3 configured -- resuming normal operations
[Sun Apr 04 01:59:11 2021] [notice] Server built: May  6 2016 10:19:53
[Sun Apr 04 01:59:11 2021] [notice] Parent: Created child process 24572
[Sun Apr 04 01:59:11 2021] [warn] Init: Session Cache is not configured [hint: SSLSessionCache]
[Sun Apr 04 01:59:12 2021] [notice] Digest: generating secret for digest authentication ...
[Sun Apr 04 01:59:12 2021] [notice] Digest: done
[Sun Apr 04 01:59:13 2021] [notice] Child 24572: Child process is running
[Sun Apr 04 01:59:15 2021] [notice] Child 24572: Acquired the start mutex.
[Sun Apr 04 01:59:15 2021] [notice] Child 24572: Starting 64 worker threads.
[Sun Apr 04 01:59:15 2021] [notice] Child 24572: Starting thread to listen on port 81.
[Sun Apr 04 01:59:31 2021] [warn] Init: Session Cache is not configured [hint: SSLSessionCache]
[Sun Apr 04 01:59:32 2021] [warn] pid file C:/MAMP/bin/apache/logs/httpd.pid overwritten -- Unclean shutdown of previous Apache run?
[Sun Apr 04 01:59:32 2021] [notice] Digest: generating secret for digest authentication ...
[Sun Apr 04 01:59:32 2021] [notice] Digest: done
[Sun Apr 04 01:59:33 2021] [notice] Apache/2.2.31 (Win32) DAV/2 mod_ssl/2.2.31 OpenSSL/1.0.2h mod_fcgid/2.3.9 mod_wsgi/3.4 Python/2.7.6 PHP/7.4.1 mod_perl/2.0.8 Perl/v5.16.3 configured -- resuming normal operations
[Sun Apr 04 01:59:33 2021] [notice] Server built: May  6 2016 10:19:53
[Sun Apr 04 01:59:33 2021] [notice] Parent: Created child process 29200
[Sun Apr 04 01:59:33 2021] [warn] Init: Session Cache is not configured [hint: SSLSessionCache]
[Sun Apr 04 01:59:34 2021] [notice] Digest: generating secret for digest authentication ...
[Sun Apr 04 01:59:34 2021] [notice] Digest: done
[Sun Apr 04 01:59:35 2021] [notice] Child 29200: Child process is running
[Sun Apr 04 01:59:35 2021] [notice] Child 29200: Acquired the start mutex.
[Sun Apr 04 01:59:35 2021] [notice] Child 29200: Starting 64 worker threads.
[Sun Apr 04 01:59:35 2021] [notice] Child 29200: Starting thread to listen on port 81.
[Sun Apr 04 02:03:39 2021] [error] [client 127.0.0.1] File does not exist: C:/MAMP/htdocs/favicon.ico, referer: http://localhost:81/login.php
[Sun Apr 04 02:22:05 2021] [error] [client 127.0.0.1] File does not exist: C:/MAMP/htdocs/docs-assets, referer: http://localhost:81/MAMP/index.php?page=phpmyadmin&language=English
[Thu Apr 08 15:34:14 2021] [warn] Init: Session Cache is not configured [hint: SSLSessionCache]
[Thu Apr 08 15:34:15 2021] [warn] pid file C:/MAMP/bin/apache/logs/httpd.pid overwritten -- Unclean shutdown of previous Apache run?
[Thu Apr 08 15:34:15 2021] [notice] Digest: generating secret for digest authentication ...
[Thu Apr 08 15:34:15 2021] [notice] Digest: done
[Thu Apr 08 15:34:27 2021] [notice] Apache/2.2.31 (Win32) DAV/2 mod_ssl/2.2.31 OpenSSL/1.0.2h mod_fcgid/2.3.9 mod_wsgi/3.4 Python/2.7.6 PHP/7.4.1 mod_perl/2.0.8 Perl/v5.16.3 configured -- resuming normal operations
[Thu Apr 08 15:34:27 2021] [notice] Server built: May  6 2016 10:19:53
[Thu Apr 08 15:34:28 2021] [notice] Parent: Created child process 13260
[Thu Apr 08 15:34:28 2021] [warn] Init: Session Cache is not configured [hint: SSLSessionCache]
[Thu Apr 08 15:34:29 2021] [notice] Digest: generating secret for digest authentication ...
[Thu Apr 08 15:34:29 2021] [notice] Digest: done
[Thu Apr 08 15:34:30 2021] [notice] Child 13260: Child process is running
[Thu Apr 08 15:34:39 2021] [notice] Child 13260: Acquired the start mutex.
[Thu Apr 08 15:34:39 2021] [notice] Child 13260: Starting 64 worker threads.
[Thu Apr 08 15:34:39 2021] [notice] Child 13260: Starting thread to listen on port 81.
[Thu Apr 08 15:46:57 2021] [warn] Init: Session Cache is not configured [hint: SSLSessionCache]
[Thu Apr 08 15:46:58 2021] [warn] pid file C:/MAMP/bin/apache/logs/httpd.pid overwritten -- Unclean shutdown of previous Apache run?
[Thu Apr 08 15:46:58 2021] [notice] Digest: generating secret for digest authentication ...
[Thu Apr 08 15:46:58 2021] [notice] Digest: done
[Thu Apr 08 15:46:59 2021] [notice] Apache/2.2.31 (Win32) DAV/2 mod_ssl/2.2.31 OpenSSL/1.0.2h mod_fcgid/2.3.9 mod_wsgi/3.4 Python/2.7.6 PHP/7.4.1 mod_perl/2.0.8 Perl/v5.16.3 configured -- resuming normal operations
[Thu Apr 08 15:46:59 2021] [notice] Server built: May  6 2016 10:19:53
[Thu Apr 08 15:46:59 2021] [notice] Parent: Created child process 20816
[Thu Apr 08 15:46:59 2021] [warn] Init: Session Cache is not configured [hint: SSLSessionCache]
[Thu Apr 08 15:47:00 2021] [notice] Digest: generating secret for digest authentication ...
[Thu Apr 08 15:47:00 2021] [notice] Digest: done
[Thu Apr 08 15:47:01 2021] [notice] Child 20816: Child process is running
[Thu Apr 08 15:47:01 2021] [notice] Child 20816: Acquired the start mutex.
[Thu Apr 08 15:47:01 2021] [notice] Child 20816: Starting 64 worker threads.
[Thu Apr 08 15:47:01 2021] [notice] Child 20816: Starting thread to listen on port 81.
[Fri Apr 09 19:55:30 2021] [error] [client 127.0.0.1] File does not exist: C:/MAMP/htdocs/docs-assets, referer: http://localhost:81/MAMP/index.php?page=phpmyadmin&language=English
[Mon Apr 19 01:10:58 2021] [warn] Init: Session Cache is not configured [hint: SSLSessionCache]
[Mon Apr 19 01:10:59 2021] [warn] pid file C:/MAMP/bin/apache/logs/httpd.pid overwritten -- Unclean shutdown of previous Apache run?
[Mon Apr 19 01:10:59 2021] [notice] Digest: generating secret for digest authentication ...
[Mon Apr 19 01:10:59 2021] [notice] Digest: done
[Mon Apr 19 01:11:04 2021] [notice] Apache/2.2.31 (Win32) DAV/2 mod_ssl/2.2.31 OpenSSL/1.0.2h mod_fcgid/2.3.9 mod_wsgi/3.4 Python/2.7.6 PHP/7.4.1 mod_perl/2.0.8 Perl/v5.16.3 configured -- resuming normal operations
[Mon Apr 19 01:11:04 2021] [notice] Server built: May  6 2016 10:19:53
[Mon Apr 19 01:11:04 2021] [notice] Parent: Created child process 18744
[Mon Apr 19 01:11:05 2021] [warn] Init: Session Cache is not configured [hint: SSLSessionCache]
[Mon Apr 19 01:11:06 2021] [notice] Digest: generating secret for digest authentication ...
[Mon Apr 19 01:11:06 2021] [notice] Digest: done
[Mon Apr 19 01:11:07 2021] [notice] Child 18744: Child process is running
[Mon Apr 19 01:11:10 2021] [notice] Child 18744: Acquired the start mutex.
[Mon Apr 19 01:11:10 2021] [notice] Child 18744: Starting 64 worker threads.
[Mon Apr 19 01:11:10 2021] [notice] Child 18744: Starting thread to listen on port 81.
[Mon Apr 19 01:11:20 2021] [warn] Init: Session Cache is not configured [hint: SSLSessionCache]
[Mon Apr 19 01:11:21 2021] [warn] pid file C:/MAMP/bin/apache/logs/httpd.pid overwritten -- Unclean shutdown of previous Apache run?
[Mon Apr 19 01:11:21 2021] [notice] Digest: generating secret for digest authentication ...
[Mon Apr 19 01:11:21 2021] [notice] Digest: done
[Mon Apr 19 01:11:22 2021] [notice] Apache/2.2.31 (Win32) DAV/2 mod_ssl/2.2.31 OpenSSL/1.0.2h mod_fcgid/2.3.9 mod_wsgi/3.4 Python/2.7.6 PHP/7.4.1 mod_perl/2.0.8 Perl/v5.16.3 configured -- resuming normal operations
[Mon Apr 19 01:11:22 2021] [notice] Server built: May  6 2016 10:19:53
[Mon Apr 19 01:11:22 2021] [notice] Parent: Created child process 20988
[Mon Apr 19 01:11:22 2021] [warn] Init: Session Cache is not configured [hint: SSLSessionCache]
[Mon Apr 19 01:11:23 2021] [notice] Digest: generating secret for digest authentication ...
[Mon Apr 19 01:11:23 2021] [notice] Digest: done
[Mon Apr 19 01:11:24 2021] [notice] Child 20988: Child process is running
[Mon Apr 19 01:11:24 2021] [notice] Child 20988: Acquired the start mutex.
[Mon Apr 19 01:11:24 2021] [notice] Child 20988: Starting 64 worker threads.
[Mon Apr 19 01:11:24 2021] [notice] Child 20988: Starting thread to listen on port 81.
[Sun May 02 14:15:23 2021] [warn] Init: Session Cache is not configured [hint: SSLSessionCache]
[Sun May 02 14:15:24 2021] [warn] pid file C:/MAMP/bin/apache/logs/httpd.pid overwritten -- Unclean shutdown of previous Apache run?
[Sun May 02 14:15:24 2021] [notice] Digest: generating secret for digest authentication ...
[Sun May 02 14:15:24 2021] [notice] Digest: done
[Sun May 02 14:15:29 2021] [notice] Apache/2.2.31 (Win32) DAV/2 mod_ssl/2.2.31 OpenSSL/1.0.2h mod_fcgid/2.3.9 mod_wsgi/3.4 Python/2.7.6 PHP/7.4.1 mod_perl/2.0.8 Perl/v5.16.3 configured -- resuming normal operations
[Sun May 02 14:15:29 2021] [notice] Server built: May  6 2016 10:19:53
[Sun May 02 14:15:29 2021] [notice] Parent: Created child process 11352
[Sun May 02 14:15:30 2021] [warn] Init: Session Cache is not configured [hint: SSLSessionCache]
[Sun May 02 14:15:31 2021] [notice] Digest: generating secret for digest authentication ...
[Sun May 02 14:15:31 2021] [notice] Digest: done
[Sun May 02 14:15:32 2021] [notice] Child 11352: Child process is running
[Sun May 02 14:15:34 2021] [notice] Child 11352: Acquired the start mutex.
[Sun May 02 14:15:34 2021] [notice] Child 11352: Starting 64 worker threads.
[Sun May 02 14:15:34 2021] [notice] Child 11352: Starting thread to listen on port 81.
[Sun May 02 14:42:16 2021] [warn] Init: Session Cache is not configured [hint: SSLSessionCache]
[Sun May 02 14:42:17 2021] [warn] pid file C:/MAMP/bin/apache/logs/httpd.pid overwritten -- Unclean shutdown of previous Apache run?
[Sun May 02 14:42:17 2021] [notice] Digest: generating secret for digest authentication ...
[Sun May 02 14:42:17 2021] [notice] Digest: done
[Sun May 02 14:42:19 2021] [notice] Apache/2.2.31 (Win32) DAV/2 mod_ssl/2.2.31 OpenSSL/1.0.2h mod_fcgid/2.3.9 mod_wsgi/3.4 Python/2.7.6 PHP/7.4.1 mod_perl/2.0.8 Perl/v5.16.3 configured -- resuming normal operations
[Sun May 02 14:42:19 2021] [notice] Server built: May  6 2016 10:19:53
[Sun May 02 14:42:19 2021] [notice] Parent: Created child process 17788
[Sun May 02 14:42:19 2021] [warn] Init: Session Cache is not configured [hint: SSLSessionCache]
[Sun May 02 14:42:20 2021] [notice] Digest: generating secret for digest authentication ...
[Sun May 02 14:42:20 2021] [notice] Digest: done
[Sun May 02 14:42:21 2021] [notice] Child 17788: Child process is running
[Sun May 02 14:42:22 2021] [notice] Child 17788: Acquired the start mutex.
[Sun May 02 14:42:22 2021] [notice] Child 17788: Starting 64 worker threads.
[Sun May 02 14:42:22 2021] [notice] Child 17788: Starting thread to listen on port 81.
[Sun May 02 14:44:38 2021] [error] [client 127.0.0.1] File does not exist: C:/MAMP/htdocs/docs-assets, referer: http://localhost:81/MAMP/
[Sun May 02 14:58:37 2021] [error] [client 127.0.0.1] File does not exist: C:/MAMP/htdocs/favicon.ico, referer: http://localhost:81/
[Sun May 02 14:58:47 2021] [error] [client 127.0.0.1] File does not exist: C:/MAMP/htdocs/mamp
[Sun May 02 16:03:54 2021] [warn] Init: Session Cache is not configured [hint: SSLSessionCache]
[Sun May 02 16:03:55 2021] [warn] pid file C:/MAMP/bin/apache/logs/httpd.pid overwritten -- Unclean shutdown of previous Apache run?
[Sun May 02 16:03:55 2021] [notice] Digest: generating secret for digest authentication ...
[Sun May 02 16:03:55 2021] [notice] Digest: done
[Sun May 02 16:03:56 2021] [notice] Apache/2.2.31 (Win32) DAV/2 mod_ssl/2.2.31 OpenSSL/1.0.2h mod_fcgid/2.3.9 mod_wsgi/3.4 Python/2.7.6 PHP/7.4.1 mod_perl/2.0.8 Perl/v5.16.3 configured -- resuming normal operations
[Sun May 02 16:03:56 2021] [notice] Server built: May  6 2016 10:19:53
[Sun May 02 16:03:56 2021] [notice] Parent: Created child process 15452
[Sun May 02 16:03:56 2021] [warn] Init: Session Cache is not configured [hint: SSLSessionCache]
[Sun May 02 16:03:57 2021] [notice] Digest: generating secret for digest authentication ...
[Sun May 02 16:03:57 2021] [notice] Digest: done
[Sun May 02 16:03:58 2021] [notice] Child 15452: Child process is running
[Sun May 02 16:03:58 2021] [notice] Child 15452: Acquired the start mutex.
[Sun May 02 16:03:58 2021] [notice] Child 15452: Starting 64 worker threads.
[Sun May 02 16:03:58 2021] [notice] Child 15452: Starting thread to listen on port 81.
[Sun May 02 18:07:01 2021] [error] [client 127.0.0.1] File does not exist: C:/MAMP/htdocs/favicon.ico, referer: http://127.0.0.1:81/
[Sun May 02 18:10:14 2021] [error] [client 127.0.0.1] File does not exist: C:/MAMP/htdocs/Client Files/src
[Sun May 02 18:11:34 2021] [error] [client 127.0.0.1] File does not exist: C:/MAMP/htdocs/Client Files/login.html/
[Sun May 02 18:11:37 2021] [error] [client 127.0.0.1] File does not exist: C:/MAMP/htdocs/Client Files/login
[Sun May 02 18:11:40 2021] [error] [client 127.0.0.1] File does not exist: C:/MAMP/htdocs/Client Files/login
[Mon May 03 08:51:09 2021] [warn] Init: Session Cache is not configured [hint: SSLSessionCache]
[Mon May 03 08:51:10 2021] [warn] pid file C:/MAMP/bin/apache/logs/httpd.pid overwritten -- Unclean shutdown of previous Apache run?
[Mon May 03 08:51:10 2021] [notice] Digest: generating secret for digest authentication ...
[Mon May 03 08:51:10 2021] [notice] Digest: done
[Mon May 03 08:51:15 2021] [notice] Apache/2.2.31 (Win32) DAV/2 mod_ssl/2.2.31 OpenSSL/1.0.2h mod_fcgid/2.3.9 mod_wsgi/3.4 Python/2.7.6 PHP/7.4.1 mod_perl/2.0.8 Perl/v5.16.3 configured -- resuming normal operations
[Mon May 03 08:51:15 2021] [notice] Server built: May  6 2016 10:19:53
[Mon May 03 08:51:15 2021] [notice] Parent: Created child process 2812
[Mon May 03 08:51:15 2021] [warn] Init: Session Cache is not configured [hint: SSLSessionCache]
[Mon May 03 08:51:16 2021] [notice] Digest: generating secret for digest authentication ...
[Mon May 03 08:51:16 2021] [notice] Digest: done
[Mon May 03 08:51:17 2021] [notice] Child 2812: Child process is running
[Mon May 03 08:51:19 2021] [notice] Child 2812: Acquired the start mutex.
[Mon May 03 08:51:19 2021] [notice] Child 2812: Starting 64 worker threads.
[Mon May 03 08:51:19 2021] [notice] Child 2812: Starting thread to listen on port 81.
[Mon May 03 08:51:32 2021] [warn] Init: Session Cache is not configured [hint: SSLSessionCache]
[Mon May 03 08:51:33 2021] [warn] pid file C:/MAMP/bin/apache/logs/httpd.pid overwritten -- Unclean shutdown of previous Apache run?
[Mon May 03 08:51:33 2021] [notice] Digest: generating secret for digest authentication ...
[Mon May 03 08:51:33 2021] [notice] Digest: done
[Mon May 03 08:51:34 2021] [notice] Apache/2.2.31 (Win32) DAV/2 mod_ssl/2.2.31 OpenSSL/1.0.2h mod_fcgid/2.3.9 mod_wsgi/3.4 Python/2.7.6 PHP/7.4.1 mod_perl/2.0.8 Perl/v5.16.3 configured -- resuming normal operations
[Mon May 03 08:51:34 2021] [notice] Server built: May  6 2016 10:19:53
[Mon May 03 08:51:34 2021] [notice] Parent: Created child process 6580
[Mon May 03 08:51:34 2021] [warn] Init: Session Cache is not configured [hint: SSLSessionCache]
[Mon May 03 08:51:35 2021] [notice] Digest: generating secret for digest authentication ...
[Mon May 03 08:51:35 2021] [notice] Digest: done
[Mon May 03 08:51:36 2021] [notice] Child 6580: Child process is running
[Mon May 03 08:51:36 2021] [notice] Child 6580: Acquired the start mutex.
[Mon May 03 08:51:36 2021] [notice] Child 6580: Starting 64 worker threads.
[Mon May 03 08:51:36 2021] [notice] Child 6580: Starting thread to listen on port 81.
[Thu May 13 10:58:47 2021] [warn] Init: Session Cache is not configured [hint: SSLSessionCache]
[Thu May 13 10:58:48 2021] [warn] pid file C:/MAMP/bin/apache/logs/httpd.pid overwritten -- Unclean shutdown of previous Apache run?
[Thu May 13 10:58:48 2021] [notice] Digest: generating secret for digest authentication ...
[Thu May 13 10:58:48 2021] [notice] Digest: done
[Thu May 13 10:58:53 2021] [notice] Apache/2.2.31 (Win32) DAV/2 mod_ssl/2.2.31 OpenSSL/1.0.2h mod_fcgid/2.3.9 mod_wsgi/3.4 Python/2.7.6 PHP/7.4.1 mod_perl/2.0.8 Perl/v5.16.3 configured -- resuming normal operations
[Thu May 13 10:58:53 2021] [notice] Server built: May  6 2016 10:19:53
[Thu May 13 10:58:53 2021] [notice] Parent: Created child process 7296
[Thu May 13 10:58:54 2021] [warn] Init: Session Cache is not configured [hint: SSLSessionCache]
[Thu May 13 10:58:55 2021] [notice] Digest: generating secret for digest authentication ...
[Thu May 13 10:58:55 2021] [notice] Digest: done
[Thu May 13 10:58:56 2021] [notice] Child 7296: Child process is running
[Thu May 13 10:58:58 2021] [notice] Child 7296: Acquired the start mutex.
[Thu May 13 10:58:58 2021] [notice] Child 7296: Starting 64 worker threads.
[Thu May 13 10:58:58 2021] [notice] Child 7296: Starting thread to listen on port 81.
[Thu May 13 10:59:04 2021] [warn] Init: Session Cache is not configured [hint: SSLSessionCache]
[Thu May 13 10:59:05 2021] [warn] pid file C:/MAMP/bin/apache/logs/httpd.pid overwritten -- Unclean shutdown of previous Apache run?
[Thu May 13 10:59:05 2021] [notice] Digest: generating secret for digest authentication ...
[Thu May 13 10:59:05 2021] [notice] Digest: done
[Thu May 13 10:59:06 2021] [notice] Apache/2.2.31 (Win32) DAV/2 mod_ssl/2.2.31 OpenSSL/1.0.2h mod_fcgid/2.3.9 mod_wsgi/3.4 Python/2.7.6 PHP/7.4.1 mod_perl/2.0.8 Perl/v5.16.3 configured -- resuming normal operations
[Thu May 13 10:59:06 2021] [notice] Server built: May  6 2016 10:19:53
[Thu May 13 10:59:06 2021] [notice] Parent: Created child process 17268
[Thu May 13 10:59:06 2021] [warn] Init: Session Cache is not configured [hint: SSLSessionCache]
[Thu May 13 10:59:07 2021] [notice] Digest: generating secret for digest authentication ...
[Thu May 13 10:59:07 2021] [notice] Digest: done
[Thu May 13 10:59:08 2021] [notice] Child 17268: Child process is running
[Thu May 13 10:59:08 2021] [notice] Child 17268: Acquired the start mutex.
[Thu May 13 10:59:08 2021] [notice] Child 17268: Starting 64 worker threads.
[Thu May 13 10:59:08 2021] [notice] Child 17268: Starting thread to listen on port 81.
[Thu May 13 15:19:32 2021] [error] [client 127.0.0.1] File does not exist: C:/MAMP/htdocs/favicon.ico, referer: http://localhost:81/
[Thu May 13 15:19:39 2021] [error] [client 127.0.0.1] File does not exist: C:/MAMP/htdocs/docs-assets, referer: http://localhost:81/MAMP/
[Sat Jun 05 08:30:55 2021] [warn] Init: Session Cache is not configured [hint: SSLSessionCache]
[Sat Jun 05 08:30:56 2021] [warn] pid file C:/MAMP/bin/apache/logs/httpd.pid overwritten -- Unclean shutdown of previous Apache run?
[Sat Jun 05 08:30:56 2021] [notice] Digest: generating secret for digest authentication ...
[Sat Jun 05 08:30:56 2021] [notice] Digest: done
[Sat Jun 05 08:31:11 2021] [notice] Apache/2.2.31 (Win32) DAV/2 mod_ssl/2.2.31 OpenSSL/1.0.2h mod_fcgid/2.3.9 mod_wsgi/3.4 Python/2.7.6 PHP/7.4.1 mod_perl/2.0.8 Perl/v5.16.3 configured -- resuming normal operations
[Sat Jun 05 08:31:11 2021] [notice] Server built: May  6 2016 10:19:53
[Sat Jun 05 08:31:11 2021] [notice] Parent: Created child process 6128
[Sat Jun 05 08:31:13 2021] [warn] Init: Session Cache is not configured [hint: SSLSessionCache]
[Sat Jun 05 08:31:14 2021] [notice] Digest: generating secret for digest authentication ...
[Sat Jun 05 08:31:14 2021] [notice] Digest: done
[Sat Jun 05 08:31:16 2021] [notice] Child 6128: Child process is running
[Sat Jun 05 08:31:30 2021] [notice] Child 6128: Acquired the start mutex.
[Sat Jun 05 08:31:30 2021] [notice] Child 6128: Starting 64 worker threads.
[Sat Jun 05 08:31:30 2021] [notice] Child 6128: Starting thread to listen on port 81.
[Sat Jun 05 08:33:01 2021] [warn] Init: Session Cache is not configured [hint: SSLSessionCache]
[Sat Jun 05 08:33:02 2021] [warn] pid file C:/MAMP/bin/apache/logs/httpd.pid overwritten -- Unclean shutdown of previous Apache run?
[Sat Jun 05 08:33:02 2021] [notice] Digest: generating secret for digest authentication ...
[Sat Jun 05 08:33:02 2021] [notice] Digest: done
[Sat Jun 05 08:33:04 2021] [notice] Apache/2.2.31 (Win32) DAV/2 mod_ssl/2.2.31 OpenSSL/1.0.2h mod_fcgid/2.3.9 mod_wsgi/3.4 Python/2.7.6 PHP/7.4.1 mod_perl/2.0.8 Perl/v5.16.3 configured -- resuming normal operations
[Sat Jun 05 08:33:04 2021] [notice] Server built: May  6 2016 10:19:53
[Sat Jun 05 08:33:04 2021] [notice] Parent: Created child process 10168
[Sat Jun 05 08:33:05 2021] [warn] Init: Session Cache is not configured [hint: SSLSessionCache]
[Sat Jun 05 08:33:06 2021] [notice] Digest: generating secret for digest authentication ...
[Sat Jun 05 08:33:06 2021] [notice] Digest: done
[Sat Jun 05 08:33:08 2021] [notice] Child 10168: Child process is running
[Sat Jun 05 08:33:08 2021] [notice] Child 10168: Acquired the start mutex.
[Sat Jun 05 08:33:08 2021] [notice] Child 10168: Starting 64 worker threads.
[Sat Jun 05 08:33:08 2021] [notice] Child 10168: Starting thread to listen on port 81.
[Sun Jun 06 11:25:09 2021] [warn] Init: Session Cache is not configured [hint: SSLSessionCache]
[Sun Jun 06 11:25:10 2021] [warn] pid file C:/MAMP/bin/apache/logs/httpd.pid overwritten -- Unclean shutdown of previous Apache run?
[Sun Jun 06 11:25:10 2021] [notice] Digest: generating secret for digest authentication ...
[Sun Jun 06 11:25:10 2021] [notice] Digest: done
[Sun Jun 06 11:25:20 2021] [warn] Init: Session Cache is not configured [hint: SSLSessionCache]
[Sun Jun 06 11:25:21 2021] [warn] pid file C:/MAMP/bin/apache/logs/httpd.pid overwritten -- Unclean shutdown of previous Apache run?
[Sun Jun 06 11:25:21 2021] [notice] Digest: generating secret for digest authentication ...
[Sun Jun 06 11:25:21 2021] [notice] Digest: done
[Sun Jun 06 11:25:25 2021] [notice] Apache/2.2.31 (Win32) DAV/2 mod_ssl/2.2.31 OpenSSL/1.0.2h mod_fcgid/2.3.9 mod_wsgi/3.4 Python/2.7.6 PHP/7.4.1 mod_perl/2.0.8 Perl/v5.16.3 configured -- resuming normal operations
[Sun Jun 06 11:25:25 2021] [notice] Server built: May  6 2016 10:19:53
[Sun Jun 06 11:25:25 2021] [notice] Parent: Created child process 7244
[Sun Jun 06 11:25:26 2021] [warn] Init: Session Cache is not configured [hint: SSLSessionCache]
[Sun Jun 06 11:25:27 2021] [notice] Digest: generating secret for digest authentication ...
[Sun Jun 06 11:25:27 2021] [notice] Digest: done
[Sun Jun 06 11:25:29 2021] [notice] Child 7244: Child process is running
[Sun Jun 06 11:25:35 2021] [notice] Child 7244: Acquired the start mutex.
[Sun Jun 06 11:25:35 2021] [notice] Child 7244: Starting 64 worker threads.
[Sun Jun 06 11:25:35 2021] [notice] Child 7244: Starting thread to listen on port 81.
[Sun Jun 06 11:26:01 2021] [warn] Init: Session Cache is not configured [hint: SSLSessionCache]
[Sun Jun 06 11:26:02 2021] [warn] pid file C:/MAMP/bin/apache/logs/httpd.pid overwritten -- Unclean shutdown of previous Apache run?
[Sun Jun 06 11:26:02 2021] [notice] Digest: generating secret for digest authentication ...
[Sun Jun 06 11:26:02 2021] [notice] Digest: done
[Sun Jun 06 11:26:04 2021] [notice] Apache/2.2.31 (Win32) DAV/2 mod_ssl/2.2.31 OpenSSL/1.0.2h mod_fcgid/2.3.9 mod_wsgi/3.4 Python/2.7.6 PHP/7.4.1 mod_perl/2.0.8 Perl/v5.16.3 configured -- resuming normal operations
[Sun Jun 06 11:26:04 2021] [notice] Server built: May  6 2016 10:19:53
[Sun Jun 06 11:26:04 2021] [notice] Parent: Created child process 6736
[Sun Jun 06 11:26:05 2021] [warn] Init: Session Cache is not configured [hint: SSLSessionCache]
[Sun Jun 06 11:26:06 2021] [notice] Digest: generating secret for digest authentication ...
[Sun Jun 06 11:26:06 2021] [notice] Digest: done
[Sun Jun 06 11:26:08 2021] [notice] Child 6736: Child process is running
[Sun Jun 06 11:26:08 2021] [notice] Child 6736: Acquired the start mutex.
[Sun Jun 06 11:26:08 2021] [notice] Child 6736: Starting 64 worker threads.
[Sun Jun 06 11:26:08 2021] [notice] Child 6736: Starting thread to listen on port 81.
[Mon Jun 07 11:57:40 2021] [error] [client 127.0.0.1] File does not exist: C:/MAMP/htdocs/docs-assets, referer: http://localhost:81/MAMP/
[Tue Jun 08 13:03:52 2021] [warn] Init: Session Cache is not configured [hint: SSLSessionCache]
[Tue Jun 08 13:03:53 2021] [warn] pid file C:/MAMP/bin/apache/logs/httpd.pid overwritten -- Unclean shutdown of previous Apache run?
[Tue Jun 08 13:03:53 2021] [notice] Digest: generating secret for digest authentication ...
[Tue Jun 08 13:03:53 2021] [notice] Digest: done
[Tue Jun 08 13:03:57 2021] [notice] Apache/2.2.31 (Win32) DAV/2 mod_ssl/2.2.31 OpenSSL/1.0.2h mod_fcgid/2.3.9 mod_wsgi/3.4 Python/2.7.6 PHP/7.4.1 mod_perl/2.0.8 Perl/v5.16.3 configured -- resuming normal operations
[Tue Jun 08 13:03:57 2021] [notice] Server built: May  6 2016 10:19:53
[Tue Jun 08 13:03:57 2021] [notice] Parent: Created child process 13416
[Tue Jun 08 13:03:58 2021] [warn] Init: Session Cache is not configured [hint: SSLSessionCache]
[Tue Jun 08 13:03:59 2021] [notice] Digest: generating secret for digest authentication ...
[Tue Jun 08 13:03:59 2021] [notice] Digest: done
[Tue Jun 08 13:04:00 2021] [notice] Child 13416: Child process is running
[Tue Jun 08 13:04:02 2021] [notice] Child 13416: Acquired the start mutex.
[Tue Jun 08 13:04:02 2021] [notice] Child 13416: Starting 64 worker threads.
[Tue Jun 08 13:04:02 2021] [notice] Child 13416: Starting thread to listen on port 81.
[Tue Jun 08 13:06:25 2021] [warn] Init: Session Cache is not configured [hint: SSLSessionCache]
[Tue Jun 08 13:06:26 2021] [warn] pid file C:/MAMP/bin/apache/logs/httpd.pid overwritten -- Unclean shutdown of previous Apache run?
[Tue Jun 08 13:06:26 2021] [notice] Digest: generating secret for digest authentication ...
[Tue Jun 08 13:06:26 2021] [notice] Digest: done
[Tue Jun 08 13:06:28 2021] [notice] Apache/2.2.31 (Win32) DAV/2 mod_ssl/2.2.31 OpenSSL/1.0.2h mod_fcgid/2.3.9 mod_wsgi/3.4 Python/2.7.6 PHP/7.4.1 mod_perl/2.0.8 Perl/v5.16.3 configured -- resuming normal operations
[Tue Jun 08 13:06:28 2021] [notice] Server built: May  6 2016 10:19:53
[Tue Jun 08 13:06:28 2021] [notice] Parent: Created child process 5516
[Tue Jun 08 13:06:30 2021] [warn] Init: Session Cache is not configured [hint: SSLSessionCache]
[Tue Jun 08 13:06:31 2021] [notice] Digest: generating secret for digest authentication ...
[Tue Jun 08 13:06:31 2021] [notice] Digest: done
[Tue Jun 08 13:06:33 2021] [notice] Child 5516: Child process is running
[Tue Jun 08 13:06:33 2021] [notice] Child 5516: Acquired the start mutex.
[Tue Jun 08 13:06:33 2021] [notice] Child 5516: Starting 64 worker threads.
[Tue Jun 08 13:06:33 2021] [notice] Child 5516: Starting thread to listen on port 81.
[Wed Jun 09 03:46:21 2021] [notice] Parent: child process exited with status 1073807364 -- Restarting.
[Thu Jun 10 22:07:10 2021] [warn] Init: Session Cache is not configured [hint: SSLSessionCache]
[Thu Jun 10 22:07:11 2021] [warn] pid file C:/MAMP/bin/apache/logs/httpd.pid overwritten -- Unclean shutdown of previous Apache run?
[Thu Jun 10 22:07:11 2021] [notice] Digest: generating secret for digest authentication ...
[Thu Jun 10 22:07:11 2021] [notice] Digest: done
[Thu Jun 10 22:07:25 2021] [notice] Apache/2.2.31 (Win32) DAV/2 mod_ssl/2.2.31 OpenSSL/1.0.2h mod_fcgid/2.3.9 mod_wsgi/3.4 Python/2.7.6 PHP/7.4.1 mod_perl/2.0.8 Perl/v5.16.3 configured -- resuming normal operations
[Thu Jun 10 22:07:25 2021] [notice] Server built: May  6 2016 10:19:53
[Thu Jun 10 22:07:25 2021] [notice] Parent: Created child process 14920
[Thu Jun 10 22:07:26 2021] [warn] Init: Session Cache is not configured [hint: SSLSessionCache]
[Thu Jun 10 22:07:27 2021] [notice] Digest: generating secret for digest authentication ...
[Thu Jun 10 22:07:27 2021] [notice] Digest: done
[Thu Jun 10 22:07:29 2021] [notice] Child 14920: Child process is running
[Thu Jun 10 22:07:31 2021] [notice] Child 14920: Acquired the start mutex.
[Thu Jun 10 22:07:31 2021] [notice] Child 14920: Starting 64 worker threads.
[Thu Jun 10 22:07:31 2021] [notice] Child 14920: Starting thread to listen on port 81.
[Thu Jun 10 22:07:43 2021] [warn] Init: Session Cache is not configured [hint: SSLSessionCache]
[Thu Jun 10 22:07:44 2021] [warn] pid file C:/MAMP/bin/apache/logs/httpd.pid overwritten -- Unclean shutdown of previous Apache run?
[Thu Jun 10 22:07:44 2021] [notice] Digest: generating secret for digest authentication ...
[Thu Jun 10 22:07:44 2021] [notice] Digest: done
[Thu Jun 10 22:07:45 2021] [notice] Apache/2.2.31 (Win32) DAV/2 mod_ssl/2.2.31 OpenSSL/1.0.2h mod_fcgid/2.3.9 mod_wsgi/3.4 Python/2.7.6 PHP/7.4.1 mod_perl/2.0.8 Perl/v5.16.3 configured -- resuming normal operations
[Thu Jun 10 22:07:45 2021] [notice] Server built: May  6 2016 10:19:53
[Thu Jun 10 22:07:45 2021] [notice] Parent: Created child process 9064
[Thu Jun 10 22:07:45 2021] [warn] Init: Session Cache is not configured [hint: SSLSessionCache]
[Thu Jun 10 22:07:46 2021] [notice] Digest: generating secret for digest authentication ...
[Thu Jun 10 22:07:46 2021] [notice] Digest: done
[Thu Jun 10 22:07:47 2021] [notice] Child 9064: Child process is running
[Thu Jun 10 22:07:47 2021] [notice] Child 9064: Acquired the start mutex.
[Thu Jun 10 22:07:47 2021] [notice] Child 9064: Starting 64 worker threads.
[Thu Jun 10 22:07:47 2021] [notice] Child 9064: Starting thread to listen on port 81.
[Sat Jun 19 13:19:34 2021] [warn] Init: Session Cache is not configured [hint: SSLSessionCache]
[Sat Jun 19 13:19:36 2021] [warn] pid file C:/MAMP/bin/apache/logs/httpd.pid overwritten -- Unclean shutdown of previous Apache run?
[Sat Jun 19 13:19:36 2021] [notice] Digest: generating secret for digest authentication ...
[Sat Jun 19 13:19:36 2021] [notice] Digest: done
[Sat Jun 19 13:19:49 2021] [warn] Init: Session Cache is not configured [hint: SSLSessionCache]
[Sat Jun 19 13:19:50 2021] [warn] pid file C:/MAMP/bin/apache/logs/httpd.pid overwritten -- Unclean shutdown of previous Apache run?
[Sat Jun 19 13:19:50 2021] [notice] Digest: generating secret for digest authentication ...
[Sat Jun 19 13:19:50 2021] [notice] Digest: done
[Sat Jun 19 13:20:07 2021] [notice] Apache/2.2.31 (Win32) DAV/2 mod_ssl/2.2.31 OpenSSL/1.0.2h mod_fcgid/2.3.9 mod_wsgi/3.4 Python/2.7.6 PHP/7.4.1 mod_perl/2.0.8 Perl/v5.16.3 configured -- resuming normal operations
[Sat Jun 19 13:20:07 2021] [notice] Server built: May  6 2016 10:19:53
[Sat Jun 19 13:20:07 2021] [notice] Parent: Created child process 6604
[Sat Jun 19 13:20:08 2021] [warn] Init: Session Cache is not configured [hint: SSLSessionCache]
[Sat Jun 19 13:20:09 2021] [notice] Digest: generating secret for digest authentication ...
[Sat Jun 19 13:20:09 2021] [notice] Digest: done
[Sat Jun 19 13:20:10 2021] [notice] Child 6604: Child process is running
[Sat Jun 19 13:20:18 2021] [notice] Child 6604: Acquired the start mutex.
[Sat Jun 19 13:20:18 2021] [notice] Child 6604: Starting 64 worker threads.
[Sat Jun 19 13:20:18 2021] [notice] Child 6604: Starting thread to listen on port 81.
[Sat Jun 19 13:21:09 2021] [warn] Init: Session Cache is not configured [hint: SSLSessionCache]
[Sat Jun 19 13:21:11 2021] [warn] pid file C:/MAMP/bin/apache/logs/httpd.pid overwritten -- Unclean shutdown of previous Apache run?
[Sat Jun 19 13:21:11 2021] [notice] Digest: generating secret for digest authentication ...
[Sat Jun 19 13:21:11 2021] [notice] Digest: done
[Sat Jun 19 13:21:12 2021] [notice] Apache/2.2.31 (Win32) DAV/2 mod_ssl/2.2.31 OpenSSL/1.0.2h mod_fcgid/2.3.9 mod_wsgi/3.4 Python/2.7.6 PHP/7.4.1 mod_perl/2.0.8 Perl/v5.16.3 configured -- resuming normal operations
[Sat Jun 19 13:21:12 2021] [notice] Server built: May  6 2016 10:19:53
[Sat Jun 19 13:21:12 2021] [notice] Parent: Created child process 7476
[Sat Jun 19 13:21:12 2021] [warn] Init: Session Cache is not configured [hint: SSLSessionCache]
[Sat Jun 19 13:21:13 2021] [notice] Digest: generating secret for digest authentication ...
[Sat Jun 19 13:21:13 2021] [notice] Digest: done
[Sat Jun 19 13:21:15 2021] [notice] Child 7476: Child process is running
[Sat Jun 19 13:21:15 2021] [notice] Child 7476: Acquired the start mutex.
[Sat Jun 19 13:21:15 2021] [notice] Child 7476: Starting 64 worker threads.
[Sat Jun 19 13:21:15 2021] [notice] Child 7476: Starting thread to listen on port 81.
[Sun Jun 20 18:44:18 2021] [warn] Init: Session Cache is not configured [hint: SSLSessionCache]
[Sun Jun 20 18:44:19 2021] [warn] pid file C:/MAMP/bin/apache/logs/httpd.pid overwritten -- Unclean shutdown of previous Apache run?
[Sun Jun 20 18:44:19 2021] [notice] Digest: generating secret for digest authentication ...
[Sun Jun 20 18:44:19 2021] [notice] Digest: done
[Sun Jun 20 18:44:27 2021] [notice] Apache/2.2.31 (Win32) DAV/2 mod_ssl/2.2.31 OpenSSL/1.0.2h mod_fcgid/2.3.9 mod_wsgi/3.4 Python/2.7.6 PHP/7.4.1 mod_perl/2.0.8 Perl/v5.16.3 configured -- resuming normal operations
[Sun Jun 20 18:44:27 2021] [notice] Server built: May  6 2016 10:19:53
[Sun Jun 20 18:44:27 2021] [notice] Parent: Created child process 1604
[Sun Jun 20 18:44:29 2021] [warn] Init: Session Cache is not configured [hint: SSLSessionCache]
[Sun Jun 20 18:44:30 2021] [notice] Digest: generating secret for digest authentication ...
[Sun Jun 20 18:44:30 2021] [notice] Digest: done
[Sun Jun 20 18:44:32 2021] [notice] Child 1604: Child process is running
[Sun Jun 20 18:44:37 2021] [notice] Child 1604: Acquired the start mutex.
[Sun Jun 20 18:44:37 2021] [notice] Child 1604: Starting 64 worker threads.
[Sun Jun 20 18:44:37 2021] [notice] Child 1604: Starting thread to listen on port 81.
[Sun Jun 20 18:45:05 2021] [warn] Init: Session Cache is not configured [hint: SSLSessionCache]
[Sun Jun 20 18:45:06 2021] [warn] pid file C:/MAMP/bin/apache/logs/httpd.pid overwritten -- Unclean shutdown of previous Apache run?
[Sun Jun 20 18:45:06 2021] [notice] Digest: generating secret for digest authentication ...
[Sun Jun 20 18:45:06 2021] [notice] Digest: done
[Sun Jun 20 18:45:08 2021] [notice] Apache/2.2.31 (Win32) DAV/2 mod_ssl/2.2.31 OpenSSL/1.0.2h mod_fcgid/2.3.9 mod_wsgi/3.4 Python/2.7.6 PHP/7.4.1 mod_perl/2.0.8 Perl/v5.16.3 configured -- resuming normal operations
[Sun Jun 20 18:45:08 2021] [notice] Server built: May  6 2016 10:19:53
[Sun Jun 20 18:45:08 2021] [notice] Parent: Created child process 18164
[Sun Jun 20 18:45:11 2021] [warn] Init: Session Cache is not configured [hint: SSLSessionCache]
[Sun Jun 20 18:45:12 2021] [notice] Digest: generating secret for digest authentication ...
[Sun Jun 20 18:45:12 2021] [notice] Digest: done
[Sun Jun 20 18:45:15 2021] [notice] Child 18164: Child process is running
[Sun Jun 20 18:45:15 2021] [notice] Child 18164: Acquired the start mutex.
[Sun Jun 20 18:45:15 2021] [notice] Child 18164: Starting 64 worker threads.
[Sun Jun 20 18:45:15 2021] [notice] Child 18164: Starting thread to listen on port 81.
[Sun Jun 20 18:46:45 2021] [warn] Init: Session Cache is not configured [hint: SSLSessionCache]
[Sun Jun 20 18:46:47 2021] [warn] pid file C:/MAMP/bin/apache/logs/httpd.pid overwritten -- Unclean shutdown of previous Apache run?
[Sun Jun 20 18:46:47 2021] [notice] Digest: generating secret for digest authentication ...
[Sun Jun 20 18:46:47 2021] [notice] Digest: done
[Sun Jun 20 18:46:50 2021] [notice] Apache/2.2.31 (Win32) DAV/2 mod_ssl/2.2.31 OpenSSL/1.0.2h mod_fcgid/2.3.9 mod_wsgi/3.4 Python/2.7.6 PHP/7.4.1 mod_perl/2.0.8 Perl/v5.16.3 configured -- resuming normal operations
[Sun Jun 20 18:46:50 2021] [notice] Server built: May  6 2016 10:19:53
[Sun Jun 20 18:46:50 2021] [notice] Parent: Created child process 21152
[Sun Jun 20 18:46:52 2021] [warn] Init: Session Cache is not configured [hint: SSLSessionCache]
[Sun Jun 20 18:46:53 2021] [notice] Digest: generating secret for digest authentication ...
[Sun Jun 20 18:46:53 2021] [notice] Digest: done
[Sun Jun 20 18:46:56 2021] [notice] Child 21152: Child process is running
[Sun Jun 20 18:46:56 2021] [notice] Child 21152: Acquired the start mutex.
[Sun Jun 20 18:46:56 2021] [notice] Child 21152: Starting 64 worker threads.
[Sun Jun 20 18:46:56 2021] [notice] Child 21152: Starting thread to listen on port 81.
[Mon Jun 21 09:21:47 2021] [warn] Init: Session Cache is not configured [hint: SSLSessionCache]
[Mon Jun 21 09:21:48 2021] [warn] pid file C:/MAMP/bin/apache/logs/httpd.pid overwritten -- Unclean shutdown of previous Apache run?
[Mon Jun 21 09:21:48 2021] [notice] Digest: generating secret for digest authentication ...
[Mon Jun 21 09:21:48 2021] [notice] Digest: done
[Mon Jun 21 09:21:57 2021] [notice] Apache/2.2.31 (Win32) DAV/2 mod_ssl/2.2.31 OpenSSL/1.0.2h mod_fcgid/2.3.9 mod_wsgi/3.4 Python/2.7.6 PHP/7.4.1 mod_perl/2.0.8 Perl/v5.16.3 configured -- resuming normal operations
[Mon Jun 21 09:21:57 2021] [notice] Server built: May  6 2016 10:19:53
[Mon Jun 21 09:21:58 2021] [notice] Parent: Created child process 23492
[Mon Jun 21 09:21:58 2021] [warn] Init: Session Cache is not configured [hint: SSLSessionCache]
[Mon Jun 21 09:21:59 2021] [notice] Digest: generating secret for digest authentication ...
[Mon Jun 21 09:21:59 2021] [notice] Digest: done
[Mon Jun 21 09:22:00 2021] [notice] Child 23492: Child process is running
[Mon Jun 21 09:22:06 2021] [notice] Child 23492: Acquired the start mutex.
[Mon Jun 21 09:22:06 2021] [notice] Child 23492: Starting 64 worker threads.
[Mon Jun 21 09:22:06 2021] [notice] Child 23492: Starting thread to listen on port 81.
[Mon Jun 21 09:23:13 2021] [warn] Init: Session Cache is not configured [hint: SSLSessionCache]
[Mon Jun 21 09:23:14 2021] [warn] pid file C:/MAMP/bin/apache/logs/httpd.pid overwritten -- Unclean shutdown of previous Apache run?
[Mon Jun 21 09:23:14 2021] [notice] Digest: generating secret for digest authentication ...
[Mon Jun 21 09:23:14 2021] [notice] Digest: done
[Mon Jun 21 09:23:15 2021] [notice] Apache/2.2.31 (Win32) DAV/2 mod_ssl/2.2.31 OpenSSL/1.0.2h mod_fcgid/2.3.9 mod_wsgi/3.4 Python/2.7.6 PHP/7.4.1 mod_perl/2.0.8 Perl/v5.16.3 configured -- resuming normal operations
[Mon Jun 21 09:23:15 2021] [notice] Server built: May  6 2016 10:19:53
[Mon Jun 21 09:23:15 2021] [notice] Parent: Created child process 19348
[Mon Jun 21 09:23:15 2021] [warn] Init: Session Cache is not configured [hint: SSLSessionCache]
[Mon Jun 21 09:23:16 2021] [notice] Digest: generating secret for digest authentication ...
[Mon Jun 21 09:23:16 2021] [notice] Digest: done
[Mon Jun 21 09:23:17 2021] [notice] Child 19348: Child process is running
[Mon Jun 21 09:23:17 2021] [notice] Child 19348: Acquired the start mutex.
[Mon Jun 21 09:23:17 2021] [notice] Child 19348: Starting 64 worker threads.
[Mon Jun 21 09:23:17 2021] [notice] Child 19348: Starting thread to listen on port 81.
[Mon Jun 21 09:53:22 2021] [warn] Init: Session Cache is not configured [hint: SSLSessionCache]
[Mon Jun 21 09:53:23 2021] [warn] pid file C:/MAMP/bin/apache/logs/httpd.pid overwritten -- Unclean shutdown of previous Apache run?
[Mon Jun 21 09:53:23 2021] [notice] Digest: generating secret for digest authentication ...
[Mon Jun 21 09:53:23 2021] [notice] Digest: done
[Mon Jun 21 09:53:31 2021] [notice] Apache/2.2.31 (Win32) DAV/2 mod_ssl/2.2.31 OpenSSL/1.0.2h mod_fcgid/2.3.9 mod_wsgi/3.4 Python/2.7.6 PHP/7.4.1 mod_perl/2.0.8 Perl/v5.16.3 configured -- resuming normal operations
[Mon Jun 21 09:53:31 2021] [notice] Server built: May  6 2016 10:19:53
[Mon Jun 21 09:53:31 2021] [notice] Parent: Created child process 12980
[Mon Jun 21 09:53:33 2021] [warn] Init: Session Cache is not configured [hint: SSLSessionCache]
[Mon Jun 21 09:53:34 2021] [notice] Digest: generating secret for digest authentication ...
[Mon Jun 21 09:53:34 2021] [notice] Digest: done
[Mon Jun 21 09:53:36 2021] [notice] Child 12980: Child process is running
[Mon Jun 21 09:53:40 2021] [notice] Child 12980: Acquired the start mutex.
[Mon Jun 21 09:53:40 2021] [notice] Child 12980: Starting 64 worker threads.
[Mon Jun 21 09:53:40 2021] [notice] Child 12980: Starting thread to listen on port 81.
[Mon Jun 21 10:02:19 2021] [warn] Init: Session Cache is not configured [hint: SSLSessionCache]
[Mon Jun 21 10:02:20 2021] [warn] pid file C:/MAMP/bin/apache/logs/httpd.pid overwritten -- Unclean shutdown of previous Apache run?
[Mon Jun 21 10:02:20 2021] [notice] Digest: generating secret for digest authentication ...
[Mon Jun 21 10:02:20 2021] [notice] Digest: done
[Mon Jun 21 10:02:31 2021] [notice] Apache/2.2.31 (Win32) DAV/2 mod_ssl/2.2.31 OpenSSL/1.0.2h mod_fcgid/2.3.9 mod_wsgi/3.4 Python/2.7.6 PHP/7.4.1 mod_perl/2.0.8 Perl/v5.16.3 configured -- resuming normal operations
[Mon Jun 21 10:02:31 2021] [notice] Server built: May  6 2016 10:19:53
[Mon Jun 21 10:02:31 2021] [notice] Parent: Created child process 10300
[Mon Jun 21 10:02:31 2021] [warn] Init: Session Cache is not configured [hint: SSLSessionCache]
[Mon Jun 21 10:02:32 2021] [notice] Digest: generating secret for digest authentication ...
[Mon Jun 21 10:02:32 2021] [notice] Digest: done
[Mon Jun 21 10:02:33 2021] [notice] Child 10300: Child process is running
[Mon Jun 21 10:02:36 2021] [notice] Child 10300: Acquired the start mutex.
[Mon Jun 21 10:02:36 2021] [notice] Child 10300: Starting 64 worker threads.
[Mon Jun 21 10:02:36 2021] [notice] Child 10300: Starting thread to listen on port 81.
[Mon Jun 21 10:03:59 2021] [warn] Init: Session Cache is not configured [hint: SSLSessionCache]
[Mon Jun 21 10:04:00 2021] [warn] pid file C:/MAMP/bin/apache/logs/httpd.pid overwritten -- Unclean shutdown of previous Apache run?
[Mon Jun 21 10:04:00 2021] [notice] Digest: generating secret for digest authentication ...
[Mon Jun 21 10:04:00 2021] [notice] Digest: done
[Mon Jun 21 10:04:04 2021] [notice] Apache/2.2.31 (Win32) DAV/2 mod_ssl/2.2.31 OpenSSL/1.0.2h mod_fcgid/2.3.9 mod_wsgi/3.4 Python/2.7.6 PHP/7.4.1 mod_perl/2.0.8 Perl/v5.16.3 configured -- resuming normal operations
[Mon Jun 21 10:04:04 2021] [notice] Server built: May  6 2016 10:19:53
[Mon Jun 21 10:04:04 2021] [notice] Parent: Created child process 18428
[Mon Jun 21 10:04:07 2021] [warn] Init: Session Cache is not configured [hint: SSLSessionCache]
[Mon Jun 21 10:04:08 2021] [notice] Digest: generating secret for digest authentication ...
[Mon Jun 21 10:04:08 2021] [notice] Digest: done
[Mon Jun 21 10:04:10 2021] [notice] Child 18428: Child process is running
[Mon Jun 21 10:04:10 2021] [notice] Child 18428: Acquired the start mutex.
[Mon Jun 21 10:04:10 2021] [notice] Child 18428: Starting 64 worker threads.
[Mon Jun 21 10:04:10 2021] [notice] Child 18428: Starting thread to listen on port 81.
[Wed Jun 23 12:34:38 2021] [warn] Init: Session Cache is not configured [hint: SSLSessionCache]
[Wed Jun 23 12:34:39 2021] [warn] pid file C:/MAMP/bin/apache/logs/httpd.pid overwritten -- Unclean shutdown of previous Apache run?
[Wed Jun 23 12:34:39 2021] [notice] Digest: generating secret for digest authentication ...
[Wed Jun 23 12:34:39 2021] [notice] Digest: done
[Wed Jun 23 12:34:41 2021] [notice] Apache/2.2.31 (Win32) DAV/2 mod_ssl/2.2.31 OpenSSL/1.0.2h mod_fcgid/2.3.9 mod_wsgi/3.4 Python/2.7.6 PHP/7.4.1 mod_perl/2.0.8 Perl/v5.16.3 configured -- resuming normal operations
[Wed Jun 23 12:34:41 2021] [notice] Server built: May  6 2016 10:19:53
[Wed Jun 23 12:34:41 2021] [notice] Parent: Created child process 7396
[Wed Jun 23 12:34:42 2021] [warn] Init: Session Cache is not configured [hint: SSLSessionCache]
[Wed Jun 23 12:34:43 2021] [notice] Digest: generating secret for digest authentication ...
[Wed Jun 23 12:34:43 2021] [notice] Digest: done
[Wed Jun 23 12:34:44 2021] [notice] Child 7396: Child process is running
[Wed Jun 23 12:34:48 2021] [notice] Child 7396: Acquired the start mutex.
[Wed Jun 23 12:34:48 2021] [notice] Child 7396: Starting 64 worker threads.
[Wed Jun 23 12:34:48 2021] [notice] Child 7396: Starting thread to listen on port 81.
[Wed Jun 23 14:38:10 2021] [error] [client 127.0.0.1] File does not exist: C:/MAMP/htdocs/favicon.ico, referer: http://localhost:81/
