11/15/2020 10:37:14 AM	<S>: 	MAMP started.

11/15/2020 10:37:17 AM	<<I>>: 	Set php version to current php max version:php7.4.1

11/15/2020 10:37:20 AM	<E>: 	Could not set access rights on folder: C:\MAMP\logs

11/15/2020 10:37:20 AM	<E>: 	Port is already used! Blocked app is: apache and port: 80

11/15/2020 10:37:22 AM	<E>: 	There was an error in downloading or decoding image for banner.

11/15/2020 10:39:50 AM	<F>: 	Closing MAMP application.

11/15/2020 10:39:54 AM	<S>: 	MAMP started.

11/15/2020 10:39:55 AM	<E>: 	Could not set access rights on folder: C:\MAMP\logs

11/15/2020 10:39:55 AM	<E>: 	Port is already used! Blocked app is: apache and port: 80

11/15/2020 10:39:56 AM	<E>: 	There was an error in downloading or decoding image for banner.

11/15/2020 10:40:06 AM	<F>: 	Closing MAMP application.

11/15/2020 10:40:08 AM	<S>: 	MAMP started.

11/15/2020 10:40:10 AM	<E>: 	Could not set access rights on folder: C:\MAMP\logs

11/15/2020 10:40:10 AM	<E>: 	Port is already used! Blocked app is: apache and port: 80

11/15/2020 10:40:10 AM	<E>: 	There was an error in downloading or decoding image for banner.

11/15/2020 2:08:20 PM	<F>: 	Closing MAMP application.

12/24/2020 2:56:29 PM	<S>: 	MAMP started.

12/24/2020 2:56:34 PM	<E>: 	Could not set access rights on folder: C:\MAMP\logs

12/24/2020 2:56:35 PM	<E>: 	There was an error in downloading or decoding image for banner.

12/25/2020 4:13:58 PM	<S>: 	MAMP started.

12/25/2020 4:14:01 PM	<E>: 	Could not set access rights on folder: C:\MAMP\logs

12/25/2020 4:14:02 PM	<E>: 	There was an error in downloading or decoding image for banner.

12/25/2020 6:00:10 PM	<S>: 	MAMP started.

12/25/2020 6:00:13 PM	<E>: 	Could not set access rights on folder: C:\MAMP\logs

12/25/2020 6:00:15 PM	<E>: 	There was an error in downloading or decoding image for banner.

12/25/2020 8:19:15 PM	<S>: 	MAMP started.

12/25/2020 8:19:18 PM	<E>: 	Could not set access rights on folder: C:\MAMP\logs

12/25/2020 8:19:19 PM	<E>: 	There was an error in downloading or decoding image for banner.

12/25/2020 8:19:28 PM	<E>: 	Port is already used! Blocked app is: apache and port: 81

12/25/2020 8:21:27 PM	<E>: 	Port is already used! Blocked app is: apache and port: 80

12/26/2020 3:11:00 AM	<F>: 	Closing MAMP application.

12/26/2020 3:13:28 AM	<S>: 	MAMP started.

12/26/2020 3:13:30 AM	<E>: 	Could not set access rights on folder: C:\MAMP\logs

12/26/2020 3:13:31 AM	<E>: 	There was an error in downloading or decoding image for banner.

12/26/2020 3:45:28 AM	<F>: 	Closing MAMP application.

12/26/2020 9:37:16 AM	<S>: 	MAMP started.

12/26/2020 9:37:17 AM	<E>: 	Could not set access rights on folder: C:\MAMP\logs

12/26/2020 9:37:18 AM	<E>: 	There was an error in downloading or decoding image for banner.

12/30/2020 10:16:34 PM	<F>: 	Closing MAMP application.

12/30/2020 11:19:34 PM	<S>: 	MAMP started.

12/30/2020 11:19:41 PM	<E>: 	Could not set access rights on folder: C:\MAMP\logs

12/30/2020 11:19:42 PM	<E>: 	There was an error in downloading or decoding image for banner.

12/31/2020 10:21:10 PM	<F>: 	Closing MAMP application.

1/7/2021 8:58:00 AM	<S>: 	MAMP started.

1/7/2021 8:58:06 AM	<E>: 	Could not set access rights on folder: C:\MAMP\logs

1/7/2021 8:58:08 AM	<E>: 	There was an error in downloading or decoding image for banner.

1/8/2021 2:07:47 AM	<S>: 	MAMP started.

1/8/2021 2:07:50 AM	<E>: 	Could not set access rights on folder: C:\MAMP\logs

1/8/2021 2:07:52 AM	<E>: 	There was an error in downloading or decoding image for banner.

1/8/2021 11:03:03 PM	<F>: 	Closing MAMP application.

1/9/2021 1:36:21 PM	<S>: 	MAMP started.

1/9/2021 1:36:24 PM	<E>: 	Could not set access rights on folder: C:\MAMP\logs

1/9/2021 1:36:32 PM	<E>: 	There was an error in downloading or decoding image for banner.

1/10/2021 3:26:15 PM	<F>: 	Closing MAMP application.

1/11/2021 9:01:55 AM	<S>: 	MAMP started.

1/11/2021 9:01:59 AM	<E>: 	Could not set access rights on folder: C:\MAMP\logs

1/11/2021 9:02:10 AM	<E>: 	There was an error in downloading or decoding image for banner.

1/12/2021 8:49:44 AM	<F>: 	Closing MAMP application.

1/12/2021 3:38:04 PM	<S>: 	MAMP started.

1/12/2021 3:38:08 PM	<E>: 	Could not set access rights on folder: C:\MAMP\logs

1/12/2021 3:38:15 PM	<E>: 	There was an error in downloading or decoding image for banner.

1/13/2021 8:49:34 AM	<S>: 	MAMP started.

1/13/2021 8:49:39 AM	<E>: 	Could not set access rights on folder: C:\MAMP\logs

1/13/2021 8:49:42 AM	<E>: 	There was an error in downloading or decoding image for banner.

1/13/2021 8:51:17 AM	<F>: 	Closing MAMP application.

1/13/2021 7:28:26 PM	<S>: 	MAMP started.

1/13/2021 7:28:34 PM	<E>: 	Could not set access rights on folder: C:\MAMP\logs

1/13/2021 7:28:34 PM	<E>: 	Port is already used! Blocked app is: apache and port: 81

1/13/2021 7:28:36 PM	<E>: 	There was an error in downloading or decoding image for banner.

1/13/2021 9:31:22 PM	<F>: 	Closing MAMP application.

1/13/2021 9:31:28 PM	<S>: 	MAMP started.

1/13/2021 9:31:29 PM	<E>: 	Missing app setting in initialize section.

1/13/2021 9:31:30 PM	<E>: 	Could not set access rights on folder: C:\MAMP\logs

1/13/2021 9:31:30 PM	<E>: 	Port is already used! Blocked app is: apache and port: 81

1/13/2021 9:31:31 PM	<E>: 	There was an error in downloading or decoding image for banner.

1/13/2021 9:32:10 PM	<F>: 	Closing MAMP application.

1/13/2021 9:32:13 PM	<S>: 	MAMP started.

1/13/2021 9:32:16 PM	<E>: 	Could not set access rights on folder: C:\MAMP\logs

1/13/2021 9:32:17 PM	<E>: 	There was an error in downloading or decoding image for banner.

1/15/2021 4:05:44 PM	<F>: 	Closing MAMP application.

1/21/2021 9:34:21 AM	<S>: 	MAMP started.

1/21/2021 9:34:45 AM	<E>: 	Could not set access rights on folder: C:\MAMP\logs

1/21/2021 9:34:53 AM	<E>: 	There was an error in downloading or decoding image for banner.

1/21/2021 1:02:53 PM	<F>: 	Closing MAMP application.

1/23/2021 6:05:23 PM	<S>: 	MAMP started.

1/23/2021 6:05:30 PM	<E>: 	Could not set access rights on folder: C:\MAMP\logs

1/23/2021 6:05:34 PM	<E>: 	There was an error in downloading or decoding image for banner.

1/23/2021 6:06:56 PM	<F>: 	Closing MAMP application.

2/22/2021 10:10:57 AM	<S>: 	MAMP started.

2/22/2021 10:11:08 AM	<E>: 	Could not set access rights on folder: C:\MAMP\logs

2/22/2021 10:11:13 AM	<E>: 	There was an error in downloading or decoding image for banner.

2/22/2021 10:18:29 AM	<S>: 	MAMP started.

2/24/2021 2:56:42 PM	<F>: 	Closing MAMP application.

4/2/2021 9:46:04 AM	<S>: 	MAMP started.

4/2/2021 9:46:18 AM	<E>: 	Could not set access rights on folder: C:\MAMP\logs

4/2/2021 9:46:21 AM	<E>: 	There was an error in downloading or decoding image for banner.

4/2/2021 12:47:27 PM	<S>: 	MAMP started.

4/2/2021 12:47:45 PM	<E>: 	Could not set access rights on folder: C:\MAMP\logs

4/2/2021 12:47:52 PM	<E>: 	There was an error in downloading or decoding image for banner.

4/3/2021 3:31:24 PM	<F>: 	Closing MAMP application.

4/4/2021 1:58:43 AM	<S>: 	MAMP started.

4/4/2021 1:58:52 AM	<E>: 	Could not set access rights on folder: C:\MAMP\logs

4/4/2021 1:58:55 AM	<E>: 	There was an error in downloading or decoding image for banner.

4/4/2021 11:51:36 PM	<F>: 	Closing MAMP application.

4/8/2021 3:33:47 PM	<S>: 	MAMP started.

4/8/2021 3:33:54 PM	<E>: 	Could not set access rights on folder: C:\MAMP\logs

4/8/2021 3:34:01 PM	<E>: 	There was an error in downloading or decoding image for banner.

4/8/2021 4:38:25 PM	<F>: 	Closing MAMP application.

4/10/2021 4:56:52 PM	<S>: 	MAMP started.

4/10/2021 4:56:55 PM	<E>: 	Could not set access rights on folder: C:\MAMP\logs

4/10/2021 4:57:03 PM	<E>: 	There was an error in downloading or decoding image for banner.

4/11/2021 1:32:01 AM	<F>: 	Closing MAMP application.

4/19/2021 1:10:31 AM	<S>: 	MAMP started.

4/19/2021 1:10:42 AM	<E>: 	Could not set access rights on folder: C:\MAMP\logs

4/19/2021 1:10:45 AM	<E>: 	There was an error in downloading or decoding image for banner.

4/21/2021 2:39:19 AM	<F>: 	Closing MAMP application.

5/2/2021 2:15:07 PM	<S>: 	MAMP started.

5/2/2021 2:15:12 PM	<E>: 	Could not set access rights on folder: C:\MAMP\logs

5/2/2021 2:15:14 PM	<E>: 	There was an error in downloading or decoding image for banner.

5/2/2021 4:47:30 PM	<F>: 	Closing MAMP application.

5/2/2021 5:20:29 PM	<S>: 	MAMP started.

5/2/2021 5:20:31 PM	<E>: 	Could not set access rights on folder: C:\MAMP\logs

5/2/2021 5:20:32 PM	<E>: 	There was an error in downloading or decoding image for banner.

5/3/2021 8:50:57 AM	<S>: 	MAMP started.

5/3/2021 8:51:00 AM	<E>: 	Could not set access rights on folder: C:\MAMP\logs

5/3/2021 8:51:01 AM	<E>: 	There was an error in downloading or decoding image for banner.

5/3/2021 8:57:02 AM	<F>: 	Closing MAMP application.

5/13/2021 10:54:29 AM	<S>: 	MAMP started.

5/13/2021 10:54:32 AM	<E>: 	Could not set access rights on folder: C:\MAMP\logs

5/13/2021 10:54:33 AM	<E>: 	Port is already used! Blocked app is: mysql and port: 3306

5/13/2021 10:54:34 AM	<E>: 	There was an error in downloading or decoding image for banner.

6/5/2021 8:30:11 AM	<S>: 	MAMP started.

6/5/2021 8:30:37 AM	<E>: 	Could not set access rights on folder: C:\MAMP\logs

6/5/2021 8:30:40 AM	<E>: 	There was an error in downloading or decoding image for banner.

6/5/2021 8:30:53 AM	<E>: 	Port is already used! Blocked app is: apache and port: 81

6/5/2021 8:20:51 PM	<F>: 	Closing MAMP application.

6/6/2021 11:23:02 AM	<S>: 	MAMP started.

6/6/2021 11:23:09 AM	<E>: 	Could not set access rights on folder: C:\MAMP\logs

6/6/2021 11:23:09 AM	<E>: 	Port is already used! Blocked app is: mysql and port: 3306

6/6/2021 11:23:11 AM	<E>: 	There was an error in downloading or decoding image for banner.

6/6/2021 11:23:15 AM	<F>: 	Closing MAMP application.

6/6/2021 11:24:52 AM	<S>: 	MAMP started.

6/6/2021 11:24:55 AM	<E>: 	Could not set access rights on folder: C:\MAMP\logs

6/6/2021 11:24:56 AM	<E>: 	There was an error in downloading or decoding image for banner.

6/8/2021 1:03:28 PM	<S>: 	MAMP started.

6/8/2021 1:03:34 PM	<E>: 	Could not set access rights on folder: C:\MAMP\logs

6/8/2021 1:03:38 PM	<E>: 	There was an error in downloading or decoding image for banner.

6/10/2021 10:06:32 PM	<S>: 	MAMP started.

6/10/2021 10:06:40 PM	<E>: 	Could not set access rights on folder: C:\MAMP\logs

6/10/2021 10:06:44 PM	<E>: 	There was an error in downloading or decoding image for banner.

6/13/2021 9:00:34 PM	<F>: 	Closing MAMP application.

6/19/2021 1:18:59 PM	<S>: 	MAMP started.

6/19/2021 1:19:09 PM	<E>: 	Could not set access rights on folder: C:\MAMP\logs

6/19/2021 1:19:13 PM	<E>: 	There was an error in downloading or decoding image for banner.

6/20/2021 6:43:34 PM	<S>: 	MAMP started.

6/20/2021 6:43:51 PM	<E>: 	Could not set access rights on folder: C:\MAMP\logs

6/20/2021 6:43:58 PM	<E>: 	There was an error in downloading or decoding image for banner.

6/20/2021 6:45:08 PM	<E>: 	Port is already used! Blocked app is: apache and port: 81

6/21/2021 9:20:48 AM	<S>: 	MAMP started.

6/21/2021 9:21:19 AM	<E>: 	Could not set access rights on folder: C:\MAMP\logs

6/21/2021 9:21:44 AM	<E>: 	There was an error in downloading or decoding image for banner.

6/21/2021 9:36:59 AM	<F>: 	Closing MAMP application.

6/21/2021 9:53:04 AM	<S>: 	MAMP started.

6/21/2021 9:53:10 AM	<E>: 	Could not set access rights on folder: C:\MAMP\logs

6/21/2021 9:53:14 AM	<E>: 	There was an error in downloading or decoding image for banner.

6/21/2021 10:04:05 AM	<E>: 	Port is already used! Blocked app is: apache and port: 81

6/23/2021 11:14:43 AM	<F>: 	Closing MAMP application.

6/23/2021 12:34:29 PM	<S>: 	MAMP started.

6/23/2021 12:34:31 PM	<E>: 	Could not set access rights on folder: C:\MAMP\logs

6/23/2021 12:34:34 PM	<E>: 	There was an error in downloading or decoding image for banner.

6/23/2021 3:10:01 PM	<F>: 	Closing MAMP application.

