[15-Nov-2020 15:38:27 UTC] PHP Warning:  mysqli_connect(): (HY000/2002): No connection could be made because the target machine actively refused it.
 in Command line code on line 1
[15-Nov-2020 15:38:27 UTC] PHP Warning:  mysqli_query() expects parameter 1 to be mysqli, boolean given in Command line code on line 1
[15-Nov-2020 15:38:27 UTC] PHP Warning:  mysqli_fetch_assoc() expects parameter 1 to be mysqli_result, null given in Command line code on line 1
[15-Nov-2020 15:38:27 UTC] PHP Warning:  mysqli_close() expects parameter 1 to be mysqli, boolean given in Command line code on line 1
[15-Nov-2020 15:40:44 UTC] PHP Warning:  mysqli_connect(): (HY000/1045): Access denied for user 'root'@'localhost' (using password: NO) in C:\Users\admin2\AppData\Roaming\Appsolute\MAMP\pscripts\file-a8069a9b-114f-4f54-bec5-d8b6cdc46988.php on line 3
[15-Nov-2020 15:40:44 UTC] PHP Warning:  mysqli_query() expects parameter 1 to be mysqli, boolean given in C:\Users\admin2\AppData\Roaming\Appsolute\MAMP\pscripts\file-a8069a9b-114f-4f54-bec5-d8b6cdc46988.php on line 12
[15-Nov-2020 15:40:44 UTC] PHP Warning:  mysqli_query() expects parameter 1 to be mysqli, boolean given in C:\Users\admin2\AppData\Roaming\Appsolute\MAMP\pscripts\file-a8069a9b-114f-4f54-bec5-d8b6cdc46988.php on line 13
[15-Nov-2020 15:40:44 UTC] PHP Warning:  mysqli_fetch_assoc() expects parameter 1 to be mysqli_result, null given in C:\Users\admin2\AppData\Roaming\Appsolute\MAMP\pscripts\file-a8069a9b-114f-4f54-bec5-d8b6cdc46988.php on line 16
[15-Nov-2020 15:40:44 UTC] PHP Warning:  mysqli_close() expects parameter 1 to be mysqli, boolean given in C:\Users\admin2\AppData\Roaming\Appsolute\MAMP\pscripts\file-a8069a9b-114f-4f54-bec5-d8b6cdc46988.php on line 21
[24-Dec-2020 19:57:38 UTC] PHP Warning:  mysqli_connect(): (HY000/2002): No connection could be made because the target machine actively refused it.
 in Command line code on line 1
[24-Dec-2020 19:57:38 UTC] PHP Warning:  mysqli_query() expects parameter 1 to be mysqli, boolean given in Command line code on line 1
[24-Dec-2020 19:57:38 UTC] PHP Warning:  mysqli_fetch_assoc() expects parameter 1 to be mysqli_result, null given in Command line code on line 1
[24-Dec-2020 19:57:38 UTC] PHP Warning:  mysqli_close() expects parameter 1 to be mysqli, boolean given in Command line code on line 1
[24-Dec-2020 19:58:19 UTC] PHP Warning:  mysqli_connect(): (HY000/1045): Access denied for user 'root'@'localhost' (using password: NO) in C:\Users\admin2\AppData\Roaming\Appsolute\MAMP\pscripts\file-ddb85b16-d2b5-44d6-93b3-dc5197b31221.php on line 3
[24-Dec-2020 19:58:19 UTC] PHP Warning:  mysqli_query() expects parameter 1 to be mysqli, boolean given in C:\Users\admin2\AppData\Roaming\Appsolute\MAMP\pscripts\file-ddb85b16-d2b5-44d6-93b3-dc5197b31221.php on line 12
[24-Dec-2020 19:58:19 UTC] PHP Warning:  mysqli_query() expects parameter 1 to be mysqli, boolean given in C:\Users\admin2\AppData\Roaming\Appsolute\MAMP\pscripts\file-ddb85b16-d2b5-44d6-93b3-dc5197b31221.php on line 13
[24-Dec-2020 19:58:19 UTC] PHP Warning:  mysqli_fetch_assoc() expects parameter 1 to be mysqli_result, null given in C:\Users\admin2\AppData\Roaming\Appsolute\MAMP\pscripts\file-ddb85b16-d2b5-44d6-93b3-dc5197b31221.php on line 16
[24-Dec-2020 19:58:19 UTC] PHP Warning:  mysqli_close() expects parameter 1 to be mysqli, boolean given in C:\Users\admin2\AppData\Roaming\Appsolute\MAMP\pscripts\file-ddb85b16-d2b5-44d6-93b3-dc5197b31221.php on line 21
[25-Dec-2020 21:14:21 UTC] PHP Warning:  mysqli_connect(): (HY000/1045): Access denied for user 'root'@'localhost' (using password: NO) in C:\Users\admin2\AppData\Roaming\Appsolute\MAMP\pscripts\file-9363728b-3a6c-4efd-90e1-cc0acfa73d4d.php on line 3
[25-Dec-2020 21:14:21 UTC] PHP Warning:  mysqli_query() expects parameter 1 to be mysqli, boolean given in C:\Users\admin2\AppData\Roaming\Appsolute\MAMP\pscripts\file-9363728b-3a6c-4efd-90e1-cc0acfa73d4d.php on line 12
[25-Dec-2020 21:14:21 UTC] PHP Warning:  mysqli_query() expects parameter 1 to be mysqli, boolean given in C:\Users\admin2\AppData\Roaming\Appsolute\MAMP\pscripts\file-9363728b-3a6c-4efd-90e1-cc0acfa73d4d.php on line 13
[25-Dec-2020 21:14:21 UTC] PHP Warning:  mysqli_fetch_assoc() expects parameter 1 to be mysqli_result, null given in C:\Users\admin2\AppData\Roaming\Appsolute\MAMP\pscripts\file-9363728b-3a6c-4efd-90e1-cc0acfa73d4d.php on line 16
[25-Dec-2020 21:14:21 UTC] PHP Warning:  mysqli_close() expects parameter 1 to be mysqli, boolean given in C:\Users\admin2\AppData\Roaming\Appsolute\MAMP\pscripts\file-9363728b-3a6c-4efd-90e1-cc0acfa73d4d.php on line 21
[25-Dec-2020 23:00:32 UTC] PHP Warning:  mysqli_connect(): (HY000/1045): Access denied for user 'root'@'localhost' (using password: NO) in C:\Users\admin2\AppData\Roaming\Appsolute\MAMP\pscripts\file-9718105b-b427-40e4-b8d4-b16ca3ab2903.php on line 3
[25-Dec-2020 23:00:32 UTC] PHP Warning:  mysqli_query() expects parameter 1 to be mysqli, boolean given in C:\Users\admin2\AppData\Roaming\Appsolute\MAMP\pscripts\file-9718105b-b427-40e4-b8d4-b16ca3ab2903.php on line 12
[25-Dec-2020 23:00:32 UTC] PHP Warning:  mysqli_query() expects parameter 1 to be mysqli, boolean given in C:\Users\admin2\AppData\Roaming\Appsolute\MAMP\pscripts\file-9718105b-b427-40e4-b8d4-b16ca3ab2903.php on line 13
[25-Dec-2020 23:00:32 UTC] PHP Warning:  mysqli_fetch_assoc() expects parameter 1 to be mysqli_result, null given in C:\Users\admin2\AppData\Roaming\Appsolute\MAMP\pscripts\file-9718105b-b427-40e4-b8d4-b16ca3ab2903.php on line 16
[25-Dec-2020 23:00:32 UTC] PHP Warning:  mysqli_close() expects parameter 1 to be mysqli, boolean given in C:\Users\admin2\AppData\Roaming\Appsolute\MAMP\pscripts\file-9718105b-b427-40e4-b8d4-b16ca3ab2903.php on line 21
[26-Dec-2020 01:21:20 UTC] PHP Warning:  mysqli_connect(): (HY000/2002): No connection could be made because the target machine actively refused it.
 in Command line code on line 1
[26-Dec-2020 01:21:20 UTC] PHP Warning:  mysqli_query() expects parameter 1 to be mysqli, boolean given in Command line code on line 1
[26-Dec-2020 01:21:20 UTC] PHP Warning:  mysqli_fetch_assoc() expects parameter 1 to be mysqli_result, null given in Command line code on line 1
[26-Dec-2020 01:21:20 UTC] PHP Warning:  mysqli_close() expects parameter 1 to be mysqli, boolean given in Command line code on line 1
[26-Dec-2020 01:22:05 UTC] PHP Warning:  mysqli_connect(): (HY000/1045): Access denied for user 'root'@'localhost' (using password: NO) in C:\Users\admin2\AppData\Roaming\Appsolute\MAMP\pscripts\file-ed047f7b-4759-4491-bccf-4bf843a213e7.php on line 3
[26-Dec-2020 01:22:05 UTC] PHP Warning:  mysqli_query() expects parameter 1 to be mysqli, boolean given in C:\Users\admin2\AppData\Roaming\Appsolute\MAMP\pscripts\file-ed047f7b-4759-4491-bccf-4bf843a213e7.php on line 12
[26-Dec-2020 01:22:05 UTC] PHP Warning:  mysqli_query() expects parameter 1 to be mysqli, boolean given in C:\Users\admin2\AppData\Roaming\Appsolute\MAMP\pscripts\file-ed047f7b-4759-4491-bccf-4bf843a213e7.php on line 13
[26-Dec-2020 01:22:05 UTC] PHP Warning:  mysqli_fetch_assoc() expects parameter 1 to be mysqli_result, null given in C:\Users\admin2\AppData\Roaming\Appsolute\MAMP\pscripts\file-ed047f7b-4759-4491-bccf-4bf843a213e7.php on line 16
[26-Dec-2020 01:22:05 UTC] PHP Warning:  mysqli_close() expects parameter 1 to be mysqli, boolean given in C:\Users\admin2\AppData\Roaming\Appsolute\MAMP\pscripts\file-ed047f7b-4759-4491-bccf-4bf843a213e7.php on line 21
[26-Dec-2020 08:13:42 UTC] PHP Warning:  mysqli_connect(): (HY000/1045): Access denied for user 'root'@'localhost' (using password: NO) in C:\Users\admin2\AppData\Roaming\Appsolute\MAMP\pscripts\file-98840395-4c23-4050-86f6-933d0dee958f.php on line 3
[26-Dec-2020 08:13:43 UTC] PHP Warning:  mysqli_query() expects parameter 1 to be mysqli, boolean given in C:\Users\admin2\AppData\Roaming\Appsolute\MAMP\pscripts\file-98840395-4c23-4050-86f6-933d0dee958f.php on line 12
[26-Dec-2020 08:13:43 UTC] PHP Warning:  mysqli_query() expects parameter 1 to be mysqli, boolean given in C:\Users\admin2\AppData\Roaming\Appsolute\MAMP\pscripts\file-98840395-4c23-4050-86f6-933d0dee958f.php on line 13
[26-Dec-2020 08:13:43 UTC] PHP Warning:  mysqli_fetch_assoc() expects parameter 1 to be mysqli_result, null given in C:\Users\admin2\AppData\Roaming\Appsolute\MAMP\pscripts\file-98840395-4c23-4050-86f6-933d0dee958f.php on line 16
[26-Dec-2020 08:13:43 UTC] PHP Warning:  mysqli_close() expects parameter 1 to be mysqli, boolean given in C:\Users\admin2\AppData\Roaming\Appsolute\MAMP\pscripts\file-98840395-4c23-4050-86f6-933d0dee958f.php on line 21
[26-Dec-2020 14:37:29 UTC] PHP Warning:  mysqli_connect(): (HY000/1045): Access denied for user 'root'@'localhost' (using password: NO) in C:\Users\admin2\AppData\Roaming\Appsolute\MAMP\pscripts\file-9d74c00d-cbcd-4d38-9690-76031f55f3b1.php on line 3
[26-Dec-2020 14:37:29 UTC] PHP Warning:  mysqli_query() expects parameter 1 to be mysqli, boolean given in C:\Users\admin2\AppData\Roaming\Appsolute\MAMP\pscripts\file-9d74c00d-cbcd-4d38-9690-76031f55f3b1.php on line 12
[26-Dec-2020 14:37:29 UTC] PHP Warning:  mysqli_query() expects parameter 1 to be mysqli, boolean given in C:\Users\admin2\AppData\Roaming\Appsolute\MAMP\pscripts\file-9d74c00d-cbcd-4d38-9690-76031f55f3b1.php on line 13
[26-Dec-2020 14:37:29 UTC] PHP Warning:  mysqli_fetch_assoc() expects parameter 1 to be mysqli_result, null given in C:\Users\admin2\AppData\Roaming\Appsolute\MAMP\pscripts\file-9d74c00d-cbcd-4d38-9690-76031f55f3b1.php on line 16
[26-Dec-2020 14:37:29 UTC] PHP Warning:  mysqli_close() expects parameter 1 to be mysqli, boolean given in C:\Users\admin2\AppData\Roaming\Appsolute\MAMP\pscripts\file-9d74c00d-cbcd-4d38-9690-76031f55f3b1.php on line 21
[31-Dec-2020 04:23:35 UTC] PHP Warning:  mysqli_connect(): (HY000/1045): Access denied for user 'root'@'localhost' (using password: NO) in C:\Users\admin2\AppData\Roaming\Appsolute\MAMP\pscripts\file-39958bb2-a3af-4527-8035-725df7b7f7af.php on line 3
[31-Dec-2020 04:23:35 UTC] PHP Warning:  mysqli_query() expects parameter 1 to be mysqli, boolean given in C:\Users\admin2\AppData\Roaming\Appsolute\MAMP\pscripts\file-39958bb2-a3af-4527-8035-725df7b7f7af.php on line 12
[31-Dec-2020 04:23:35 UTC] PHP Warning:  mysqli_query() expects parameter 1 to be mysqli, boolean given in C:\Users\admin2\AppData\Roaming\Appsolute\MAMP\pscripts\file-39958bb2-a3af-4527-8035-725df7b7f7af.php on line 13
[31-Dec-2020 04:23:35 UTC] PHP Warning:  mysqli_fetch_assoc() expects parameter 1 to be mysqli_result, null given in C:\Users\admin2\AppData\Roaming\Appsolute\MAMP\pscripts\file-39958bb2-a3af-4527-8035-725df7b7f7af.php on line 16
[31-Dec-2020 04:23:35 UTC] PHP Warning:  mysqli_close() expects parameter 1 to be mysqli, boolean given in C:\Users\admin2\AppData\Roaming\Appsolute\MAMP\pscripts\file-39958bb2-a3af-4527-8035-725df7b7f7af.php on line 21
[07-Jan-2021 14:02:56 UTC] PHP Warning:  mysqli_connect(): (HY000/1045): Access denied for user 'root'@'localhost' (using password: NO) in C:\Users\admin2\AppData\Roaming\Appsolute\MAMP\pscripts\file-f1d40eef-2c5e-45d6-9dd0-c63a8f687adf.php on line 3
[07-Jan-2021 14:02:56 UTC] PHP Warning:  mysqli_query() expects parameter 1 to be mysqli, boolean given in C:\Users\admin2\AppData\Roaming\Appsolute\MAMP\pscripts\file-f1d40eef-2c5e-45d6-9dd0-c63a8f687adf.php on line 12
[07-Jan-2021 14:02:56 UTC] PHP Warning:  mysqli_query() expects parameter 1 to be mysqli, boolean given in C:\Users\admin2\AppData\Roaming\Appsolute\MAMP\pscripts\file-f1d40eef-2c5e-45d6-9dd0-c63a8f687adf.php on line 13
[07-Jan-2021 14:02:56 UTC] PHP Warning:  mysqli_fetch_assoc() expects parameter 1 to be mysqli_result, null given in C:\Users\admin2\AppData\Roaming\Appsolute\MAMP\pscripts\file-f1d40eef-2c5e-45d6-9dd0-c63a8f687adf.php on line 16
[07-Jan-2021 14:02:56 UTC] PHP Warning:  mysqli_close() expects parameter 1 to be mysqli, boolean given in C:\Users\admin2\AppData\Roaming\Appsolute\MAMP\pscripts\file-f1d40eef-2c5e-45d6-9dd0-c63a8f687adf.php on line 21
[08-Jan-2021 07:08:17 UTC] PHP Warning:  mysqli_connect(): (HY000/1045): Access denied for user 'root'@'localhost' (using password: NO) in C:\Users\admin2\AppData\Roaming\Appsolute\MAMP\pscripts\file-13df43ef-33cf-43a0-820c-26bd19c63cd6.php on line 3
[08-Jan-2021 07:08:17 UTC] PHP Warning:  mysqli_query() expects parameter 1 to be mysqli, boolean given in C:\Users\admin2\AppData\Roaming\Appsolute\MAMP\pscripts\file-13df43ef-33cf-43a0-820c-26bd19c63cd6.php on line 12
[08-Jan-2021 07:08:17 UTC] PHP Warning:  mysqli_query() expects parameter 1 to be mysqli, boolean given in C:\Users\admin2\AppData\Roaming\Appsolute\MAMP\pscripts\file-13df43ef-33cf-43a0-820c-26bd19c63cd6.php on line 13
[08-Jan-2021 07:08:17 UTC] PHP Warning:  mysqli_fetch_assoc() expects parameter 1 to be mysqli_result, null given in C:\Users\admin2\AppData\Roaming\Appsolute\MAMP\pscripts\file-13df43ef-33cf-43a0-820c-26bd19c63cd6.php on line 16
[08-Jan-2021 07:08:17 UTC] PHP Warning:  mysqli_close() expects parameter 1 to be mysqli, boolean given in C:\Users\admin2\AppData\Roaming\Appsolute\MAMP\pscripts\file-13df43ef-33cf-43a0-820c-26bd19c63cd6.php on line 21
[09-Jan-2021 18:36:32 UTC] PHP Warning:  mysqli_connect(): (HY000/1045): Access denied for user 'root'@'localhost' (using password: NO) in C:\Users\admin2\AppData\Roaming\Appsolute\MAMP\pscripts\file-3335bf43-fc8a-40f1-93ae-0bafc8e7cc02.php on line 3
[09-Jan-2021 18:36:32 UTC] PHP Warning:  mysqli_query() expects parameter 1 to be mysqli, boolean given in C:\Users\admin2\AppData\Roaming\Appsolute\MAMP\pscripts\file-3335bf43-fc8a-40f1-93ae-0bafc8e7cc02.php on line 12
[09-Jan-2021 18:36:32 UTC] PHP Warning:  mysqli_query() expects parameter 1 to be mysqli, boolean given in C:\Users\admin2\AppData\Roaming\Appsolute\MAMP\pscripts\file-3335bf43-fc8a-40f1-93ae-0bafc8e7cc02.php on line 13
[09-Jan-2021 18:36:32 UTC] PHP Warning:  mysqli_fetch_assoc() expects parameter 1 to be mysqli_result, null given in C:\Users\admin2\AppData\Roaming\Appsolute\MAMP\pscripts\file-3335bf43-fc8a-40f1-93ae-0bafc8e7cc02.php on line 16
[09-Jan-2021 18:36:32 UTC] PHP Warning:  mysqli_close() expects parameter 1 to be mysqli, boolean given in C:\Users\admin2\AppData\Roaming\Appsolute\MAMP\pscripts\file-3335bf43-fc8a-40f1-93ae-0bafc8e7cc02.php on line 21
[11-Jan-2021 14:02:09 UTC] PHP Warning:  mysqli_connect(): (HY000/1045): Access denied for user 'root'@'localhost' (using password: NO) in C:\Users\admin2\AppData\Roaming\Appsolute\MAMP\pscripts\file-cccfe647-f7b7-4d3e-a868-278a5a02d2a6.php on line 3
[11-Jan-2021 14:02:09 UTC] PHP Warning:  mysqli_query() expects parameter 1 to be mysqli, boolean given in C:\Users\admin2\AppData\Roaming\Appsolute\MAMP\pscripts\file-cccfe647-f7b7-4d3e-a868-278a5a02d2a6.php on line 12
[11-Jan-2021 14:02:09 UTC] PHP Warning:  mysqli_query() expects parameter 1 to be mysqli, boolean given in C:\Users\admin2\AppData\Roaming\Appsolute\MAMP\pscripts\file-cccfe647-f7b7-4d3e-a868-278a5a02d2a6.php on line 13
[11-Jan-2021 14:02:09 UTC] PHP Warning:  mysqli_fetch_assoc() expects parameter 1 to be mysqli_result, null given in C:\Users\admin2\AppData\Roaming\Appsolute\MAMP\pscripts\file-cccfe647-f7b7-4d3e-a868-278a5a02d2a6.php on line 16
[11-Jan-2021 14:02:09 UTC] PHP Warning:  mysqli_close() expects parameter 1 to be mysqli, boolean given in C:\Users\admin2\AppData\Roaming\Appsolute\MAMP\pscripts\file-cccfe647-f7b7-4d3e-a868-278a5a02d2a6.php on line 21
[12-Jan-2021 20:38:15 UTC] PHP Warning:  mysqli_connect(): (HY000/1045): Access denied for user 'root'@'localhost' (using password: NO) in C:\Users\admin2\AppData\Roaming\Appsolute\MAMP\pscripts\file-4d413cf4-6569-4483-a2df-f6031a3221da.php on line 3
[12-Jan-2021 20:38:15 UTC] PHP Warning:  mysqli_query() expects parameter 1 to be mysqli, boolean given in C:\Users\admin2\AppData\Roaming\Appsolute\MAMP\pscripts\file-4d413cf4-6569-4483-a2df-f6031a3221da.php on line 12
[12-Jan-2021 20:38:15 UTC] PHP Warning:  mysqli_query() expects parameter 1 to be mysqli, boolean given in C:\Users\admin2\AppData\Roaming\Appsolute\MAMP\pscripts\file-4d413cf4-6569-4483-a2df-f6031a3221da.php on line 13
[12-Jan-2021 20:38:15 UTC] PHP Warning:  mysqli_fetch_assoc() expects parameter 1 to be mysqli_result, null given in C:\Users\admin2\AppData\Roaming\Appsolute\MAMP\pscripts\file-4d413cf4-6569-4483-a2df-f6031a3221da.php on line 16
[12-Jan-2021 20:38:15 UTC] PHP Warning:  mysqli_close() expects parameter 1 to be mysqli, boolean given in C:\Users\admin2\AppData\Roaming\Appsolute\MAMP\pscripts\file-4d413cf4-6569-4483-a2df-f6031a3221da.php on line 21
[14-Jan-2021 02:32:45 UTC] PHP Warning:  mysqli_connect(): (HY000/1045): Access denied for user 'root'@'localhost' (using password: NO) in C:\Users\admin2\AppData\Roaming\Appsolute\MAMP\pscripts\file-c9ce9ac9-9c25-4878-bf24-df959076f458.php on line 3
[14-Jan-2021 02:32:45 UTC] PHP Warning:  mysqli_query() expects parameter 1 to be mysqli, boolean given in C:\Users\admin2\AppData\Roaming\Appsolute\MAMP\pscripts\file-c9ce9ac9-9c25-4878-bf24-df959076f458.php on line 12
[14-Jan-2021 02:32:45 UTC] PHP Warning:  mysqli_query() expects parameter 1 to be mysqli, boolean given in C:\Users\admin2\AppData\Roaming\Appsolute\MAMP\pscripts\file-c9ce9ac9-9c25-4878-bf24-df959076f458.php on line 13
[14-Jan-2021 02:32:45 UTC] PHP Warning:  mysqli_fetch_assoc() expects parameter 1 to be mysqli_result, null given in C:\Users\admin2\AppData\Roaming\Appsolute\MAMP\pscripts\file-c9ce9ac9-9c25-4878-bf24-df959076f458.php on line 16
[14-Jan-2021 02:32:45 UTC] PHP Warning:  mysqli_close() expects parameter 1 to be mysqli, boolean given in C:\Users\admin2\AppData\Roaming\Appsolute\MAMP\pscripts\file-c9ce9ac9-9c25-4878-bf24-df959076f458.php on line 21
[21-Jan-2021 16:21:27 UTC] PHP Warning:  mysqli_connect(): (HY000/1045): Access denied for user 'root'@'localhost' (using password: NO) in C:\Users\admin2\AppData\Roaming\Appsolute\MAMP\pscripts\file-6b578bcd-b0bb-4df4-93c9-cba514b3ebbe.php on line 3
[21-Jan-2021 16:21:27 UTC] PHP Warning:  mysqli_query() expects parameter 1 to be mysqli, boolean given in C:\Users\admin2\AppData\Roaming\Appsolute\MAMP\pscripts\file-6b578bcd-b0bb-4df4-93c9-cba514b3ebbe.php on line 12
[21-Jan-2021 16:21:27 UTC] PHP Warning:  mysqli_query() expects parameter 1 to be mysqli, boolean given in C:\Users\admin2\AppData\Roaming\Appsolute\MAMP\pscripts\file-6b578bcd-b0bb-4df4-93c9-cba514b3ebbe.php on line 13
[21-Jan-2021 16:21:27 UTC] PHP Warning:  mysqli_fetch_assoc() expects parameter 1 to be mysqli_result, null given in C:\Users\admin2\AppData\Roaming\Appsolute\MAMP\pscripts\file-6b578bcd-b0bb-4df4-93c9-cba514b3ebbe.php on line 16
[21-Jan-2021 16:21:27 UTC] PHP Warning:  mysqli_close() expects parameter 1 to be mysqli, boolean given in C:\Users\admin2\AppData\Roaming\Appsolute\MAMP\pscripts\file-6b578bcd-b0bb-4df4-93c9-cba514b3ebbe.php on line 21
[23-Jan-2021 23:05:55 UTC] PHP Warning:  mysqli_connect(): (HY000/1045): Access denied for user 'root'@'localhost' (using password: NO) in C:\Users\admin2\AppData\Roaming\Appsolute\MAMP\pscripts\file-18f1291d-d54f-4819-8dbd-d9c0820667fa.php on line 3
[23-Jan-2021 23:05:55 UTC] PHP Warning:  mysqli_query() expects parameter 1 to be mysqli, boolean given in C:\Users\admin2\AppData\Roaming\Appsolute\MAMP\pscripts\file-18f1291d-d54f-4819-8dbd-d9c0820667fa.php on line 12
[23-Jan-2021 23:05:55 UTC] PHP Warning:  mysqli_query() expects parameter 1 to be mysqli, boolean given in C:\Users\admin2\AppData\Roaming\Appsolute\MAMP\pscripts\file-18f1291d-d54f-4819-8dbd-d9c0820667fa.php on line 13
[23-Jan-2021 23:05:55 UTC] PHP Warning:  mysqli_fetch_assoc() expects parameter 1 to be mysqli_result, null given in C:\Users\admin2\AppData\Roaming\Appsolute\MAMP\pscripts\file-18f1291d-d54f-4819-8dbd-d9c0820667fa.php on line 16
[23-Jan-2021 23:05:55 UTC] PHP Warning:  mysqli_close() expects parameter 1 to be mysqli, boolean given in C:\Users\admin2\AppData\Roaming\Appsolute\MAMP\pscripts\file-18f1291d-d54f-4819-8dbd-d9c0820667fa.php on line 21
[22-Feb-2021 15:19:07 UTC] PHP Warning:  mysqli_connect(): (HY000/1045): Access denied for user 'root'@'localhost' (using password: NO) in C:\Users\admin2\AppData\Roaming\Appsolute\MAMP\pscripts\file-298ed872-482c-4d41-9e79-69fe4b7133e8.php on line 3
[22-Feb-2021 15:19:07 UTC] PHP Warning:  mysqli_query() expects parameter 1 to be mysqli, boolean given in C:\Users\admin2\AppData\Roaming\Appsolute\MAMP\pscripts\file-298ed872-482c-4d41-9e79-69fe4b7133e8.php on line 12
[22-Feb-2021 15:19:07 UTC] PHP Warning:  mysqli_query() expects parameter 1 to be mysqli, boolean given in C:\Users\admin2\AppData\Roaming\Appsolute\MAMP\pscripts\file-298ed872-482c-4d41-9e79-69fe4b7133e8.php on line 13
[22-Feb-2021 15:19:07 UTC] PHP Warning:  mysqli_fetch_assoc() expects parameter 1 to be mysqli_result, null given in C:\Users\admin2\AppData\Roaming\Appsolute\MAMP\pscripts\file-298ed872-482c-4d41-9e79-69fe4b7133e8.php on line 16
[22-Feb-2021 15:19:07 UTC] PHP Warning:  mysqli_close() expects parameter 1 to be mysqli, boolean given in C:\Users\admin2\AppData\Roaming\Appsolute\MAMP\pscripts\file-298ed872-482c-4d41-9e79-69fe4b7133e8.php on line 21
[02-Apr-2021 13:47:55 UTC] PHP Warning:  mysqli_connect(): (HY000/1045): Access denied for user 'root'@'localhost' (using password: NO) in C:\Users\admin2\AppData\Roaming\Appsolute\MAMP\pscripts\file-50896dba-3a80-4684-b8ba-f157bdfbeab2.php on line 3
[02-Apr-2021 13:47:56 UTC] PHP Warning:  mysqli_query() expects parameter 1 to be mysqli, boolean given in C:\Users\admin2\AppData\Roaming\Appsolute\MAMP\pscripts\file-50896dba-3a80-4684-b8ba-f157bdfbeab2.php on line 12
[02-Apr-2021 13:47:56 UTC] PHP Warning:  mysqli_query() expects parameter 1 to be mysqli, boolean given in C:\Users\admin2\AppData\Roaming\Appsolute\MAMP\pscripts\file-50896dba-3a80-4684-b8ba-f157bdfbeab2.php on line 13
[02-Apr-2021 13:47:56 UTC] PHP Warning:  mysqli_fetch_assoc() expects parameter 1 to be mysqli_result, null given in C:\Users\admin2\AppData\Roaming\Appsolute\MAMP\pscripts\file-50896dba-3a80-4684-b8ba-f157bdfbeab2.php on line 16
[02-Apr-2021 13:47:56 UTC] PHP Warning:  mysqli_close() expects parameter 1 to be mysqli, boolean given in C:\Users\admin2\AppData\Roaming\Appsolute\MAMP\pscripts\file-50896dba-3a80-4684-b8ba-f157bdfbeab2.php on line 21
[02-Apr-2021 16:50:45 UTC] PHP Warning:  mysqli_connect(): (HY000/1045): Access denied for user 'root'@'localhost' (using password: NO) in C:\Users\admin2\AppData\Roaming\Appsolute\MAMP\pscripts\file-61a65798-0835-41a0-b2c7-74935471cd79.php on line 3
[02-Apr-2021 16:50:46 UTC] PHP Warning:  mysqli_query() expects parameter 1 to be mysqli, boolean given in C:\Users\admin2\AppData\Roaming\Appsolute\MAMP\pscripts\file-61a65798-0835-41a0-b2c7-74935471cd79.php on line 12
[02-Apr-2021 16:50:46 UTC] PHP Warning:  mysqli_query() expects parameter 1 to be mysqli, boolean given in C:\Users\admin2\AppData\Roaming\Appsolute\MAMP\pscripts\file-61a65798-0835-41a0-b2c7-74935471cd79.php on line 13
[02-Apr-2021 16:50:46 UTC] PHP Warning:  mysqli_fetch_assoc() expects parameter 1 to be mysqli_result, null given in C:\Users\admin2\AppData\Roaming\Appsolute\MAMP\pscripts\file-61a65798-0835-41a0-b2c7-74935471cd79.php on line 16
[02-Apr-2021 16:50:47 UTC] PHP Warning:  mysqli_close() expects parameter 1 to be mysqli, boolean given in C:\Users\admin2\AppData\Roaming\Appsolute\MAMP\pscripts\file-61a65798-0835-41a0-b2c7-74935471cd79.php on line 21
[04-Apr-2021 05:59:47 UTC] PHP Warning:  mysqli_connect(): (HY000/1045): Access denied for user 'root'@'localhost' (using password: NO) in C:\Users\admin2\AppData\Roaming\Appsolute\MAMP\pscripts\file-3cff3f5a-9c60-4411-a896-53eb66bceac9.php on line 3
[04-Apr-2021 05:59:47 UTC] PHP Warning:  mysqli_query() expects parameter 1 to be mysqli, boolean given in C:\Users\admin2\AppData\Roaming\Appsolute\MAMP\pscripts\file-3cff3f5a-9c60-4411-a896-53eb66bceac9.php on line 12
[04-Apr-2021 05:59:47 UTC] PHP Warning:  mysqli_query() expects parameter 1 to be mysqli, boolean given in C:\Users\admin2\AppData\Roaming\Appsolute\MAMP\pscripts\file-3cff3f5a-9c60-4411-a896-53eb66bceac9.php on line 13
[04-Apr-2021 05:59:47 UTC] PHP Warning:  mysqli_fetch_assoc() expects parameter 1 to be mysqli_result, null given in C:\Users\admin2\AppData\Roaming\Appsolute\MAMP\pscripts\file-3cff3f5a-9c60-4411-a896-53eb66bceac9.php on line 16
[04-Apr-2021 05:59:47 UTC] PHP Warning:  mysqli_close() expects parameter 1 to be mysqli, boolean given in C:\Users\admin2\AppData\Roaming\Appsolute\MAMP\pscripts\file-3cff3f5a-9c60-4411-a896-53eb66bceac9.php on line 21
[08-Apr-2021 19:47:17 UTC] PHP Warning:  mysqli_connect(): (HY000/1045): Access denied for user 'root'@'localhost' (using password: NO) in C:\Users\admin2\AppData\Roaming\Appsolute\MAMP\pscripts\file-0fe177ea-4d95-4951-b5a4-87cdc9cb2977.php on line 3
[08-Apr-2021 19:47:17 UTC] PHP Warning:  mysqli_query() expects parameter 1 to be mysqli, boolean given in C:\Users\admin2\AppData\Roaming\Appsolute\MAMP\pscripts\file-0fe177ea-4d95-4951-b5a4-87cdc9cb2977.php on line 12
[08-Apr-2021 19:47:17 UTC] PHP Warning:  mysqli_query() expects parameter 1 to be mysqli, boolean given in C:\Users\admin2\AppData\Roaming\Appsolute\MAMP\pscripts\file-0fe177ea-4d95-4951-b5a4-87cdc9cb2977.php on line 13
[08-Apr-2021 19:47:17 UTC] PHP Warning:  mysqli_fetch_assoc() expects parameter 1 to be mysqli_result, null given in C:\Users\admin2\AppData\Roaming\Appsolute\MAMP\pscripts\file-0fe177ea-4d95-4951-b5a4-87cdc9cb2977.php on line 16
[08-Apr-2021 19:47:17 UTC] PHP Warning:  mysqli_close() expects parameter 1 to be mysqli, boolean given in C:\Users\admin2\AppData\Roaming\Appsolute\MAMP\pscripts\file-0fe177ea-4d95-4951-b5a4-87cdc9cb2977.php on line 21
[10-Apr-2021 20:57:03 UTC] PHP Warning:  mysqli_connect(): (HY000/1045): Access denied for user 'root'@'localhost' (using password: NO) in C:\Users\admin2\AppData\Roaming\Appsolute\MAMP\pscripts\file-e1495da2-5f8e-4431-8fdb-0fcb7fb36d61.php on line 3
[10-Apr-2021 20:57:03 UTC] PHP Warning:  mysqli_query() expects parameter 1 to be mysqli, boolean given in C:\Users\admin2\AppData\Roaming\Appsolute\MAMP\pscripts\file-e1495da2-5f8e-4431-8fdb-0fcb7fb36d61.php on line 12
[10-Apr-2021 20:57:03 UTC] PHP Warning:  mysqli_query() expects parameter 1 to be mysqli, boolean given in C:\Users\admin2\AppData\Roaming\Appsolute\MAMP\pscripts\file-e1495da2-5f8e-4431-8fdb-0fcb7fb36d61.php on line 13
[10-Apr-2021 20:57:03 UTC] PHP Warning:  mysqli_fetch_assoc() expects parameter 1 to be mysqli_result, null given in C:\Users\admin2\AppData\Roaming\Appsolute\MAMP\pscripts\file-e1495da2-5f8e-4431-8fdb-0fcb7fb36d61.php on line 16
[10-Apr-2021 20:57:03 UTC] PHP Warning:  mysqli_close() expects parameter 1 to be mysqli, boolean given in C:\Users\admin2\AppData\Roaming\Appsolute\MAMP\pscripts\file-e1495da2-5f8e-4431-8fdb-0fcb7fb36d61.php on line 21
[19-Apr-2021 05:11:36 UTC] PHP Warning:  mysqli_connect(): (HY000/1045): Access denied for user 'root'@'localhost' (using password: NO) in C:\Users\admin2\AppData\Roaming\Appsolute\MAMP\pscripts\file-7a739aec-b45e-4a94-b98d-ba6bee7bd1ca.php on line 3
[19-Apr-2021 05:11:36 UTC] PHP Warning:  mysqli_query() expects parameter 1 to be mysqli, boolean given in C:\Users\admin2\AppData\Roaming\Appsolute\MAMP\pscripts\file-7a739aec-b45e-4a94-b98d-ba6bee7bd1ca.php on line 12
[19-Apr-2021 05:11:36 UTC] PHP Warning:  mysqli_query() expects parameter 1 to be mysqli, boolean given in C:\Users\admin2\AppData\Roaming\Appsolute\MAMP\pscripts\file-7a739aec-b45e-4a94-b98d-ba6bee7bd1ca.php on line 13
[19-Apr-2021 05:11:36 UTC] PHP Warning:  mysqli_fetch_assoc() expects parameter 1 to be mysqli_result, null given in C:\Users\admin2\AppData\Roaming\Appsolute\MAMP\pscripts\file-7a739aec-b45e-4a94-b98d-ba6bee7bd1ca.php on line 16
[19-Apr-2021 05:11:36 UTC] PHP Warning:  mysqli_close() expects parameter 1 to be mysqli, boolean given in C:\Users\admin2\AppData\Roaming\Appsolute\MAMP\pscripts\file-7a739aec-b45e-4a94-b98d-ba6bee7bd1ca.php on line 21
[02-May-2021 18:15:35 UTC] PHP Warning:  mysqli_connect(): (HY000/2002): No connection could be made because the target machine actively refused it.
 in Command line code on line 1
[02-May-2021 18:15:35 UTC] PHP Warning:  mysqli_query() expects parameter 1 to be mysqli, boolean given in Command line code on line 1
[02-May-2021 18:15:35 UTC] PHP Warning:  mysqli_fetch_assoc() expects parameter 1 to be mysqli_result, null given in Command line code on line 1
[02-May-2021 18:15:35 UTC] PHP Warning:  mysqli_close() expects parameter 1 to be mysqli, boolean given in Command line code on line 1
[02-May-2021 18:42:53 UTC] PHP Warning:  mysqli_connect(): (HY000/1045): Access denied for user 'root'@'localhost' (using password: NO) in C:\Users\admin2\AppData\Roaming\Appsolute\MAMP\pscripts\file-680fc71a-ffd5-4b40-8e2e-f09ab7d159f6.php on line 3
[02-May-2021 18:42:53 UTC] PHP Warning:  mysqli_query() expects parameter 1 to be mysqli, boolean given in C:\Users\admin2\AppData\Roaming\Appsolute\MAMP\pscripts\file-680fc71a-ffd5-4b40-8e2e-f09ab7d159f6.php on line 12
[02-May-2021 18:42:53 UTC] PHP Warning:  mysqli_query() expects parameter 1 to be mysqli, boolean given in C:\Users\admin2\AppData\Roaming\Appsolute\MAMP\pscripts\file-680fc71a-ffd5-4b40-8e2e-f09ab7d159f6.php on line 13
[02-May-2021 18:42:53 UTC] PHP Warning:  mysqli_fetch_assoc() expects parameter 1 to be mysqli_result, null given in C:\Users\admin2\AppData\Roaming\Appsolute\MAMP\pscripts\file-680fc71a-ffd5-4b40-8e2e-f09ab7d159f6.php on line 16
[02-May-2021 18:42:53 UTC] PHP Warning:  mysqli_close() expects parameter 1 to be mysqli, boolean given in C:\Users\admin2\AppData\Roaming\Appsolute\MAMP\pscripts\file-680fc71a-ffd5-4b40-8e2e-f09ab7d159f6.php on line 21
[02-May-2021 21:20:32 UTC] PHP Warning:  mysqli_connect(): (HY000/1045): Access denied for user 'root'@'localhost' (using password: NO) in C:\Users\admin2\AppData\Roaming\Appsolute\MAMP\pscripts\file-b01d2c0b-cc20-4ea4-92e6-ff663fdafd59.php on line 3
[02-May-2021 21:20:32 UTC] PHP Warning:  mysqli_query() expects parameter 1 to be mysqli, boolean given in C:\Users\admin2\AppData\Roaming\Appsolute\MAMP\pscripts\file-b01d2c0b-cc20-4ea4-92e6-ff663fdafd59.php on line 12
[02-May-2021 21:20:32 UTC] PHP Warning:  mysqli_query() expects parameter 1 to be mysqli, boolean given in C:\Users\admin2\AppData\Roaming\Appsolute\MAMP\pscripts\file-b01d2c0b-cc20-4ea4-92e6-ff663fdafd59.php on line 13
[02-May-2021 21:20:32 UTC] PHP Warning:  mysqli_fetch_assoc() expects parameter 1 to be mysqli_result, null given in C:\Users\admin2\AppData\Roaming\Appsolute\MAMP\pscripts\file-b01d2c0b-cc20-4ea4-92e6-ff663fdafd59.php on line 16
[02-May-2021 21:20:32 UTC] PHP Warning:  mysqli_close() expects parameter 1 to be mysqli, boolean given in C:\Users\admin2\AppData\Roaming\Appsolute\MAMP\pscripts\file-b01d2c0b-cc20-4ea4-92e6-ff663fdafd59.php on line 21
[03-May-2021 12:51:20 UTC] PHP Warning:  mysqli_connect(): (HY000/2002): No connection could be made because the target machine actively refused it.
 in Command line code on line 1
[03-May-2021 12:51:20 UTC] PHP Warning:  mysqli_query() expects parameter 1 to be mysqli, boolean given in Command line code on line 1
[03-May-2021 12:51:20 UTC] PHP Warning:  mysqli_fetch_assoc() expects parameter 1 to be mysqli_result, null given in Command line code on line 1
[03-May-2021 12:51:20 UTC] PHP Warning:  mysqli_close() expects parameter 1 to be mysqli, boolean given in Command line code on line 1
[03-May-2021 12:51:43 UTC] PHP Warning:  mysqli_connect(): (HY000/1045): Access denied for user 'root'@'localhost' (using password: NO) in C:\Users\admin2\AppData\Roaming\Appsolute\MAMP\pscripts\file-aac6c738-e2a6-4828-85f3-ede27a52dd69.php on line 3
[03-May-2021 12:51:43 UTC] PHP Warning:  mysqli_query() expects parameter 1 to be mysqli, boolean given in C:\Users\admin2\AppData\Roaming\Appsolute\MAMP\pscripts\file-aac6c738-e2a6-4828-85f3-ede27a52dd69.php on line 12
[03-May-2021 12:51:43 UTC] PHP Warning:  mysqli_query() expects parameter 1 to be mysqli, boolean given in C:\Users\admin2\AppData\Roaming\Appsolute\MAMP\pscripts\file-aac6c738-e2a6-4828-85f3-ede27a52dd69.php on line 13
[03-May-2021 12:51:43 UTC] PHP Warning:  mysqli_fetch_assoc() expects parameter 1 to be mysqli_result, null given in C:\Users\admin2\AppData\Roaming\Appsolute\MAMP\pscripts\file-aac6c738-e2a6-4828-85f3-ede27a52dd69.php on line 16
[03-May-2021 12:51:43 UTC] PHP Warning:  mysqli_close() expects parameter 1 to be mysqli, boolean given in C:\Users\admin2\AppData\Roaming\Appsolute\MAMP\pscripts\file-aac6c738-e2a6-4828-85f3-ede27a52dd69.php on line 21
[13-May-2021 14:59:18 UTC] PHP Warning:  mysqli_connect(): (HY000/1045): Access denied for user 'root'@'localhost' (using password: NO) in C:\Users\admin2\AppData\Roaming\Appsolute\MAMP\pscripts\file-ed20286b-f9b3-4c21-ab5b-efde60b023d7.php on line 3
[13-May-2021 14:59:18 UTC] PHP Warning:  mysqli_query() expects parameter 1 to be mysqli, boolean given in C:\Users\admin2\AppData\Roaming\Appsolute\MAMP\pscripts\file-ed20286b-f9b3-4c21-ab5b-efde60b023d7.php on line 12
[13-May-2021 14:59:18 UTC] PHP Warning:  mysqli_query() expects parameter 1 to be mysqli, boolean given in C:\Users\admin2\AppData\Roaming\Appsolute\MAMP\pscripts\file-ed20286b-f9b3-4c21-ab5b-efde60b023d7.php on line 13
[13-May-2021 14:59:18 UTC] PHP Warning:  mysqli_fetch_assoc() expects parameter 1 to be mysqli_result, null given in C:\Users\admin2\AppData\Roaming\Appsolute\MAMP\pscripts\file-ed20286b-f9b3-4c21-ab5b-efde60b023d7.php on line 16
[13-May-2021 14:59:18 UTC] PHP Warning:  mysqli_close() expects parameter 1 to be mysqli, boolean given in C:\Users\admin2\AppData\Roaming\Appsolute\MAMP\pscripts\file-ed20286b-f9b3-4c21-ab5b-efde60b023d7.php on line 21
[05-Jun-2021 12:33:23 UTC] PHP Warning:  mysqli_connect(): (HY000/1045): Access denied for user 'root'@'localhost' (using password: NO) in C:\Users\admin2\AppData\Roaming\Appsolute\MAMP\pscripts\file-b31f79ee-62d7-4e05-928a-a98532e68881.php on line 3
[05-Jun-2021 12:33:23 UTC] PHP Warning:  mysqli_query() expects parameter 1 to be mysqli, boolean given in C:\Users\admin2\AppData\Roaming\Appsolute\MAMP\pscripts\file-b31f79ee-62d7-4e05-928a-a98532e68881.php on line 12
[05-Jun-2021 12:33:23 UTC] PHP Warning:  mysqli_query() expects parameter 1 to be mysqli, boolean given in C:\Users\admin2\AppData\Roaming\Appsolute\MAMP\pscripts\file-b31f79ee-62d7-4e05-928a-a98532e68881.php on line 13
[05-Jun-2021 12:33:23 UTC] PHP Warning:  mysqli_fetch_assoc() expects parameter 1 to be mysqli_result, null given in C:\Users\admin2\AppData\Roaming\Appsolute\MAMP\pscripts\file-b31f79ee-62d7-4e05-928a-a98532e68881.php on line 16
[05-Jun-2021 12:33:23 UTC] PHP Warning:  mysqli_close() expects parameter 1 to be mysqli, boolean given in C:\Users\admin2\AppData\Roaming\Appsolute\MAMP\pscripts\file-b31f79ee-62d7-4e05-928a-a98532e68881.php on line 21
[06-Jun-2021 15:25:52 UTC] PHP Warning:  mysqli_connect(): (HY000/1045): Access denied for user 'root'@'localhost' (using password: NO) in C:\Users\admin2\AppData\Roaming\Appsolute\MAMP\pscripts\file-d3b92b29-35fc-4d60-8b4f-810fe0ad73f3.php on line 3
[06-Jun-2021 15:25:52 UTC] PHP Warning:  mysqli_query() expects parameter 1 to be mysqli, boolean given in C:\Users\admin2\AppData\Roaming\Appsolute\MAMP\pscripts\file-d3b92b29-35fc-4d60-8b4f-810fe0ad73f3.php on line 12
[06-Jun-2021 15:25:52 UTC] PHP Warning:  mysqli_query() expects parameter 1 to be mysqli, boolean given in C:\Users\admin2\AppData\Roaming\Appsolute\MAMP\pscripts\file-d3b92b29-35fc-4d60-8b4f-810fe0ad73f3.php on line 13
[06-Jun-2021 15:25:52 UTC] PHP Warning:  mysqli_fetch_assoc() expects parameter 1 to be mysqli_result, null given in C:\Users\admin2\AppData\Roaming\Appsolute\MAMP\pscripts\file-d3b92b29-35fc-4d60-8b4f-810fe0ad73f3.php on line 16
[06-Jun-2021 15:25:52 UTC] PHP Warning:  mysqli_close() expects parameter 1 to be mysqli, boolean given in C:\Users\admin2\AppData\Roaming\Appsolute\MAMP\pscripts\file-d3b92b29-35fc-4d60-8b4f-810fe0ad73f3.php on line 21
[08-Jun-2021 17:06:41 UTC] PHP Warning:  mysqli_connect(): (HY000/1045): Access denied for user 'root'@'localhost' (using password: NO) in C:\Users\admin2\AppData\Roaming\Appsolute\MAMP\pscripts\file-96d4bd97-c238-4bb8-a6db-68d8517f4241.php on line 3
[08-Jun-2021 17:06:41 UTC] PHP Warning:  mysqli_query() expects parameter 1 to be mysqli, boolean given in C:\Users\admin2\AppData\Roaming\Appsolute\MAMP\pscripts\file-96d4bd97-c238-4bb8-a6db-68d8517f4241.php on line 12
[08-Jun-2021 17:06:41 UTC] PHP Warning:  mysqli_query() expects parameter 1 to be mysqli, boolean given in C:\Users\admin2\AppData\Roaming\Appsolute\MAMP\pscripts\file-96d4bd97-c238-4bb8-a6db-68d8517f4241.php on line 13
[08-Jun-2021 17:06:41 UTC] PHP Warning:  mysqli_fetch_assoc() expects parameter 1 to be mysqli_result, null given in C:\Users\admin2\AppData\Roaming\Appsolute\MAMP\pscripts\file-96d4bd97-c238-4bb8-a6db-68d8517f4241.php on line 16
[08-Jun-2021 17:06:41 UTC] PHP Warning:  mysqli_close() expects parameter 1 to be mysqli, boolean given in C:\Users\admin2\AppData\Roaming\Appsolute\MAMP\pscripts\file-96d4bd97-c238-4bb8-a6db-68d8517f4241.php on line 21
[11-Jun-2021 02:08:16 UTC] PHP Warning:  mysqli_connect(): (HY000/1045): Access denied for user 'root'@'localhost' (using password: NO) in C:\Users\admin2\AppData\Roaming\Appsolute\MAMP\pscripts\file-1d48d85c-7501-480d-a3ac-944362ae364e.php on line 3
[11-Jun-2021 02:08:17 UTC] PHP Warning:  mysqli_query() expects parameter 1 to be mysqli, boolean given in C:\Users\admin2\AppData\Roaming\Appsolute\MAMP\pscripts\file-1d48d85c-7501-480d-a3ac-944362ae364e.php on line 12
[11-Jun-2021 02:08:17 UTC] PHP Warning:  mysqli_query() expects parameter 1 to be mysqli, boolean given in C:\Users\admin2\AppData\Roaming\Appsolute\MAMP\pscripts\file-1d48d85c-7501-480d-a3ac-944362ae364e.php on line 13
[11-Jun-2021 02:08:17 UTC] PHP Warning:  mysqli_fetch_assoc() expects parameter 1 to be mysqli_result, null given in C:\Users\admin2\AppData\Roaming\Appsolute\MAMP\pscripts\file-1d48d85c-7501-480d-a3ac-944362ae364e.php on line 16
[11-Jun-2021 02:08:17 UTC] PHP Warning:  mysqli_close() expects parameter 1 to be mysqli, boolean given in C:\Users\admin2\AppData\Roaming\Appsolute\MAMP\pscripts\file-1d48d85c-7501-480d-a3ac-944362ae364e.php on line 21
[19-Jun-2021 17:21:57 UTC] PHP Warning:  mysqli_connect(): (HY000/1045): Access denied for user 'root'@'localhost' (using password: NO) in C:\Users\admin2\AppData\Roaming\Appsolute\MAMP\pscripts\file-9079255e-8b44-4581-be25-e8bffde04cc7.php on line 3
[19-Jun-2021 17:21:57 UTC] PHP Warning:  mysqli_query() expects parameter 1 to be mysqli, boolean given in C:\Users\admin2\AppData\Roaming\Appsolute\MAMP\pscripts\file-9079255e-8b44-4581-be25-e8bffde04cc7.php on line 12
[19-Jun-2021 17:21:57 UTC] PHP Warning:  mysqli_query() expects parameter 1 to be mysqli, boolean given in C:\Users\admin2\AppData\Roaming\Appsolute\MAMP\pscripts\file-9079255e-8b44-4581-be25-e8bffde04cc7.php on line 13
[19-Jun-2021 17:21:57 UTC] PHP Warning:  mysqli_fetch_assoc() expects parameter 1 to be mysqli_result, null given in C:\Users\admin2\AppData\Roaming\Appsolute\MAMP\pscripts\file-9079255e-8b44-4581-be25-e8bffde04cc7.php on line 16
[19-Jun-2021 17:21:57 UTC] PHP Warning:  mysqli_close() expects parameter 1 to be mysqli, boolean given in C:\Users\admin2\AppData\Roaming\Appsolute\MAMP\pscripts\file-9079255e-8b44-4581-be25-e8bffde04cc7.php on line 21
[20-Jun-2021 22:45:52 UTC] PHP Warning:  mysqli_connect(): (HY000/1045): Access denied for user 'root'@'localhost' (using password: NO) in C:\Users\admin2\AppData\Roaming\Appsolute\MAMP\pscripts\file-115bd373-9b02-4dca-b913-2022159d696c.php on line 3
[20-Jun-2021 22:45:52 UTC] PHP Warning:  mysqli_query() expects parameter 1 to be mysqli, boolean given in C:\Users\admin2\AppData\Roaming\Appsolute\MAMP\pscripts\file-115bd373-9b02-4dca-b913-2022159d696c.php on line 12
[20-Jun-2021 22:45:52 UTC] PHP Warning:  mysqli_query() expects parameter 1 to be mysqli, boolean given in C:\Users\admin2\AppData\Roaming\Appsolute\MAMP\pscripts\file-115bd373-9b02-4dca-b913-2022159d696c.php on line 13
[20-Jun-2021 22:45:52 UTC] PHP Warning:  mysqli_fetch_assoc() expects parameter 1 to be mysqli_result, null given in C:\Users\admin2\AppData\Roaming\Appsolute\MAMP\pscripts\file-115bd373-9b02-4dca-b913-2022159d696c.php on line 16
[20-Jun-2021 22:45:52 UTC] PHP Warning:  mysqli_close() expects parameter 1 to be mysqli, boolean given in C:\Users\admin2\AppData\Roaming\Appsolute\MAMP\pscripts\file-115bd373-9b02-4dca-b913-2022159d696c.php on line 21
[21-Jun-2021 13:23:55 UTC] PHP Warning:  mysqli_connect(): (HY000/1045): Access denied for user 'root'@'localhost' (using password: NO) in C:\Users\admin2\AppData\Roaming\Appsolute\MAMP\pscripts\file-3287aded-87b1-406d-92ff-1fb035e01164.php on line 3
[21-Jun-2021 13:23:56 UTC] PHP Warning:  mysqli_query() expects parameter 1 to be mysqli, boolean given in C:\Users\admin2\AppData\Roaming\Appsolute\MAMP\pscripts\file-3287aded-87b1-406d-92ff-1fb035e01164.php on line 12
[21-Jun-2021 13:23:56 UTC] PHP Warning:  mysqli_query() expects parameter 1 to be mysqli, boolean given in C:\Users\admin2\AppData\Roaming\Appsolute\MAMP\pscripts\file-3287aded-87b1-406d-92ff-1fb035e01164.php on line 13
[21-Jun-2021 13:23:56 UTC] PHP Warning:  mysqli_fetch_assoc() expects parameter 1 to be mysqli_result, null given in C:\Users\admin2\AppData\Roaming\Appsolute\MAMP\pscripts\file-3287aded-87b1-406d-92ff-1fb035e01164.php on line 16
[21-Jun-2021 13:23:56 UTC] PHP Warning:  mysqli_close() expects parameter 1 to be mysqli, boolean given in C:\Users\admin2\AppData\Roaming\Appsolute\MAMP\pscripts\file-3287aded-87b1-406d-92ff-1fb035e01164.php on line 21
[21-Jun-2021 14:04:26 UTC] PHP Warning:  mysqli_connect(): (HY000/1045): Access denied for user 'root'@'localhost' (using password: NO) in C:\Users\admin2\AppData\Roaming\Appsolute\MAMP\pscripts\file-6216d22d-58d4-4294-8dd6-5bcc5e96d497.php on line 3
[21-Jun-2021 14:04:26 UTC] PHP Warning:  mysqli_query() expects parameter 1 to be mysqli, boolean given in C:\Users\admin2\AppData\Roaming\Appsolute\MAMP\pscripts\file-6216d22d-58d4-4294-8dd6-5bcc5e96d497.php on line 12
[21-Jun-2021 14:04:26 UTC] PHP Warning:  mysqli_query() expects parameter 1 to be mysqli, boolean given in C:\Users\admin2\AppData\Roaming\Appsolute\MAMP\pscripts\file-6216d22d-58d4-4294-8dd6-5bcc5e96d497.php on line 13
[21-Jun-2021 14:04:26 UTC] PHP Warning:  mysqli_fetch_assoc() expects parameter 1 to be mysqli_result, null given in C:\Users\admin2\AppData\Roaming\Appsolute\MAMP\pscripts\file-6216d22d-58d4-4294-8dd6-5bcc5e96d497.php on line 16
[21-Jun-2021 14:04:26 UTC] PHP Warning:  mysqli_close() expects parameter 1 to be mysqli, boolean given in C:\Users\admin2\AppData\Roaming\Appsolute\MAMP\pscripts\file-6216d22d-58d4-4294-8dd6-5bcc5e96d497.php on line 21
[23-Jun-2021 16:34:51 UTC] PHP Warning:  mysqli_connect(): (HY000/1045): Access denied for user 'root'@'localhost' (using password: NO) in C:\Users\admin2\AppData\Roaming\Appsolute\MAMP\pscripts\file-a9ca4404-7982-417f-82da-94aec5a01407.php on line 3
[23-Jun-2021 16:34:51 UTC] PHP Warning:  mysqli_query() expects parameter 1 to be mysqli, boolean given in C:\Users\admin2\AppData\Roaming\Appsolute\MAMP\pscripts\file-a9ca4404-7982-417f-82da-94aec5a01407.php on line 12
[23-Jun-2021 16:34:51 UTC] PHP Warning:  mysqli_query() expects parameter 1 to be mysqli, boolean given in C:\Users\admin2\AppData\Roaming\Appsolute\MAMP\pscripts\file-a9ca4404-7982-417f-82da-94aec5a01407.php on line 13
[23-Jun-2021 16:34:51 UTC] PHP Warning:  mysqli_fetch_assoc() expects parameter 1 to be mysqli_result, null given in C:\Users\admin2\AppData\Roaming\Appsolute\MAMP\pscripts\file-a9ca4404-7982-417f-82da-94aec5a01407.php on line 16
[23-Jun-2021 16:34:51 UTC] PHP Warning:  mysqli_close() expects parameter 1 to be mysqli, boolean given in C:\Users\admin2\AppData\Roaming\Appsolute\MAMP\pscripts\file-a9ca4404-7982-417f-82da-94aec5a01407.php on line 21
