[25-Dec-2020 02:23:15 UTC] PHP Parse error:  syntax error, unexpected '""' (T_CONSTANT_ENCAPSED_STRING), expecting ')' in C:\MAMP\htdocs\signup.php on line 33
[25-Dec-2020 02:23:22 UTC] PHP Parse error:  syntax error, unexpected '""' (T_CONSTANT_ENCAPSED_STRING), expecting ')' in C:\MAMP\htdocs\signup.php on line 33
[25-Dec-2020 02:23:38 UTC] PHP Parse error:  syntax error, unexpected '""' (T_CONSTANT_ENCAPSED_STRING), expecting ')' in C:\MAMP\htdocs\signup.php on line 33
[25-Dec-2020 02:23:40 UTC] PHP Fatal error:  Uncaught Error: Call to undefined function mysql_connect() in C:\MAMP\htdocs\login.php:13
Stack trace:
#0 {main}
  thrown in C:\MAMP\htdocs\login.php on line 13
[25-Dec-2020 03:45:27 UTC] PHP Fatal error:  Uncaught Error: Call to undefined function mysql_connect() in C:\MAMP\htdocs\login.php:13
Stack trace:
#0 {main}
  thrown in C:\MAMP\htdocs\login.php on line 13
[25-Dec-2020 03:45:30 UTC] PHP Fatal error:  Uncaught Error: Call to undefined function mysql_connect() in C:\MAMP\htdocs\login.php:13
Stack trace:
#0 {main}
  thrown in C:\MAMP\htdocs\login.php on line 13
[25-Dec-2020 03:49:46 UTC] PHP Fatal error:  Uncaught Error: Call to undefined function mysql_connect() in C:\MAMP\htdocs\login.php:13
Stack trace:
#0 {main}
  thrown in C:\MAMP\htdocs\login.php on line 13
[25-Dec-2020 03:51:54 UTC] PHP Fatal error:  Uncaught Error: Call to undefined function mysql_connect() in C:\MAMP\htdocs\login.php:13
Stack trace:
#0 {main}
  thrown in C:\MAMP\htdocs\login.php on line 13
[25-Dec-2020 03:56:49 UTC] PHP Notice:  Undefined variable: mysql_select_db in C:\MAMP\htdocs\login.php on line 17
[25-Dec-2020 03:56:49 UTC] PHP Fatal error:  Uncaught Error: Function name must be a string in C:\MAMP\htdocs\login.php:17
Stack trace:
#0 {main}
  thrown in C:\MAMP\htdocs\login.php on line 17
[25-Dec-2020 03:56:50 UTC] PHP Notice:  Undefined variable: mysql_select_db in C:\MAMP\htdocs\login.php on line 17
[25-Dec-2020 03:56:50 UTC] PHP Fatal error:  Uncaught Error: Function name must be a string in C:\MAMP\htdocs\login.php:17
Stack trace:
#0 {main}
  thrown in C:\MAMP\htdocs\login.php on line 17
[25-Dec-2020 03:58:39 UTC] PHP Notice:  Undefined variable: mysql_select_db in C:\MAMP\htdocs\login.php on line 17
[25-Dec-2020 03:58:39 UTC] PHP Fatal error:  Uncaught Error: Function name must be a string in C:\MAMP\htdocs\login.php:17
Stack trace:
#0 {main}
  thrown in C:\MAMP\htdocs\login.php on line 17
[25-Dec-2020 04:01:23 UTC] PHP Notice:  Undefined variable: mysql_select_db in C:\MAMP\htdocs\login.php on line 17
[25-Dec-2020 04:01:23 UTC] PHP Fatal error:  Uncaught Error: Function name must be a string in C:\MAMP\htdocs\login.php:17
Stack trace:
#0 {main}
  thrown in C:\MAMP\htdocs\login.php on line 17
[25-Dec-2020 04:04:55 UTC] PHP Notice:  Undefined variable: mysql_select_db in C:\MAMP\htdocs\login.php on line 17
[25-Dec-2020 04:04:55 UTC] PHP Fatal error:  Uncaught Error: Function name must be a string in C:\MAMP\htdocs\login.php:17
Stack trace:
#0 {main}
  thrown in C:\MAMP\htdocs\login.php on line 17
[25-Dec-2020 04:08:03 UTC] PHP Notice:  Undefined variable: mysqli in C:\MAMP\htdocs\login.php on line 17
[25-Dec-2020 04:08:03 UTC] PHP Fatal error:  Uncaught Error: Call to a member function select_db() on null in C:\MAMP\htdocs\login.php:17
Stack trace:
#0 {main}
  thrown in C:\MAMP\htdocs\login.php on line 17
[25-Dec-2020 04:08:04 UTC] PHP Notice:  Undefined variable: mysqli in C:\MAMP\htdocs\login.php on line 17
[25-Dec-2020 04:08:04 UTC] PHP Fatal error:  Uncaught Error: Call to a member function select_db() on null in C:\MAMP\htdocs\login.php:17
Stack trace:
#0 {main}
  thrown in C:\MAMP\htdocs\login.php on line 17
[25-Dec-2020 04:08:05 UTC] PHP Notice:  Undefined variable: mysqli in C:\MAMP\htdocs\login.php on line 17
[25-Dec-2020 04:08:05 UTC] PHP Fatal error:  Uncaught Error: Call to a member function select_db() on null in C:\MAMP\htdocs\login.php:17
Stack trace:
#0 {main}
  thrown in C:\MAMP\htdocs\login.php on line 17
[25-Dec-2020 04:10:06 UTC] PHP Notice:  Undefined variable: mysqli in C:\MAMP\htdocs\login.php on line 17
[25-Dec-2020 04:10:07 UTC] PHP Fatal error:  Uncaught Error: Call to a member function select_db() on null in C:\MAMP\htdocs\login.php:17
Stack trace:
#0 {main}
  thrown in C:\MAMP\htdocs\login.php on line 17
[25-Dec-2020 04:11:53 UTC] PHP Notice:  Undefined variable: mysqli in C:\MAMP\htdocs\login.php on line 17
[25-Dec-2020 04:11:53 UTC] PHP Fatal error:  Uncaught Error: Call to a member function select_db() on null in C:\MAMP\htdocs\login.php:17
Stack trace:
#0 {main}
  thrown in C:\MAMP\htdocs\login.php on line 17
[25-Dec-2020 04:12:39 UTC] PHP Notice:  Undefined variable: mysqli in C:\MAMP\htdocs\login.php on line 17
[25-Dec-2020 04:12:39 UTC] PHP Fatal error:  Uncaught Error: Call to a member function select_db() on null in C:\MAMP\htdocs\login.php:17
Stack trace:
#0 {main}
  thrown in C:\MAMP\htdocs\login.php on line 17
[25-Dec-2020 04:12:56 UTC] PHP Notice:  Undefined variable: mysqli in C:\MAMP\htdocs\login.php on line 17
[25-Dec-2020 04:12:56 UTC] PHP Fatal error:  Uncaught Error: Call to a member function select_db() on null in C:\MAMP\htdocs\login.php:17
Stack trace:
#0 {main}
  thrown in C:\MAMP\htdocs\login.php on line 17
[25-Dec-2020 04:12:57 UTC] PHP Notice:  Undefined variable: mysqli in C:\MAMP\htdocs\login.php on line 17
[25-Dec-2020 04:12:57 UTC] PHP Fatal error:  Uncaught Error: Call to a member function select_db() on null in C:\MAMP\htdocs\login.php:17
Stack trace:
#0 {main}
  thrown in C:\MAMP\htdocs\login.php on line 17
[25-Dec-2020 04:13:25 UTC] PHP Notice:  Undefined variable: mysqli in C:\MAMP\htdocs\login.php on line 22
[25-Dec-2020 04:13:25 UTC] PHP Fatal error:  Uncaught Error: Call to a member function real_escape_string() on null in C:\MAMP\htdocs\login.php:22
Stack trace:
#0 {main}
  thrown in C:\MAMP\htdocs\login.php on line 22
[25-Dec-2020 04:13:33 UTC] PHP Notice:  Undefined variable: username in C:\MAMP\htdocs\login.php on line 20
[25-Dec-2020 04:13:33 UTC] PHP Notice:  Undefined variable: mysqli in C:\MAMP\htdocs\login.php on line 24
[25-Dec-2020 04:13:33 UTC] PHP Fatal error:  Uncaught Error: Call to a member function query() on null in C:\MAMP\htdocs\login.php:24
Stack trace:
#0 {main}
  thrown in C:\MAMP\htdocs\login.php on line 24
[25-Dec-2020 04:14:51 UTC] PHP Notice:  Undefined variable: mysql_select_db in C:\MAMP\htdocs\login.php on line 17
[25-Dec-2020 04:14:51 UTC] PHP Fatal error:  Uncaught Error: Function name must be a string in C:\MAMP\htdocs\login.php:17
Stack trace:
#0 {main}
  thrown in C:\MAMP\htdocs\login.php on line 17
[25-Dec-2020 04:14:53 UTC] PHP Notice:  Undefined variable: mysql_select_db in C:\MAMP\htdocs\login.php on line 17
[25-Dec-2020 04:14:53 UTC] PHP Fatal error:  Uncaught Error: Function name must be a string in C:\MAMP\htdocs\login.php:17
Stack trace:
#0 {main}
  thrown in C:\MAMP\htdocs\login.php on line 17
[25-Dec-2020 04:15:37 UTC] PHP Fatal error:  Uncaught Error: Call to undefined function mysql_select_db() in C:\MAMP\htdocs\login.php:17
Stack trace:
#0 {main}
  thrown in C:\MAMP\htdocs\login.php on line 17
[25-Dec-2020 04:15:47 UTC] PHP Fatal error:  Uncaught Error: Call to undefined function mysql_select_db() in C:\MAMP\htdocs\login.php:17
Stack trace:
#0 {main}
  thrown in C:\MAMP\htdocs\login.php on line 17
[25-Dec-2020 04:15:48 UTC] PHP Fatal error:  Uncaught Error: Call to undefined function mysql_select_db() in C:\MAMP\htdocs\login.php:17
Stack trace:
#0 {main}
  thrown in C:\MAMP\htdocs\login.php on line 17
[25-Dec-2020 04:16:04 UTC] PHP Warning:  mysqli_select_db() expects exactly 2 parameters, 1 given in C:\MAMP\htdocs\login.php on line 17
[25-Dec-2020 04:16:29 UTC] PHP Warning:  mysqli_select_db() expects exactly 2 parameters, 1 given in C:\MAMP\htdocs\login.php on line 17
[25-Dec-2020 04:16:29 UTC] PHP Notice:  Undefined index: username in C:\MAMP\htdocs\login.php on line 22
[25-Dec-2020 04:16:29 UTC] PHP Warning:  mysqli_real_escape_string() expects exactly 2 parameters, 1 given in C:\MAMP\htdocs\login.php on line 22
[25-Dec-2020 04:16:29 UTC] PHP Notice:  Undefined index: password in C:\MAMP\htdocs\login.php on line 23
[25-Dec-2020 04:16:29 UTC] PHP Warning:  mysqli_real_escape_string() expects exactly 2 parameters, 1 given in C:\MAMP\htdocs\login.php on line 23
[25-Dec-2020 04:16:30 UTC] PHP Warning:  mysqli_select_db() expects exactly 2 parameters, 1 given in C:\MAMP\htdocs\login.php on line 17
[25-Dec-2020 04:16:30 UTC] PHP Notice:  Undefined index: username in C:\MAMP\htdocs\login.php on line 22
[25-Dec-2020 04:16:30 UTC] PHP Warning:  mysqli_real_escape_string() expects exactly 2 parameters, 1 given in C:\MAMP\htdocs\login.php on line 22
[25-Dec-2020 04:16:30 UTC] PHP Notice:  Undefined index: password in C:\MAMP\htdocs\login.php on line 23
[25-Dec-2020 04:16:30 UTC] PHP Warning:  mysqli_real_escape_string() expects exactly 2 parameters, 1 given in C:\MAMP\htdocs\login.php on line 23
[25-Dec-2020 04:16:52 UTC] PHP Warning:  mysqli_select_db() expects exactly 2 parameters, 1 given in C:\MAMP\htdocs\login.php on line 17
[25-Dec-2020 04:16:52 UTC] PHP Notice:  Undefined index: username in C:\MAMP\htdocs\login.php on line 22
[25-Dec-2020 04:16:52 UTC] PHP Warning:  mysqli_real_escape_string() expects exactly 2 parameters, 1 given in C:\MAMP\htdocs\login.php on line 22
[25-Dec-2020 04:16:52 UTC] PHP Notice:  Undefined index: password in C:\MAMP\htdocs\login.php on line 23
[25-Dec-2020 04:16:52 UTC] PHP Warning:  mysqli_real_escape_string() expects exactly 2 parameters, 1 given in C:\MAMP\htdocs\login.php on line 23
[25-Dec-2020 04:16:52 UTC] PHP Warning:  mysqli_query() expects at least 2 parameters, 1 given in C:\MAMP\htdocs\login.php on line 31
[25-Dec-2020 04:16:52 UTC] PHP Warning:  mysqli_error() expects exactly 1 parameter, 0 given in C:\MAMP\htdocs\login.php on line 31
[25-Dec-2020 04:16:53 UTC] PHP Warning:  mysqli_select_db() expects exactly 2 parameters, 1 given in C:\MAMP\htdocs\login.php on line 17
[25-Dec-2020 04:16:53 UTC] PHP Notice:  Undefined index: username in C:\MAMP\htdocs\login.php on line 22
[25-Dec-2020 04:16:53 UTC] PHP Warning:  mysqli_real_escape_string() expects exactly 2 parameters, 1 given in C:\MAMP\htdocs\login.php on line 22
[25-Dec-2020 04:16:53 UTC] PHP Notice:  Undefined index: password in C:\MAMP\htdocs\login.php on line 23
[25-Dec-2020 04:16:53 UTC] PHP Warning:  mysqli_real_escape_string() expects exactly 2 parameters, 1 given in C:\MAMP\htdocs\login.php on line 23
[25-Dec-2020 04:16:53 UTC] PHP Warning:  mysqli_query() expects at least 2 parameters, 1 given in C:\MAMP\htdocs\login.php on line 31
[25-Dec-2020 04:16:53 UTC] PHP Warning:  mysqli_error() expects exactly 1 parameter, 0 given in C:\MAMP\htdocs\login.php on line 31
[25-Dec-2020 04:19:01 UTC] PHP Warning:  mysqli_select_db() expects exactly 2 parameters, 1 given in C:\MAMP\htdocs\login.php on line 17
[25-Dec-2020 04:19:01 UTC] PHP Notice:  Undefined index: username in C:\MAMP\htdocs\login.php on line 22
[25-Dec-2020 04:19:01 UTC] PHP Warning:  mysqli_real_escape_string() expects exactly 2 parameters, 1 given in C:\MAMP\htdocs\login.php on line 22
[25-Dec-2020 04:19:01 UTC] PHP Notice:  Undefined index: password in C:\MAMP\htdocs\login.php on line 23
[25-Dec-2020 04:19:01 UTC] PHP Warning:  mysqli_real_escape_string() expects exactly 2 parameters, 1 given in C:\MAMP\htdocs\login.php on line 23
[25-Dec-2020 04:19:01 UTC] PHP Warning:  mysqli_query() expects at least 2 parameters, 1 given in C:\MAMP\htdocs\login.php on line 31
[25-Dec-2020 04:19:01 UTC] PHP Notice:  Undefined variable: mysqli in C:\MAMP\htdocs\login.php on line 31
[25-Dec-2020 04:19:01 UTC] PHP Notice:  Trying to get property 'error' of non-object in C:\MAMP\htdocs\login.php on line 31
[25-Dec-2020 04:19:02 UTC] PHP Warning:  mysqli_select_db() expects exactly 2 parameters, 1 given in C:\MAMP\htdocs\login.php on line 17
[25-Dec-2020 04:19:02 UTC] PHP Notice:  Undefined index: username in C:\MAMP\htdocs\login.php on line 22
[25-Dec-2020 04:19:02 UTC] PHP Warning:  mysqli_real_escape_string() expects exactly 2 parameters, 1 given in C:\MAMP\htdocs\login.php on line 22
[25-Dec-2020 04:19:02 UTC] PHP Notice:  Undefined index: password in C:\MAMP\htdocs\login.php on line 23
[25-Dec-2020 04:19:02 UTC] PHP Warning:  mysqli_real_escape_string() expects exactly 2 parameters, 1 given in C:\MAMP\htdocs\login.php on line 23
[25-Dec-2020 04:19:02 UTC] PHP Warning:  mysqli_query() expects at least 2 parameters, 1 given in C:\MAMP\htdocs\login.php on line 31
[25-Dec-2020 04:19:02 UTC] PHP Notice:  Undefined variable: mysqli in C:\MAMP\htdocs\login.php on line 31
[25-Dec-2020 04:19:02 UTC] PHP Notice:  Trying to get property 'error' of non-object in C:\MAMP\htdocs\login.php on line 31
[25-Dec-2020 04:19:27 UTC] PHP Warning:  mysqli_select_db() expects exactly 2 parameters, 1 given in C:\MAMP\htdocs\login.php on line 17
[25-Dec-2020 04:19:27 UTC] PHP Notice:  Undefined index: username in C:\MAMP\htdocs\login.php on line 22
[25-Dec-2020 04:19:27 UTC] PHP Warning:  mysqli_real_escape_string() expects exactly 2 parameters, 1 given in C:\MAMP\htdocs\login.php on line 22
[25-Dec-2020 04:19:27 UTC] PHP Notice:  Undefined index: password in C:\MAMP\htdocs\login.php on line 23
[25-Dec-2020 04:19:27 UTC] PHP Warning:  mysqli_real_escape_string() expects exactly 2 parameters, 1 given in C:\MAMP\htdocs\login.php on line 23
[25-Dec-2020 04:19:27 UTC] PHP Warning:  mysqli_query() expects at least 2 parameters, 1 given in C:\MAMP\htdocs\login.php on line 31
[25-Dec-2020 04:19:27 UTC] PHP Warning:  mysqli_error() expects exactly 1 parameter, 0 given in C:\MAMP\htdocs\login.php on line 31
[25-Dec-2020 04:19:46 UTC] PHP Warning:  mysqli_select_db() expects exactly 2 parameters, 1 given in C:\MAMP\htdocs\login.php on line 17
[25-Dec-2020 04:19:46 UTC] PHP Notice:  Undefined index: username in C:\MAMP\htdocs\login.php on line 22
[25-Dec-2020 04:19:46 UTC] PHP Warning:  mysqli_real_escape_string() expects exactly 2 parameters, 1 given in C:\MAMP\htdocs\login.php on line 22
[25-Dec-2020 04:19:46 UTC] PHP Notice:  Undefined index: password in C:\MAMP\htdocs\login.php on line 23
[25-Dec-2020 04:19:46 UTC] PHP Warning:  mysqli_real_escape_string() expects exactly 2 parameters, 1 given in C:\MAMP\htdocs\login.php on line 23
[25-Dec-2020 04:23:31 UTC] PHP Warning:  mysqli_select_db() expects exactly 2 parameters, 1 given in C:\MAMP\htdocs\login.php on line 17
[25-Dec-2020 04:23:31 UTC] PHP Notice:  Undefined index: username in C:\MAMP\htdocs\login.php on line 22
[25-Dec-2020 04:23:31 UTC] PHP Warning:  mysqli_real_escape_string() expects exactly 2 parameters, 1 given in C:\MAMP\htdocs\login.php on line 22
[25-Dec-2020 04:23:31 UTC] PHP Notice:  Undefined index: password in C:\MAMP\htdocs\login.php on line 23
[25-Dec-2020 04:23:31 UTC] PHP Warning:  mysqli_real_escape_string() expects exactly 2 parameters, 1 given in C:\MAMP\htdocs\login.php on line 23
[25-Dec-2020 04:23:31 UTC] PHP Warning:  mysqli_query() expects at least 2 parameters, 1 given in C:\MAMP\htdocs\login.php on line 31
[25-Dec-2020 04:23:31 UTC] PHP Warning:  mysqli_error() expects exactly 1 parameter, 0 given in C:\MAMP\htdocs\login.php on line 31
[25-Dec-2020 04:23:32 UTC] PHP Warning:  mysqli_select_db() expects exactly 2 parameters, 1 given in C:\MAMP\htdocs\login.php on line 17
[25-Dec-2020 04:23:32 UTC] PHP Notice:  Undefined index: username in C:\MAMP\htdocs\login.php on line 22
[25-Dec-2020 04:23:32 UTC] PHP Warning:  mysqli_real_escape_string() expects exactly 2 parameters, 1 given in C:\MAMP\htdocs\login.php on line 22
[25-Dec-2020 04:23:32 UTC] PHP Notice:  Undefined index: password in C:\MAMP\htdocs\login.php on line 23
[25-Dec-2020 04:23:32 UTC] PHP Warning:  mysqli_real_escape_string() expects exactly 2 parameters, 1 given in C:\MAMP\htdocs\login.php on line 23
[25-Dec-2020 04:23:32 UTC] PHP Warning:  mysqli_query() expects at least 2 parameters, 1 given in C:\MAMP\htdocs\login.php on line 31
[25-Dec-2020 04:23:32 UTC] PHP Warning:  mysqli_error() expects exactly 1 parameter, 0 given in C:\MAMP\htdocs\login.php on line 31
[25-Dec-2020 04:45:35 UTC] PHP Warning:  mysqli_select_db() expects exactly 2 parameters, 1 given in C:\MAMP\htdocs\login.php on line 17
[25-Dec-2020 04:45:35 UTC] PHP Notice:  Undefined index: username in C:\MAMP\htdocs\login.php on line 22
[25-Dec-2020 04:45:35 UTC] PHP Warning:  mysqli_real_escape_string() expects exactly 2 parameters, 1 given in C:\MAMP\htdocs\login.php on line 22
[25-Dec-2020 04:45:35 UTC] PHP Notice:  Undefined index: password in C:\MAMP\htdocs\login.php on line 23
[25-Dec-2020 04:45:35 UTC] PHP Warning:  mysqli_real_escape_string() expects exactly 2 parameters, 1 given in C:\MAMP\htdocs\login.php on line 23
[25-Dec-2020 04:45:35 UTC] PHP Warning:  mysqli_query() expects at least 2 parameters, 1 given in C:\MAMP\htdocs\login.php on line 31
[25-Dec-2020 04:45:35 UTC] PHP Warning:  mysqli_error() expects exactly 1 parameter, 0 given in C:\MAMP\htdocs\login.php on line 31
[25-Dec-2020 04:46:16 UTC] PHP Parse error:  syntax error, unexpected '""' (T_CONSTANT_ENCAPSED_STRING), expecting ')' in C:\MAMP\htdocs\signup.php on line 33
[25-Dec-2020 04:46:50 UTC] PHP Fatal error:  Uncaught Error: Call to undefined function mysql_connect() in C:\MAMP\htdocs\signup.php:13
Stack trace:
#0 {main}
  thrown in C:\MAMP\htdocs\signup.php on line 13
[25-Dec-2020 04:47:39 UTC] PHP Parse error:  syntax error, unexpected '""' (T_CONSTANT_ENCAPSED_STRING), expecting ')' in C:\MAMP\htdocs\signup.php on line 33
[25-Dec-2020 04:47:54 UTC] PHP Parse error:  syntax error, unexpected 'else' (T_ELSE), expecting end of file in C:\MAMP\htdocs\signup.php on line 35
[25-Dec-2020 04:48:30 UTC] PHP Parse error:  syntax error, unexpected ')' in C:\MAMP\htdocs\signup.php on line 50
[25-Dec-2020 04:48:48 UTC] PHP Parse error:  syntax error, unexpected ')' in C:\MAMP\htdocs\signup.php on line 50
[25-Dec-2020 04:49:41 UTC] PHP Parse error:  syntax error, unexpected ')' in C:\MAMP\htdocs\signup.php on line 50
[25-Dec-2020 04:50:26 UTC] PHP Parse error:  syntax error, unexpected ')' in C:\MAMP\htdocs\signup.php on line 50
[25-Dec-2020 04:52:04 UTC] PHP Warning:  mysqli_select_db() expects exactly 2 parameters, 1 given in C:\MAMP\htdocs\signup.php on line 17
[25-Dec-2020 04:52:04 UTC] PHP Notice:  Undefined index: username in C:\MAMP\htdocs\signup.php on line 23
[25-Dec-2020 04:52:04 UTC] PHP Warning:  mysqli_real_escape_string() expects exactly 2 parameters, 1 given in C:\MAMP\htdocs\signup.php on line 23
[25-Dec-2020 04:52:04 UTC] PHP Notice:  Undefined index: password in C:\MAMP\htdocs\signup.php on line 24
[25-Dec-2020 04:52:04 UTC] PHP Warning:  mysqli_real_escape_string() expects exactly 2 parameters, 1 given in C:\MAMP\htdocs\signup.php on line 24
[25-Dec-2020 04:52:05 UTC] PHP Notice:  Undefined index: email in C:\MAMP\htdocs\signup.php on line 25
[25-Dec-2020 04:52:05 UTC] PHP Warning:  mysqli_real_escape_string() expects exactly 2 parameters, 1 given in C:\MAMP\htdocs\signup.php on line 25
[25-Dec-2020 04:52:05 UTC] PHP Warning:  mysqli_query() expects at least 2 parameters, 1 given in C:\MAMP\htdocs\signup.php on line 33
[25-Dec-2020 04:52:05 UTC] PHP Warning:  mysqli_num_rows() expects parameter 1 to be mysqli_result, null given in C:\MAMP\htdocs\signup.php on line 37
[25-Dec-2020 04:52:05 UTC] PHP Warning:  mysqli_real_escape_string() expects exactly 2 parameters, 1 given in C:\MAMP\htdocs\signup.php on line 46
[25-Dec-2020 04:52:05 UTC] PHP Warning:  mysqli_query() expects at least 2 parameters, 1 given in C:\MAMP\htdocs\signup.php on line 54
[25-Dec-2020 04:52:08 UTC] PHP Warning:  mysqli_select_db() expects exactly 2 parameters, 1 given in C:\MAMP\htdocs\signup.php on line 17
[25-Dec-2020 04:52:08 UTC] PHP Notice:  Undefined index: username in C:\MAMP\htdocs\signup.php on line 23
[25-Dec-2020 04:52:08 UTC] PHP Warning:  mysqli_real_escape_string() expects exactly 2 parameters, 1 given in C:\MAMP\htdocs\signup.php on line 23
[25-Dec-2020 04:52:08 UTC] PHP Notice:  Undefined index: password in C:\MAMP\htdocs\signup.php on line 24
[25-Dec-2020 04:52:08 UTC] PHP Warning:  mysqli_real_escape_string() expects exactly 2 parameters, 1 given in C:\MAMP\htdocs\signup.php on line 24
[25-Dec-2020 04:52:08 UTC] PHP Notice:  Undefined index: email in C:\MAMP\htdocs\signup.php on line 25
[25-Dec-2020 04:52:08 UTC] PHP Warning:  mysqli_real_escape_string() expects exactly 2 parameters, 1 given in C:\MAMP\htdocs\signup.php on line 25
[25-Dec-2020 04:52:08 UTC] PHP Warning:  mysqli_query() expects at least 2 parameters, 1 given in C:\MAMP\htdocs\signup.php on line 33
[25-Dec-2020 04:52:08 UTC] PHP Warning:  mysqli_num_rows() expects parameter 1 to be mysqli_result, null given in C:\MAMP\htdocs\signup.php on line 37
[25-Dec-2020 04:52:08 UTC] PHP Warning:  mysqli_real_escape_string() expects exactly 2 parameters, 1 given in C:\MAMP\htdocs\signup.php on line 46
[25-Dec-2020 04:52:08 UTC] PHP Warning:  mysqli_query() expects at least 2 parameters, 1 given in C:\MAMP\htdocs\signup.php on line 54
[25-Dec-2020 04:55:00 UTC] PHP Warning:  mysqli_select_db() expects exactly 2 parameters, 1 given in C:\MAMP\htdocs\signup.php on line 17
[25-Dec-2020 04:55:00 UTC] PHP Notice:  Undefined index: username in C:\MAMP\htdocs\signup.php on line 23
[25-Dec-2020 04:55:00 UTC] PHP Warning:  mysqli_real_escape_string() expects exactly 2 parameters, 1 given in C:\MAMP\htdocs\signup.php on line 23
[25-Dec-2020 04:55:00 UTC] PHP Notice:  Undefined index: password in C:\MAMP\htdocs\signup.php on line 24
[25-Dec-2020 04:55:00 UTC] PHP Warning:  mysqli_real_escape_string() expects exactly 2 parameters, 1 given in C:\MAMP\htdocs\signup.php on line 24
[25-Dec-2020 04:55:00 UTC] PHP Notice:  Undefined index: email in C:\MAMP\htdocs\signup.php on line 25
[25-Dec-2020 04:55:00 UTC] PHP Warning:  mysqli_real_escape_string() expects exactly 2 parameters, 1 given in C:\MAMP\htdocs\signup.php on line 25
[25-Dec-2020 04:55:00 UTC] PHP Warning:  mysqli_query() expects at least 2 parameters, 1 given in C:\MAMP\htdocs\signup.php on line 33
[25-Dec-2020 04:55:00 UTC] PHP Warning:  mysqli_num_rows() expects parameter 1 to be mysqli_result, null given in C:\MAMP\htdocs\signup.php on line 37
[25-Dec-2020 04:55:00 UTC] PHP Warning:  mysqli_real_escape_string() expects exactly 2 parameters, 1 given in C:\MAMP\htdocs\signup.php on line 46
[25-Dec-2020 04:55:00 UTC] PHP Warning:  mysqli_query() expects at least 2 parameters, 1 given in C:\MAMP\htdocs\signup.php on line 54
[25-Dec-2020 05:20:04 UTC] PHP Warning:  mysqli_select_db() expects exactly 2 parameters, 1 given in C:\MAMP\htdocs\login.php on line 17
[25-Dec-2020 05:20:04 UTC] PHP Notice:  Undefined index: username in C:\MAMP\htdocs\login.php on line 22
[25-Dec-2020 05:20:04 UTC] PHP Warning:  mysqli_real_escape_string() expects exactly 2 parameters, 1 given in C:\MAMP\htdocs\login.php on line 22
[25-Dec-2020 05:20:04 UTC] PHP Notice:  Undefined index: password in C:\MAMP\htdocs\login.php on line 23
[25-Dec-2020 05:20:04 UTC] PHP Warning:  mysqli_real_escape_string() expects exactly 2 parameters, 1 given in C:\MAMP\htdocs\login.php on line 23
[25-Dec-2020 05:20:10 UTC] PHP Warning:  mysqli_select_db() expects exactly 2 parameters, 1 given in C:\MAMP\htdocs\login.php on line 17
[25-Dec-2020 05:20:10 UTC] PHP Notice:  Undefined index: username in C:\MAMP\htdocs\login.php on line 22
[25-Dec-2020 05:20:10 UTC] PHP Warning:  mysqli_real_escape_string() expects exactly 2 parameters, 1 given in C:\MAMP\htdocs\login.php on line 22
[25-Dec-2020 05:20:10 UTC] PHP Notice:  Undefined index: password in C:\MAMP\htdocs\login.php on line 23
[25-Dec-2020 05:20:10 UTC] PHP Warning:  mysqli_real_escape_string() expects exactly 2 parameters, 1 given in C:\MAMP\htdocs\login.php on line 23
[25-Dec-2020 05:23:06 UTC] PHP Warning:  mysqli_select_db() expects exactly 2 parameters, 1 given in C:\MAMP\htdocs\login.php on line 17
[25-Dec-2020 05:23:06 UTC] PHP Notice:  Undefined index: username in C:\MAMP\htdocs\login.php on line 22
[25-Dec-2020 05:23:06 UTC] PHP Warning:  mysqli_real_escape_string() expects exactly 2 parameters, 1 given in C:\MAMP\htdocs\login.php on line 22
[25-Dec-2020 05:23:06 UTC] PHP Notice:  Undefined index: password in C:\MAMP\htdocs\login.php on line 23
[25-Dec-2020 05:23:06 UTC] PHP Warning:  mysqli_real_escape_string() expects exactly 2 parameters, 1 given in C:\MAMP\htdocs\login.php on line 23
[25-Dec-2020 05:23:12 UTC] PHP Warning:  mysqli_select_db() expects exactly 2 parameters, 1 given in C:\MAMP\htdocs\signup.php on line 17
[25-Dec-2020 05:23:12 UTC] PHP Notice:  Undefined index: username in C:\MAMP\htdocs\signup.php on line 23
[25-Dec-2020 05:23:12 UTC] PHP Warning:  mysqli_real_escape_string() expects exactly 2 parameters, 1 given in C:\MAMP\htdocs\signup.php on line 23
[25-Dec-2020 05:23:12 UTC] PHP Notice:  Undefined index: password in C:\MAMP\htdocs\signup.php on line 24
[25-Dec-2020 05:23:12 UTC] PHP Warning:  mysqli_real_escape_string() expects exactly 2 parameters, 1 given in C:\MAMP\htdocs\signup.php on line 24
[25-Dec-2020 05:23:12 UTC] PHP Notice:  Undefined index: email in C:\MAMP\htdocs\signup.php on line 25
[25-Dec-2020 05:23:12 UTC] PHP Warning:  mysqli_real_escape_string() expects exactly 2 parameters, 1 given in C:\MAMP\htdocs\signup.php on line 25
[25-Dec-2020 05:23:12 UTC] PHP Warning:  mysqli_query() expects at least 2 parameters, 1 given in C:\MAMP\htdocs\signup.php on line 33
[25-Dec-2020 05:23:12 UTC] PHP Warning:  mysqli_num_rows() expects parameter 1 to be mysqli_result, null given in C:\MAMP\htdocs\signup.php on line 37
[25-Dec-2020 05:23:12 UTC] PHP Warning:  mysqli_real_escape_string() expects exactly 2 parameters, 1 given in C:\MAMP\htdocs\signup.php on line 46
[25-Dec-2020 05:23:12 UTC] PHP Warning:  mysqli_query() expects at least 2 parameters, 1 given in C:\MAMP\htdocs\signup.php on line 54
[25-Dec-2020 05:27:13 UTC] PHP Warning:  mysqli_select_db() expects exactly 2 parameters, 1 given in C:\MAMP\htdocs\signup.php on line 17
[25-Dec-2020 05:27:13 UTC] PHP Warning:  mysqli_real_escape_string() expects exactly 2 parameters, 1 given in C:\MAMP\htdocs\signup.php on line 23
[25-Dec-2020 05:27:13 UTC] PHP Warning:  mysqli_real_escape_string() expects exactly 2 parameters, 1 given in C:\MAMP\htdocs\signup.php on line 24
[25-Dec-2020 05:27:13 UTC] PHP Warning:  mysqli_real_escape_string() expects exactly 2 parameters, 1 given in C:\MAMP\htdocs\signup.php on line 25
[25-Dec-2020 05:27:13 UTC] PHP Warning:  mysqli_query() expects at least 2 parameters, 1 given in C:\MAMP\htdocs\signup.php on line 33
[25-Dec-2020 05:27:13 UTC] PHP Warning:  mysqli_num_rows() expects parameter 1 to be mysqli_result, null given in C:\MAMP\htdocs\signup.php on line 37
[25-Dec-2020 05:27:13 UTC] PHP Warning:  mysqli_real_escape_string() expects exactly 2 parameters, 1 given in C:\MAMP\htdocs\signup.php on line 46
[25-Dec-2020 05:27:13 UTC] PHP Warning:  mysqli_query() expects at least 2 parameters, 1 given in C:\MAMP\htdocs\signup.php on line 54
[25-Dec-2020 05:32:52 UTC] PHP Warning:  mysqli_select_db() expects exactly 2 parameters, 1 given in C:\MAMP\htdocs\signup.php on line 17
[25-Dec-2020 05:32:52 UTC] PHP Warning:  mysqli_real_escape_string() expects exactly 2 parameters, 1 given in C:\MAMP\htdocs\signup.php on line 23
[25-Dec-2020 05:32:52 UTC] PHP Warning:  mysqli_real_escape_string() expects exactly 2 parameters, 1 given in C:\MAMP\htdocs\signup.php on line 24
[25-Dec-2020 05:32:52 UTC] PHP Warning:  mysqli_real_escape_string() expects exactly 2 parameters, 1 given in C:\MAMP\htdocs\signup.php on line 25
[25-Dec-2020 05:32:52 UTC] PHP Warning:  mysqli_query() expects at least 2 parameters, 1 given in C:\MAMP\htdocs\signup.php on line 33
[25-Dec-2020 05:32:52 UTC] PHP Warning:  mysqli_num_rows() expects parameter 1 to be mysqli_result, null given in C:\MAMP\htdocs\signup.php on line 37
[25-Dec-2020 05:32:53 UTC] PHP Warning:  mysqli_real_escape_string() expects exactly 2 parameters, 1 given in C:\MAMP\htdocs\signup.php on line 46
[25-Dec-2020 05:32:53 UTC] PHP Warning:  mysqli_query() expects at least 2 parameters, 1 given in C:\MAMP\htdocs\signup.php on line 54
[25-Dec-2020 05:36:39 UTC] PHP Warning:  mysqli_select_db() expects exactly 2 parameters, 1 given in C:\MAMP\htdocs\signup.php on line 17
[25-Dec-2020 05:36:39 UTC] PHP Warning:  mysqli_real_escape_string() expects exactly 2 parameters, 1 given in C:\MAMP\htdocs\signup.php on line 23
[25-Dec-2020 05:36:39 UTC] PHP Warning:  mysqli_real_escape_string() expects exactly 2 parameters, 1 given in C:\MAMP\htdocs\signup.php on line 24
[25-Dec-2020 05:36:39 UTC] PHP Warning:  mysqli_real_escape_string() expects exactly 2 parameters, 1 given in C:\MAMP\htdocs\signup.php on line 25
[25-Dec-2020 05:36:39 UTC] PHP Warning:  mysqli_query() expects at least 2 parameters, 1 given in C:\MAMP\htdocs\signup.php on line 33
[25-Dec-2020 05:36:39 UTC] PHP Warning:  mysqli_num_rows() expects parameter 1 to be mysqli_result, null given in C:\MAMP\htdocs\signup.php on line 37
[25-Dec-2020 05:36:39 UTC] PHP Warning:  mysqli_real_escape_string() expects exactly 2 parameters, 1 given in C:\MAMP\htdocs\signup.php on line 46
[25-Dec-2020 05:38:39 UTC] PHP Warning:  mysqli_select_db() expects exactly 2 parameters, 1 given in C:\MAMP\htdocs\signup.php on line 17
[25-Dec-2020 05:38:39 UTC] PHP Warning:  mysqli_real_escape_string() expects exactly 2 parameters, 1 given in C:\MAMP\htdocs\signup.php on line 23
[25-Dec-2020 05:38:39 UTC] PHP Warning:  mysqli_real_escape_string() expects exactly 2 parameters, 1 given in C:\MAMP\htdocs\signup.php on line 24
[25-Dec-2020 05:38:39 UTC] PHP Warning:  mysqli_real_escape_string() expects exactly 2 parameters, 1 given in C:\MAMP\htdocs\signup.php on line 25
[25-Dec-2020 05:38:39 UTC] PHP Warning:  mysqli_query() expects at least 2 parameters, 1 given in C:\MAMP\htdocs\signup.php on line 33
[25-Dec-2020 05:38:39 UTC] PHP Warning:  mysqli_num_rows() expects parameter 1 to be mysqli_result, null given in C:\MAMP\htdocs\signup.php on line 37
[25-Dec-2020 05:38:39 UTC] PHP Warning:  mysqli_real_escape_string() expects exactly 2 parameters, 1 given in C:\MAMP\htdocs\signup.php on line 46
[25-Dec-2020 05:43:42 UTC] PHP Notice:  Undefined index: username in C:\MAMP\htdocs\signup.php on line 23
[25-Dec-2020 05:43:42 UTC] PHP Notice:  Undefined index: password in C:\MAMP\htdocs\signup.php on line 24
[25-Dec-2020 05:43:42 UTC] PHP Notice:  Undefined index: email in C:\MAMP\htdocs\signup.php on line 25
[25-Dec-2020 05:50:08 UTC] PHP Notice:  Undefined variable: conection in C:\MAMP\htdocs\login.php on line 22
[25-Dec-2020 05:50:08 UTC] PHP Notice:  Undefined index: username in C:\MAMP\htdocs\login.php on line 22
[25-Dec-2020 05:50:08 UTC] PHP Warning:  mysqli_real_escape_string() expects parameter 1 to be mysqli, null given in C:\MAMP\htdocs\login.php on line 22
[25-Dec-2020 05:50:08 UTC] PHP Notice:  Undefined index: password in C:\MAMP\htdocs\login.php on line 23
[25-Dec-2020 05:59:14 UTC] PHP Notice:  Undefined variable: conection in C:\MAMP\htdocs\login.php on line 22
[25-Dec-2020 05:59:14 UTC] PHP Warning:  mysqli_real_escape_string() expects parameter 1 to be mysqli, null given in C:\MAMP\htdocs\login.php on line 22
[25-Dec-2020 05:59:20 UTC] PHP Notice:  Undefined variable: conection in C:\MAMP\htdocs\login.php on line 22
[25-Dec-2020 05:59:20 UTC] PHP Warning:  mysqli_real_escape_string() expects parameter 1 to be mysqli, null given in C:\MAMP\htdocs\login.php on line 22
[25-Dec-2020 05:59:24 UTC] PHP Notice:  Undefined variable: conection in C:\MAMP\htdocs\login.php on line 22
[25-Dec-2020 05:59:24 UTC] PHP Warning:  mysqli_real_escape_string() expects parameter 1 to be mysqli, null given in C:\MAMP\htdocs\login.php on line 22
[25-Dec-2020 05:59:38 UTC] PHP Notice:  Undefined variable: conection in C:\MAMP\htdocs\login.php on line 22
[25-Dec-2020 05:59:38 UTC] PHP Warning:  mysqli_real_escape_string() expects parameter 1 to be mysqli, null given in C:\MAMP\htdocs\login.php on line 22
[25-Dec-2020 06:03:00 UTC] PHP Notice:  Undefined variable: conection in C:\MAMP\htdocs\login.php on line 22
[25-Dec-2020 06:03:00 UTC] PHP Warning:  mysqli_real_escape_string() expects parameter 1 to be mysqli, null given in C:\MAMP\htdocs\login.php on line 22
[25-Dec-2020 06:03:07 UTC] PHP Notice:  Undefined variable: conection in C:\MAMP\htdocs\login.php on line 22
[25-Dec-2020 06:03:07 UTC] PHP Warning:  mysqli_real_escape_string() expects parameter 1 to be mysqli, null given in C:\MAMP\htdocs\login.php on line 22
[25-Dec-2020 06:05:27 UTC] PHP Notice:  Undefined variable: conection in C:\MAMP\htdocs\login.php on line 22
[25-Dec-2020 06:05:27 UTC] PHP Warning:  mysqli_real_escape_string() expects parameter 1 to be mysqli, null given in C:\MAMP\htdocs\login.php on line 22
[25-Dec-2020 06:10:24 UTC] PHP Notice:  Undefined variable: conection in C:\MAMP\htdocs\login.php on line 22
[25-Dec-2020 06:10:24 UTC] PHP Warning:  mysqli_real_escape_string() expects parameter 1 to be mysqli, null given in C:\MAMP\htdocs\login.php on line 22
[25-Dec-2020 06:10:30 UTC] PHP Notice:  Undefined variable: conection in C:\MAMP\htdocs\login.php on line 22
[25-Dec-2020 06:10:30 UTC] PHP Warning:  mysqli_real_escape_string() expects parameter 1 to be mysqli, null given in C:\MAMP\htdocs\login.php on line 22
[25-Dec-2020 06:11:37 UTC] PHP Notice:  Undefined variable: conection in C:\MAMP\htdocs\login.php on line 22
[25-Dec-2020 06:11:37 UTC] PHP Notice:  Undefined index: username in C:\MAMP\htdocs\login.php on line 22
[25-Dec-2020 06:11:37 UTC] PHP Warning:  mysqli_real_escape_string() expects parameter 1 to be mysqli, null given in C:\MAMP\htdocs\login.php on line 22
[25-Dec-2020 06:11:37 UTC] PHP Notice:  Undefined index: password in C:\MAMP\htdocs\login.php on line 23
[25-Dec-2020 06:11:40 UTC] PHP Notice:  Undefined variable: conection in C:\MAMP\htdocs\login.php on line 22
[25-Dec-2020 06:11:40 UTC] PHP Notice:  Undefined index: username in C:\MAMP\htdocs\login.php on line 22
[25-Dec-2020 06:11:40 UTC] PHP Warning:  mysqli_real_escape_string() expects parameter 1 to be mysqli, null given in C:\MAMP\htdocs\login.php on line 22
[25-Dec-2020 06:11:40 UTC] PHP Notice:  Undefined index: password in C:\MAMP\htdocs\login.php on line 23
[25-Dec-2020 06:15:39 UTC] PHP Notice:  Undefined variable: conection in C:\MAMP\htdocs\login.php on line 22
[25-Dec-2020 06:15:39 UTC] PHP Notice:  Undefined index: username in C:\MAMP\htdocs\login.php on line 22
[25-Dec-2020 06:15:39 UTC] PHP Warning:  mysqli_real_escape_string() expects parameter 1 to be mysqli, null given in C:\MAMP\htdocs\login.php on line 22
[25-Dec-2020 06:15:39 UTC] PHP Notice:  Undefined index: password in C:\MAMP\htdocs\login.php on line 23
[25-Dec-2020 06:16:02 UTC] PHP Notice:  Undefined variable: conection in C:\MAMP\htdocs\login.php on line 22
[25-Dec-2020 06:16:02 UTC] PHP Warning:  mysqli_real_escape_string() expects parameter 1 to be mysqli, null given in C:\MAMP\htdocs\login.php on line 22
[25-Dec-2020 06:24:54 UTC] PHP Notice:  Undefined variable: conection in C:\MAMP\htdocs\login.php on line 22
[25-Dec-2020 06:24:54 UTC] PHP Warning:  mysqli_real_escape_string() expects parameter 1 to be mysqli, null given in C:\MAMP\htdocs\login.php on line 22
[25-Dec-2020 06:25:02 UTC] PHP Notice:  Undefined variable: conection in C:\MAMP\htdocs\login.php on line 22
[25-Dec-2020 06:25:02 UTC] PHP Warning:  mysqli_real_escape_string() expects parameter 1 to be mysqli, null given in C:\MAMP\htdocs\login.php on line 22
[25-Dec-2020 06:29:23 UTC] PHP Notice:  Undefined variable: conection in C:\MAMP\htdocs\login.php on line 22
[25-Dec-2020 06:29:23 UTC] PHP Notice:  Undefined index: username in C:\MAMP\htdocs\login.php on line 22
[25-Dec-2020 06:29:23 UTC] PHP Warning:  mysqli_real_escape_string() expects parameter 1 to be mysqli, null given in C:\MAMP\htdocs\login.php on line 22
[25-Dec-2020 06:29:23 UTC] PHP Notice:  Undefined index: password in C:\MAMP\htdocs\login.php on line 23
[25-Dec-2020 06:29:23 UTC] PHP Notice:  Trying to access array offset on value of type null in C:\MAMP\htdocs\login.php on line 28
[25-Dec-2020 06:29:41 UTC] PHP Notice:  Undefined variable: conection in C:\MAMP\htdocs\login.php on line 22
[25-Dec-2020 06:29:41 UTC] PHP Warning:  mysqli_real_escape_string() expects parameter 1 to be mysqli, null given in C:\MAMP\htdocs\login.php on line 22
[25-Dec-2020 06:29:41 UTC] PHP Notice:  Trying to access array offset on value of type null in C:\MAMP\htdocs\login.php on line 28
[25-Dec-2020 06:32:50 UTC] PHP Notice:  Undefined variable: conection in C:\MAMP\htdocs\login.php on line 22
[25-Dec-2020 06:32:50 UTC] PHP Notice:  Undefined index: username in C:\MAMP\htdocs\login.php on line 22
[25-Dec-2020 06:32:50 UTC] PHP Warning:  mysqli_real_escape_string() expects parameter 1 to be mysqli, null given in C:\MAMP\htdocs\login.php on line 22
[25-Dec-2020 06:32:50 UTC] PHP Notice:  Undefined index: password in C:\MAMP\htdocs\login.php on line 23
[25-Dec-2020 06:32:50 UTC] PHP Notice:  Trying to access array offset on value of type null in C:\MAMP\htdocs\login.php on line 28
[25-Dec-2020 06:33:09 UTC] PHP Notice:  Undefined variable: conection in C:\MAMP\htdocs\login.php on line 22
[25-Dec-2020 06:33:09 UTC] PHP Warning:  mysqli_real_escape_string() expects parameter 1 to be mysqli, null given in C:\MAMP\htdocs\login.php on line 22
[25-Dec-2020 06:33:09 UTC] PHP Notice:  Trying to access array offset on value of type null in C:\MAMP\htdocs\login.php on line 28
[25-Dec-2020 06:39:54 UTC] PHP Parse error:  syntax error, unexpected end of file, expecting variable (T_VARIABLE) or ${ (T_DOLLAR_OPEN_CURLY_BRACES) or {$ (T_CURLY_OPEN) in C:\MAMP\htdocs\login.php on line 52
[25-Dec-2020 06:41:53 UTC] PHP Notice:  Undefined variable: conection in C:\MAMP\htdocs\login.php on line 22
[25-Dec-2020 06:41:53 UTC] PHP Notice:  Undefined index: username in C:\MAMP\htdocs\login.php on line 22
[25-Dec-2020 06:41:53 UTC] PHP Warning:  mysqli_real_escape_string() expects parameter 1 to be mysqli, null given in C:\MAMP\htdocs\login.php on line 22
[25-Dec-2020 06:41:53 UTC] PHP Notice:  Undefined index: password in C:\MAMP\htdocs\login.php on line 23
[25-Dec-2020 06:42:16 UTC] PHP Notice:  Undefined variable: conection in C:\MAMP\htdocs\login.php on line 22
[25-Dec-2020 06:42:16 UTC] PHP Warning:  mysqli_real_escape_string() expects parameter 1 to be mysqli, null given in C:\MAMP\htdocs\login.php on line 22
[26-Dec-2020 01:20:31 UTC] PHP Warning:  mysqli_connect(): (HY000/2002): No connection could be made because the target machine actively refused it.
 in C:\MAMP\htdocs\signup.php on line 13
[26-Dec-2020 01:20:38 UTC] PHP Warning:  mysqli_connect(): (HY000/2002): No connection could be made because the target machine actively refused it.
 in C:\MAMP\htdocs\login.php on line 13
[26-Dec-2020 01:22:14 UTC] PHP Notice:  Undefined index: username in C:\MAMP\htdocs\login.php on line 22
[26-Dec-2020 01:22:14 UTC] PHP Notice:  Undefined index: password in C:\MAMP\htdocs\login.php on line 23
[26-Dec-2020 02:36:33 UTC] PHP Notice:  Undefined index: username in C:\MAMP\htdocs\login.php on line 22
[26-Dec-2020 02:36:33 UTC] PHP Notice:  Undefined index: password in C:\MAMP\htdocs\login.php on line 23
[26-Dec-2020 02:50:29 UTC] PHP Fatal error:  Uncaught Error: Call to undefined function mysqli_select() in C:\MAMP\htdocs\keygenerator.php:10
Stack trace:
#0 {main}
  thrown in C:\MAMP\htdocs\keygenerator.php on line 10
[26-Dec-2020 02:51:07 UTC] PHP Fatal error:  Uncaught Error: Call to undefined function mysqli_select() in C:\MAMP\htdocs\keygenerator.php:10
Stack trace:
#0 {main}
  thrown in C:\MAMP\htdocs\keygenerator.php on line 10
[26-Dec-2020 02:51:18 UTC] PHP Notice:  Undefined variable: connection in C:\MAMP\htdocs\keygenerator.php on line 10
[26-Dec-2020 02:51:18 UTC] PHP Warning:  mysqli_close() expects parameter 1 to be mysqli, null given in C:\MAMP\htdocs\keygenerator.php on line 10
[26-Dec-2020 02:51:30 UTC] PHP Fatal error:  Uncaught Error: Call to undefined function mysqli_select() in C:\MAMP\htdocs\keygenerator.php:10
Stack trace:
#0 {main}
  thrown in C:\MAMP\htdocs\keygenerator.php on line 10
[26-Dec-2020 02:52:10 UTC] PHP Notice:  Undefined index: key in C:\MAMP\htdocs\keygenerator.php on line 12
[26-Dec-2020 02:52:39 UTC] PHP Notice:  Undefined index: key in C:\MAMP\htdocs\keygenerator.php on line 12
[26-Dec-2020 04:13:46 UTC] PHP Notice:  Undefined index: key in C:\MAMP\htdocs\checkkey.php on line 12
[26-Dec-2020 04:13:46 UTC] PHP Notice:  Undefined index: username in C:\MAMP\htdocs\checkkey.php on line 13
[26-Dec-2020 05:30:03 UTC] PHP Notice:  Undefined index: key in C:\MAMP\htdocs\checkkey.php on line 12
[26-Dec-2020 05:30:19 UTC] PHP Notice:  Undefined index: key in C:\MAMP\htdocs\checkkey.php on line 12
[26-Dec-2020 05:30:19 UTC] PHP Notice:  Undefined index: username in C:\MAMP\htdocs\checkkey.php on line 13
[26-Dec-2020 05:34:22 UTC] PHP Notice:  Undefined index: key in C:\MAMP\htdocs\checkkey.php on line 12
[26-Dec-2020 05:35:30 UTC] PHP Notice:  Undefined index: key in C:\MAMP\htdocs\checkkey.php on line 12
[26-Dec-2020 05:36:07 UTC] PHP Notice:  Undefined index: key in C:\MAMP\htdocs\checkkey.php on line 12
[27-Dec-2020 13:32:06 UTC] PHP Fatal error:  Maximum execution time of 30 seconds exceeded in C:\MAMP\bin\phpMyAdmin\libraries\classes\Twig\StorageEngineExtension.php on line 36
[27-Dec-2020 14:13:48 UTC] PHP Notice:  Undefined variable: pin in C:\MAMP\htdocs\signup.php on line 51
[29-Dec-2020 01:08:49 UTC] PHP Notice:  Undefined index: key in C:\MAMP\htdocs\checkkey.php on line 13
[29-Dec-2020 01:08:49 UTC] PHP Notice:  Undefined index: username in C:\MAMP\htdocs\checkkey.php on line 14
[29-Dec-2020 01:08:49 UTC] PHP Notice:  Undefined index: password in C:\MAMP\htdocs\checkkey.php on line 15
[29-Dec-2020 01:08:49 UTC] PHP Notice:  Undefined index: email in C:\MAMP\htdocs\checkkey.php on line 16
[29-Dec-2020 18:07:08 UTC] PHP Warning:  mysqli_error() expects exactly 1 parameter, 0 given in C:\MAMP\htdocs\login.php on line 31
[29-Dec-2020 18:07:43 UTC] PHP Warning:  mysqli_error() expects exactly 1 parameter, 0 given in C:\MAMP\htdocs\login.php on line 31
[29-Dec-2020 18:46:20 UTC] PHP Warning:  mysqli_error() expects exactly 1 parameter, 0 given in C:\MAMP\htdocs\login.php on line 31
[29-Dec-2020 18:46:40 UTC] PHP Warning:  mysqli_error() expects exactly 1 parameter, 0 given in C:\MAMP\htdocs\login.php on line 31
[29-Dec-2020 18:46:55 UTC] PHP Warning:  mysqli_error() expects exactly 1 parameter, 0 given in C:\MAMP\htdocs\login.php on line 31
[29-Dec-2020 18:47:12 UTC] PHP Warning:  mysqli_error() expects exactly 1 parameter, 0 given in C:\MAMP\htdocs\login.php on line 31
[29-Dec-2020 18:58:58 UTC] PHP Warning:  mysqli_error() expects exactly 1 parameter, 0 given in C:\MAMP\htdocs\login.php on line 31
[29-Dec-2020 19:01:21 UTC] PHP Warning:  mysqli_error() expects exactly 1 parameter, 0 given in C:\MAMP\htdocs\login.php on line 31
[29-Dec-2020 19:02:02 UTC] PHP Warning:  mysqli_error() expects exactly 1 parameter, 0 given in C:\MAMP\htdocs\login.php on line 31
[29-Dec-2020 19:06:14 UTC] PHP Parse error:  syntax error, unexpected 'while' (T_WHILE) in C:\MAMP\htdocs\login.php on line 34
[29-Dec-2020 19:07:11 UTC] PHP Warning:  mysqli_error() expects exactly 1 parameter, 0 given in C:\MAMP\htdocs\login.php on line 31
[29-Dec-2020 19:17:33 UTC] PHP Warning:  mysqli_error() expects exactly 1 parameter, 0 given in C:\MAMP\htdocs\login.php on line 31
[29-Dec-2020 19:20:43 UTC] PHP Warning:  mysqli_error() expects exactly 1 parameter, 0 given in C:\MAMP\htdocs\login.php on line 31
[29-Dec-2020 19:22:15 UTC] PHP Warning:  mysqli_error() expects exactly 1 parameter, 0 given in C:\MAMP\htdocs\login.php on line 31
[29-Dec-2020 19:27:48 UTC] PHP Warning:  mysqli_error() expects exactly 1 parameter, 0 given in C:\MAMP\htdocs\login.php on line 31
[29-Dec-2020 19:28:15 UTC] PHP Warning:  mysqli_error() expects exactly 1 parameter, 0 given in C:\MAMP\htdocs\login.php on line 31
[14-Jan-2021 00:35:35 UTC] PHP Warning:  mysqli_connect(): (HY000/2002): No connection could be made because the target machine actively refused it.
 in C:\MAMP\htdocs\login.php on line 13
[14-Jan-2021 00:40:55 UTC] PHP Warning:  mysqli_connect(): (HY000/2002): No connection could be made because the target machine actively refused it.
 in C:\MAMP\htdocs\login.php on line 13
[14-Jan-2021 01:07:46 UTC] PHP Warning:  mysqli_connect(): (HY000/2002): No connection could be made because the target machine actively refused it.
 in C:\MAMP\htdocs\login.php on line 13
[14-Jan-2021 01:28:06 UTC] PHP Warning:  mysqli_connect(): (HY000/2002): No connection could be made because the target machine actively refused it.
 in C:\MAMP\htdocs\login.php on line 13
[14-Jan-2021 01:39:51 UTC] PHP Warning:  mysqli_connect(): (HY000/2002): No connection could be made because the target machine actively refused it.
 in C:\MAMP\htdocs\login.php on line 13
[14-Jan-2021 01:40:03 UTC] PHP Warning:  mysqli_connect(): (HY000/2002): No connection could be made because the target machine actively refused it.
 in C:\MAMP\htdocs\login.php on line 13
[14-Jan-2021 01:41:05 UTC] PHP Warning:  mysqli_connect(): (HY000/2002): No connection could be made because the target machine actively refused it.
 in C:\MAMP\htdocs\login.php on line 13
[14-Jan-2021 01:41:21 UTC] PHP Warning:  mysqli_connect(): (HY000/2002): No connection could be made because the target machine actively refused it.
 in C:\MAMP\htdocs\login.php on line 13
[14-Jan-2021 01:42:08 UTC] PHP Warning:  mysqli_connect(): (HY000/2002): No connection could be made because the target machine actively refused it.
 in C:\MAMP\htdocs\login.php on line 13
[14-Jan-2021 01:42:54 UTC] PHP Warning:  mysqli_connect(): (HY000/2002): No connection could be made because the target machine actively refused it.
 in C:\MAMP\htdocs\login.php on line 13
[14-Jan-2021 02:05:04 UTC] PHP Warning:  mysqli_connect(): (HY000/2002): No connection could be made because the target machine actively refused it.
 in C:\MAMP\htdocs\login.php on line 13
[14-Jan-2021 02:07:31 UTC] PHP Warning:  mysqli_connect(): (HY000/2002): No connection could be made because the target machine actively refused it.
 in C:\MAMP\htdocs\login.php on line 13
[14-Jan-2021 02:12:55 UTC] PHP Warning:  mysqli_connect(): (HY000/2002): No connection could be made because the target machine actively refused it.
 in C:\MAMP\htdocs\login.php on line 13
[14-Jan-2021 02:15:42 UTC] PHP Warning:  mysqli_connect(): (HY000/2002): No connection could be made because the target machine actively refused it.
 in C:\MAMP\htdocs\login.php on line 13
[14-Jan-2021 02:18:56 UTC] PHP Warning:  mysqli_connect(): (HY000/2002): No connection could be made because the target machine actively refused it.
 in C:\MAMP\htdocs\login.php on line 13
[14-Jan-2021 02:21:38 UTC] PHP Warning:  mysqli_connect(): (HY000/2002): No connection could be made because the target machine actively refused it.
 in C:\MAMP\htdocs\login.php on line 13
[14-Jan-2021 02:25:41 UTC] PHP Warning:  mysqli_connect(): (HY000/2002): No connection could be made because the target machine actively refused it.
 in C:\MAMP\htdocs\login.php on line 13
[14-Jan-2021 02:29:06 UTC] PHP Warning:  mysqli_connect(): (HY000/2002): No connection could be made because the target machine actively refused it.
 in C:\MAMP\htdocs\login.php on line 13
[14-Jan-2021 02:33:52 UTC] PHP Notice:  Undefined index: username in C:\MAMP\htdocs\login.php on line 22
[14-Jan-2021 02:33:53 UTC] PHP Notice:  Undefined index: password in C:\MAMP\htdocs\login.php on line 23
[14-Jan-2021 02:33:55 UTC] PHP Notice:  Undefined index: username in C:\MAMP\htdocs\login.php on line 22
[14-Jan-2021 02:33:55 UTC] PHP Notice:  Undefined index: password in C:\MAMP\htdocs\login.php on line 23
[21-Jan-2021 16:19:37 UTC] PHP Warning:  mysqli_connect(): (HY000/2002): No connection could be made because the target machine actively refused it.
 in C:\MAMP\htdocs\login.php on line 13
[21-Jan-2021 16:19:44 UTC] PHP Warning:  mysqli_connect(): (HY000/2002): No connection could be made because the target machine actively refused it.
 in C:\MAMP\htdocs\login.php on line 13
[21-Jan-2021 16:19:52 UTC] PHP Warning:  mysqli_connect(): (HY000/2002): No connection could be made because the target machine actively refused it.
 in C:\MAMP\htdocs\login.php on line 13
[21-Jan-2021 16:19:59 UTC] PHP Warning:  mysqli_connect(): (HY000/2002): No connection could be made because the target machine actively refused it.
 in C:\MAMP\htdocs\login.php on line 13
[22-Feb-2021 15:56:15 UTC] PHP Notice:  Undefined index: username in C:\MAMP\htdocs\login.php on line 22
[22-Feb-2021 15:56:15 UTC] PHP Notice:  Undefined index: password in C:\MAMP\htdocs\login.php on line 23
[22-Feb-2021 15:56:23 UTC] PHP Notice:  Undefined index: key in C:\MAMP\htdocs\keygenerator.php on line 12
[04-Apr-2021 06:03:38 UTC] PHP Notice:  Undefined index: username in C:\MAMP\htdocs\login.php on line 22
[04-Apr-2021 06:03:38 UTC] PHP Notice:  Undefined index: password in C:\MAMP\htdocs\login.php on line 23
[04-Apr-2021 22:14:01 UTC] PHP Fatal error:  Maximum execution time of 30 seconds exceeded in C:\MAMP\bin\phpMyAdmin\vendor\twig\twig\src\Loader\FilesystemLoader.php on line 105
[02-May-2021 22:35:29 UTC] PHP Notice:  Undefined index: key in C:\MAMP\htdocs\checkkey.php on line 13
[02-May-2021 22:35:29 UTC] PHP Notice:  Undefined index: username in C:\MAMP\htdocs\checkkey.php on line 14
[02-May-2021 22:35:29 UTC] PHP Notice:  Undefined index: password in C:\MAMP\htdocs\checkkey.php on line 15
[02-May-2021 22:35:29 UTC] PHP Notice:  Undefined index: email in C:\MAMP\htdocs\checkkey.php on line 16
[08-Jun-2021 04:47:17 UTC] PHP Fatal error:  Maximum execution time of 30 seconds exceeded in C:\MAMP\bin\phpMyAdmin\vendor\composer\ClassLoader.php on line 384
